Running: C:\Xilinx\14.4\ISE_DS\ISE\bin\nt64\unwrapped\fuse.exe -incremental work.system_tb work.glbl -prj system.prj -L xilinxcorelib_ver -L secureip -L unisims_ver -L unimacro_ver -o isim_system.exe 
ISim P.49d (signature 0x7708f090)
Number of CPUs detected in this system: 2
Turning on mult-threading, number of parallel sub-compilation jobs: 4 
Parsing VHDL file "C:/Xilinx/14.4/ISE_DS/EDK/hw/XilinxProcessorIPLib/pcores/proc_sys_reset_v3_00_a/hdl/vhdl/upcnt_n.vhd" into library proc_sys_reset_v3_00_a
Parsing VHDL file "C:/Xilinx/14.4/ISE_DS/EDK/hw/XilinxProcessorIPLib/pcores/proc_sys_reset_v3_00_a/hdl/vhdl/lpf.vhd" into library proc_sys_reset_v3_00_a
Parsing VHDL file "C:/Xilinx/14.4/ISE_DS/EDK/hw/XilinxProcessorIPLib/pcores/proc_sys_reset_v3_00_a/hdl/vhdl/sequence.vhd" into library proc_sys_reset_v3_00_a
Parsing VHDL file "C:/Xilinx/14.4/ISE_DS/EDK/hw/XilinxProcessorIPLib/pcores/proc_sys_reset_v3_00_a/hdl/vhdl/proc_sys_reset.vhd" into library proc_sys_reset_v3_00_a
Parsing VHDL file "C:/Xilinx/14.4/ISE_DS/EDK/hw/XilinxProcessorIPLib/pcores/proc_common_v3_00_a/hdl/vhdl/family.vhd" into library proc_common_v3_00_a
Parsing VHDL file "C:/Xilinx/14.4/ISE_DS/EDK/hw/XilinxProcessorIPLib/pcores/proc_common_v3_00_a/hdl/vhdl/family_support.vhd" into library proc_common_v3_00_a
Parsing VHDL file "C:/Xilinx/14.4/ISE_DS/EDK/hw/XilinxProcessorIPLib/pcores/proc_common_v3_00_a/hdl/vhdl/coregen_comp_defs.vhd" into library proc_common_v3_00_a
Parsing VHDL file "C:/Xilinx/14.4/ISE_DS/EDK/hw/XilinxProcessorIPLib/pcores/proc_common_v3_00_a/hdl/vhdl/common_types_pkg.vhd" into library proc_common_v3_00_a
Parsing VHDL file "C:/Xilinx/14.4/ISE_DS/EDK/hw/XilinxProcessorIPLib/pcores/proc_common_v3_00_a/hdl/vhdl/proc_common_pkg.vhd" into library proc_common_v3_00_a
Parsing VHDL file "C:/Xilinx/14.4/ISE_DS/EDK/hw/XilinxProcessorIPLib/pcores/proc_common_v3_00_a/hdl/vhdl/conv_funs_pkg.vhd" into library proc_common_v3_00_a
Parsing VHDL file "C:/Xilinx/14.4/ISE_DS/EDK/hw/XilinxProcessorIPLib/pcores/proc_common_v3_00_a/hdl/vhdl/ipif_pkg.vhd" into library proc_common_v3_00_a
Parsing VHDL file "C:/Xilinx/14.4/ISE_DS/EDK/hw/XilinxProcessorIPLib/pcores/proc_common_v3_00_a/hdl/vhdl/async_fifo_fg.vhd" into library proc_common_v3_00_a
Parsing VHDL file "C:/Xilinx/14.4/ISE_DS/EDK/hw/XilinxProcessorIPLib/pcores/proc_common_v3_00_a/hdl/vhdl/sync_fifo_fg.vhd" into library proc_common_v3_00_a
Parsing VHDL file "C:/Xilinx/14.4/ISE_DS/EDK/hw/XilinxProcessorIPLib/pcores/proc_common_v3_00_a/hdl/vhdl/basic_sfifo_fg.vhd" into library proc_common_v3_00_a
Parsing VHDL file "C:/Xilinx/14.4/ISE_DS/EDK/hw/XilinxProcessorIPLib/pcores/proc_common_v3_00_a/hdl/vhdl/blk_mem_gen_wrapper.vhd" into library proc_common_v3_00_a
Parsing VHDL file "C:/Xilinx/14.4/ISE_DS/EDK/hw/XilinxProcessorIPLib/pcores/proc_common_v3_00_a/hdl/vhdl/addsub.vhd" into library proc_common_v3_00_a
Parsing VHDL file "C:/Xilinx/14.4/ISE_DS/EDK/hw/XilinxProcessorIPLib/pcores/proc_common_v3_00_a/hdl/vhdl/counter_bit.vhd" into library proc_common_v3_00_a
Parsing VHDL file "C:/Xilinx/14.4/ISE_DS/EDK/hw/XilinxProcessorIPLib/pcores/proc_common_v3_00_a/hdl/vhdl/counter.vhd" into library proc_common_v3_00_a
Parsing VHDL file "C:/Xilinx/14.4/ISE_DS/EDK/hw/XilinxProcessorIPLib/pcores/proc_common_v3_00_a/hdl/vhdl/direct_path_cntr.vhd" into library proc_common_v3_00_a
Parsing VHDL file "C:/Xilinx/14.4/ISE_DS/EDK/hw/XilinxProcessorIPLib/pcores/proc_common_v3_00_a/hdl/vhdl/direct_path_cntr_ai.vhd" into library proc_common_v3_00_a
Parsing VHDL file "C:/Xilinx/14.4/ISE_DS/EDK/hw/XilinxProcessorIPLib/pcores/proc_common_v3_00_a/hdl/vhdl/down_counter.vhd" into library proc_common_v3_00_a
Parsing VHDL file "C:/Xilinx/14.4/ISE_DS/EDK/hw/XilinxProcessorIPLib/pcores/proc_common_v3_00_a/hdl/vhdl/eval_timer.vhd" into library proc_common_v3_00_a
Parsing VHDL file "C:/Xilinx/14.4/ISE_DS/EDK/hw/XilinxProcessorIPLib/pcores/proc_common_v3_00_a/hdl/vhdl/inferred_lut4.vhd" into library proc_common_v3_00_a
Parsing VHDL file "C:/Xilinx/14.4/ISE_DS/EDK/hw/XilinxProcessorIPLib/pcores/proc_common_v3_00_a/hdl/vhdl/ipif_steer.vhd" into library proc_common_v3_00_a
Parsing VHDL file "C:/Xilinx/14.4/ISE_DS/EDK/hw/XilinxProcessorIPLib/pcores/proc_common_v3_00_a/hdl/vhdl/ipif_steer128.vhd" into library proc_common_v3_00_a
Parsing VHDL file "C:/Xilinx/14.4/ISE_DS/EDK/hw/XilinxProcessorIPLib/pcores/proc_common_v3_00_a/hdl/vhdl/ipif_mirror128.vhd" into library proc_common_v3_00_a
Parsing VHDL file "C:/Xilinx/14.4/ISE_DS/EDK/hw/XilinxProcessorIPLib/pcores/proc_common_v3_00_a/hdl/vhdl/ld_arith_reg.vhd" into library proc_common_v3_00_a
Parsing VHDL file "C:/Xilinx/14.4/ISE_DS/EDK/hw/XilinxProcessorIPLib/pcores/proc_common_v3_00_a/hdl/vhdl/ld_arith_reg2.vhd" into library proc_common_v3_00_a
Parsing VHDL file "C:/Xilinx/14.4/ISE_DS/EDK/hw/XilinxProcessorIPLib/pcores/proc_common_v3_00_a/hdl/vhdl/mux_onehot.vhd" into library proc_common_v3_00_a
Parsing VHDL file "C:/Xilinx/14.4/ISE_DS/EDK/hw/XilinxProcessorIPLib/pcores/proc_common_v3_00_a/hdl/vhdl/or_bits.vhd" into library proc_common_v3_00_a
Parsing VHDL file "C:/Xilinx/14.4/ISE_DS/EDK/hw/XilinxProcessorIPLib/pcores/proc_common_v3_00_a/hdl/vhdl/or_muxcy.vhd" into library proc_common_v3_00_a
Parsing VHDL file "C:/Xilinx/14.4/ISE_DS/EDK/hw/XilinxProcessorIPLib/pcores/proc_common_v3_00_a/hdl/vhdl/or_gate.vhd" into library proc_common_v3_00_a
Parsing VHDL file "C:/Xilinx/14.4/ISE_DS/EDK/hw/XilinxProcessorIPLib/pcores/proc_common_v3_00_a/hdl/vhdl/or_gate128.vhd" into library proc_common_v3_00_a
Parsing VHDL file "C:/Xilinx/14.4/ISE_DS/EDK/hw/XilinxProcessorIPLib/pcores/proc_common_v3_00_a/hdl/vhdl/pf_adder_bit.vhd" into library proc_common_v3_00_a
Parsing VHDL file "C:/Xilinx/14.4/ISE_DS/EDK/hw/XilinxProcessorIPLib/pcores/proc_common_v3_00_a/hdl/vhdl/pf_adder.vhd" into library proc_common_v3_00_a
Parsing VHDL file "C:/Xilinx/14.4/ISE_DS/EDK/hw/XilinxProcessorIPLib/pcores/proc_common_v3_00_a/hdl/vhdl/pf_counter_bit.vhd" into library proc_common_v3_00_a
Parsing VHDL file "C:/Xilinx/14.4/ISE_DS/EDK/hw/XilinxProcessorIPLib/pcores/proc_common_v3_00_a/hdl/vhdl/pf_counter.vhd" into library proc_common_v3_00_a
Parsing VHDL file "C:/Xilinx/14.4/ISE_DS/EDK/hw/XilinxProcessorIPLib/pcores/proc_common_v3_00_a/hdl/vhdl/pf_counter_top.vhd" into library proc_common_v3_00_a
Parsing VHDL file "C:/Xilinx/14.4/ISE_DS/EDK/hw/XilinxProcessorIPLib/pcores/proc_common_v3_00_a/hdl/vhdl/pf_occ_counter.vhd" into library proc_common_v3_00_a
Parsing VHDL file "C:/Xilinx/14.4/ISE_DS/EDK/hw/XilinxProcessorIPLib/pcores/proc_common_v3_00_a/hdl/vhdl/pf_occ_counter_top.vhd" into library proc_common_v3_00_a
Parsing VHDL file "C:/Xilinx/14.4/ISE_DS/EDK/hw/XilinxProcessorIPLib/pcores/proc_common_v3_00_a/hdl/vhdl/pf_dpram_select.vhd" into library proc_common_v3_00_a
Parsing VHDL file "C:/Xilinx/14.4/ISE_DS/EDK/hw/XilinxProcessorIPLib/pcores/proc_common_v3_00_a/hdl/vhdl/pselect.vhd" into library proc_common_v3_00_a
Parsing VHDL file "C:/Xilinx/14.4/ISE_DS/EDK/hw/XilinxProcessorIPLib/pcores/proc_common_v3_00_a/hdl/vhdl/pselect_mask.vhd" into library proc_common_v3_00_a
Parsing VHDL file "C:/Xilinx/14.4/ISE_DS/EDK/hw/XilinxProcessorIPLib/pcores/proc_common_v3_00_a/hdl/vhdl/srl16_fifo.vhd" into library proc_common_v3_00_a
Parsing VHDL file "C:/Xilinx/14.4/ISE_DS/EDK/hw/XilinxProcessorIPLib/pcores/proc_common_v3_00_a/hdl/vhdl/srl_fifo.vhd" into library proc_common_v3_00_a
Parsing VHDL file "C:/Xilinx/14.4/ISE_DS/EDK/hw/XilinxProcessorIPLib/pcores/proc_common_v3_00_a/hdl/vhdl/srl_fifo2.vhd" into library proc_common_v3_00_a
Parsing VHDL file "C:/Xilinx/14.4/ISE_DS/EDK/hw/XilinxProcessorIPLib/pcores/proc_common_v3_00_a/hdl/vhdl/srl_fifo3.vhd" into library proc_common_v3_00_a
Parsing VHDL file "C:/Xilinx/14.4/ISE_DS/EDK/hw/XilinxProcessorIPLib/pcores/proc_common_v3_00_a/hdl/vhdl/srl_fifo_rbu.vhd" into library proc_common_v3_00_a
Parsing VHDL file "C:/Xilinx/14.4/ISE_DS/EDK/hw/XilinxProcessorIPLib/pcores/proc_common_v3_00_a/hdl/vhdl/valid_be.vhd" into library proc_common_v3_00_a
Parsing VHDL file "C:/Xilinx/14.4/ISE_DS/EDK/hw/XilinxProcessorIPLib/pcores/proc_common_v3_00_a/hdl/vhdl/or_with_enable_f.vhd" into library proc_common_v3_00_a
Parsing VHDL file "C:/Xilinx/14.4/ISE_DS/EDK/hw/XilinxProcessorIPLib/pcores/proc_common_v3_00_a/hdl/vhdl/muxf_struct_f.vhd" into library proc_common_v3_00_a
Parsing VHDL file "C:/Xilinx/14.4/ISE_DS/EDK/hw/XilinxProcessorIPLib/pcores/proc_common_v3_00_a/hdl/vhdl/cntr_incr_decr_addn_f.vhd" into library proc_common_v3_00_a
Parsing VHDL file "C:/Xilinx/14.4/ISE_DS/EDK/hw/XilinxProcessorIPLib/pcores/proc_common_v3_00_a/hdl/vhdl/dynshreg_f.vhd" into library proc_common_v3_00_a
Parsing VHDL file "C:/Xilinx/14.4/ISE_DS/EDK/hw/XilinxProcessorIPLib/pcores/proc_common_v3_00_a/hdl/vhdl/dynshreg_i_f.vhd" into library proc_common_v3_00_a
Parsing VHDL file "C:/Xilinx/14.4/ISE_DS/EDK/hw/XilinxProcessorIPLib/pcores/proc_common_v3_00_a/hdl/vhdl/mux_onehot_f.vhd" into library proc_common_v3_00_a
Parsing VHDL file "C:/Xilinx/14.4/ISE_DS/EDK/hw/XilinxProcessorIPLib/pcores/proc_common_v3_00_a/hdl/vhdl/srl_fifo_rbu_f.vhd" into library proc_common_v3_00_a
Parsing VHDL file "C:/Xilinx/14.4/ISE_DS/EDK/hw/XilinxProcessorIPLib/pcores/proc_common_v3_00_a/hdl/vhdl/srl_fifo_f.vhd" into library proc_common_v3_00_a
Parsing VHDL file "C:/Xilinx/14.4/ISE_DS/EDK/hw/XilinxProcessorIPLib/pcores/proc_common_v3_00_a/hdl/vhdl/compare_vectors_f.vhd" into library proc_common_v3_00_a
Parsing VHDL file "C:/Xilinx/14.4/ISE_DS/EDK/hw/XilinxProcessorIPLib/pcores/proc_common_v3_00_a/hdl/vhdl/pselect_f.vhd" into library proc_common_v3_00_a
Parsing VHDL file "C:/Xilinx/14.4/ISE_DS/EDK/hw/XilinxProcessorIPLib/pcores/proc_common_v3_00_a/hdl/vhdl/counter_f.vhd" into library proc_common_v3_00_a
Parsing VHDL file "C:/Xilinx/14.4/ISE_DS/EDK/hw/XilinxProcessorIPLib/pcores/proc_common_v3_00_a/hdl/vhdl/or_muxcy_f.vhd" into library proc_common_v3_00_a
Parsing VHDL file "C:/Xilinx/14.4/ISE_DS/EDK/hw/XilinxProcessorIPLib/pcores/proc_common_v3_00_a/hdl/vhdl/or_gate_f.vhd" into library proc_common_v3_00_a
Parsing VHDL file "C:/Xilinx/14.4/ISE_DS/EDK/hw/XilinxProcessorIPLib/pcores/proc_common_v3_00_a/hdl/vhdl/soft_reset.vhd" into library proc_common_v3_00_a
Parsing VHDL file "C:/Xilinx/14.4/ISE_DS/EDK/hw/XilinxProcessorIPLib/pcores/axi_lite_ipif_v1_01_a/hdl/vhdl/address_decoder.vhd" into library axi_lite_ipif_v1_01_a
Parsing VHDL file "C:/Xilinx/14.4/ISE_DS/EDK/hw/XilinxProcessorIPLib/pcores/axi_lite_ipif_v1_01_a/hdl/vhdl/slave_attachment.vhd" into library axi_lite_ipif_v1_01_a
Parsing VHDL file "C:/Xilinx/14.4/ISE_DS/EDK/hw/XilinxProcessorIPLib/pcores/axi_lite_ipif_v1_01_a/hdl/vhdl/axi_lite_ipif.vhd" into library axi_lite_ipif_v1_01_a
Parsing VHDL file "C:/Xilinx/14.4/ISE_DS/EDK/hw/XilinxProcessorIPLib/pcores/axi_intc_v1_03_a/hdl/vhdl/double_synchronizer.vhd" into library axi_intc_v1_03_a
Parsing VHDL file "C:/Xilinx/14.4/ISE_DS/EDK/hw/XilinxProcessorIPLib/pcores/axi_intc_v1_03_a/hdl/vhdl/pulse_synchronizer.vhd" into library axi_intc_v1_03_a
Parsing VHDL file "C:/Xilinx/14.4/ISE_DS/EDK/hw/XilinxProcessorIPLib/pcores/axi_intc_v1_03_a/hdl/vhdl/shared_ram.vhd" into library axi_intc_v1_03_a
Parsing VHDL file "C:/Xilinx/14.4/ISE_DS/EDK/hw/XilinxProcessorIPLib/pcores/axi_intc_v1_03_a/hdl/vhdl/shared_ram_ivar.vhd" into library axi_intc_v1_03_a
Parsing VHDL file "C:/Xilinx/14.4/ISE_DS/EDK/hw/XilinxProcessorIPLib/pcores/axi_intc_v1_03_a/hdl/vhdl/intc_core.vhd" into library axi_intc_v1_03_a
Parsing VHDL file "C:/Xilinx/14.4/ISE_DS/EDK/hw/XilinxProcessorIPLib/pcores/axi_intc_v1_03_a/hdl/vhdl/axi_intc.vhd" into library axi_intc_v1_03_a
Parsing VHDL file "C:/Xilinx/14.4/ISE_DS/EDK/hw/XilinxProcessorIPLib/pcores/lmb_v10_v2_00_b/hdl/vhdl/lmb_v10.vhd" into library lmb_v10_v2_00_b
Parsing VHDL file "C:/Xilinx/14.4/ISE_DS/EDK/hw/XilinxProcessorIPLib/pcores/lmb_bram_if_cntlr_v3_10_c/hdl/vhdl/lmb_bram_if_funcs.vhd" into library lmb_bram_if_cntlr_v3_10_c
Parsing VHDL file "C:/Xilinx/14.4/ISE_DS/EDK/hw/XilinxProcessorIPLib/pcores/lmb_bram_if_cntlr_v3_10_c/hdl/vhdl/xor18.vhd" into library lmb_bram_if_cntlr_v3_10_c
Parsing VHDL file "C:/Xilinx/14.4/ISE_DS/EDK/hw/XilinxProcessorIPLib/pcores/lmb_bram_if_cntlr_v3_10_c/hdl/vhdl/parity.vhd" into library lmb_bram_if_cntlr_v3_10_c
Parsing VHDL file "C:/Xilinx/14.4/ISE_DS/EDK/hw/XilinxProcessorIPLib/pcores/lmb_bram_if_cntlr_v3_10_c/hdl/vhdl/parityenable.vhd" into library lmb_bram_if_cntlr_v3_10_c
Parsing VHDL file "C:/Xilinx/14.4/ISE_DS/EDK/hw/XilinxProcessorIPLib/pcores/lmb_bram_if_cntlr_v3_10_c/hdl/vhdl/checkbit_handler.vhd" into library lmb_bram_if_cntlr_v3_10_c
Parsing VHDL file "C:/Xilinx/14.4/ISE_DS/EDK/hw/XilinxProcessorIPLib/pcores/lmb_bram_if_cntlr_v3_10_c/hdl/vhdl/correct_one_bit.vhd" into library lmb_bram_if_cntlr_v3_10_c
Parsing VHDL file "C:/Xilinx/14.4/ISE_DS/EDK/hw/XilinxProcessorIPLib/pcores/lmb_bram_if_cntlr_v3_10_c/hdl/vhdl/pselect.vhd" into library lmb_bram_if_cntlr_v3_10_c
Parsing VHDL file "C:/Xilinx/14.4/ISE_DS/EDK/hw/XilinxProcessorIPLib/pcores/lmb_bram_if_cntlr_v3_10_c/hdl/vhdl/pselect_mask.vhd" into library lmb_bram_if_cntlr_v3_10_c
Parsing VHDL file "C:/Xilinx/14.4/ISE_DS/EDK/hw/XilinxProcessorIPLib/pcores/lmb_bram_if_cntlr_v3_10_c/hdl/vhdl/plb_interface.vhd" into library lmb_bram_if_cntlr_v3_10_c
Parsing VHDL file "C:/Xilinx/14.4/ISE_DS/EDK/hw/XilinxProcessorIPLib/pcores/lmb_bram_if_cntlr_v3_10_c/hdl/vhdl/axi_interface.vhd" into library lmb_bram_if_cntlr_v3_10_c
Parsing VHDL file "C:/Xilinx/14.4/ISE_DS/EDK/hw/XilinxProcessorIPLib/pcores/lmb_bram_if_cntlr_v3_10_c/hdl/vhdl/lmb_mux.vhd" into library lmb_bram_if_cntlr_v3_10_c
Parsing VHDL file "C:/Xilinx/14.4/ISE_DS/EDK/hw/XilinxProcessorIPLib/pcores/lmb_bram_if_cntlr_v3_10_c/hdl/vhdl/lmb_bram_if_cntlr.vhd" into library lmb_bram_if_cntlr_v3_10_c
Parsing VHDL file "elaborate/microblaze_0_bram_block_elaborate_v1_00_a/hdl/vhdl/microblaze_0_bram_block_elaborate.vhd" into library microblaze_0_bram_block_elaborate_v1_00_a
Parsing VHDL file "C:/Xilinx/14.4/ISE_DS/EDK/hw/XilinxProcessorIPLib/pcores/microblaze_v8_40_b/hdl/vhdl/microblaze_types_pkg.vhd" into library microblaze_v8_40_b
Parsing VHDL file "C:/Xilinx/14.4/ISE_DS/EDK/hw/XilinxProcessorIPLib/pcores/microblaze_v8_40_b/hdl/vhdl/microblaze_types_pkg_body.vhd" into library microblaze_v8_40_b
Parsing VHDL file "C:/Xilinx/14.4/ISE_DS/EDK/hw/XilinxProcessorIPLib/pcores/microblaze_v8_40_b/hdl/vhdl/microblaze_isa_be_pkg.vhd" into library microblaze_v8_40_b
Parsing VHDL file "C:/Xilinx/14.4/ISE_DS/EDK/hw/XilinxProcessorIPLib/pcores/microblaze_v8_40_b/hdl/vhdl/microblaze_primitives.vhd" into library microblaze_v8_40_b
Parsing VHDL file "C:/Xilinx/14.4/ISE_DS/EDK/hw/XilinxProcessorIPLib/pcores/microblaze_v8_40_b/hdl/vhdl/mux_bus.vhd" into library microblaze_v8_40_b
Parsing VHDL file "C:/Xilinx/14.4/ISE_DS/EDK/hw/XilinxProcessorIPLib/pcores/microblaze_v8_40_b/hdl/vhdl/parity.vhd" into library microblaze_v8_40_b
Parsing VHDL file "C:/Xilinx/14.4/ISE_DS/EDK/hw/XilinxProcessorIPLib/pcores/microblaze_v8_40_b/hdl/vhdl/comparator.vhd" into library microblaze_v8_40_b
Parsing VHDL file "C:/Xilinx/14.4/ISE_DS/EDK/hw/XilinxProcessorIPLib/pcores/microblaze_v8_40_b/hdl/vhdl/carry_and.vhd" into library microblaze_v8_40_b
Parsing VHDL file "C:/Xilinx/14.4/ISE_DS/EDK/hw/XilinxProcessorIPLib/pcores/microblaze_v8_40_b/hdl/vhdl/carry_or.vhd" into library microblaze_v8_40_b
Parsing VHDL file "C:/Xilinx/14.4/ISE_DS/EDK/hw/XilinxProcessorIPLib/pcores/microblaze_v8_40_b/hdl/vhdl/carry_equal.vhd" into library microblaze_v8_40_b
Parsing VHDL file "C:/Xilinx/14.4/ISE_DS/EDK/hw/XilinxProcessorIPLib/pcores/microblaze_v8_40_b/hdl/vhdl/carry_compare.vhd" into library microblaze_v8_40_b
Parsing VHDL file "C:/Xilinx/14.4/ISE_DS/EDK/hw/XilinxProcessorIPLib/pcores/microblaze_v8_40_b/hdl/vhdl/carry_compare_mask.vhd" into library microblaze_v8_40_b
Parsing VHDL file "C:/Xilinx/14.4/ISE_DS/EDK/hw/XilinxProcessorIPLib/pcores/microblaze_v8_40_b/hdl/vhdl/carry_compare_const.vhd" into library microblaze_v8_40_b
Parsing VHDL file "C:/Xilinx/14.4/ISE_DS/EDK/hw/XilinxProcessorIPLib/pcores/microblaze_v8_40_b/hdl/vhdl/find_first_bit.vhd" into library microblaze_v8_40_b
Parsing VHDL file "C:/Xilinx/14.4/ISE_DS/EDK/hw/XilinxProcessorIPLib/pcores/microblaze_v8_40_b/hdl/vhdl/mux4_8.vhd" into library microblaze_v8_40_b
Parsing VHDL file "C:/Xilinx/14.4/ISE_DS/EDK/hw/XilinxProcessorIPLib/pcores/microblaze_v8_40_b/hdl/vhdl/mux4.vhd" into library microblaze_v8_40_b
Parsing VHDL file "C:/Xilinx/14.4/ISE_DS/EDK/hw/XilinxProcessorIPLib/pcores/microblaze_v8_40_b/hdl/vhdl/vec_mux.vhd" into library microblaze_v8_40_b
Parsing VHDL file "C:/Xilinx/14.4/ISE_DS/EDK/hw/XilinxProcessorIPLib/pcores/microblaze_v8_40_b/hdl/vhdl/gen_srlfifo.vhd" into library microblaze_v8_40_b
Parsing VHDL file "C:/Xilinx/14.4/ISE_DS/EDK/hw/XilinxProcessorIPLib/pcores/microblaze_v8_40_b/hdl/vhdl/alu_bit.vhd" into library microblaze_v8_40_b
Parsing VHDL file "C:/Xilinx/14.4/ISE_DS/EDK/hw/XilinxProcessorIPLib/pcores/microblaze_v8_40_b/hdl/vhdl/alu.vhd" into library microblaze_v8_40_b
Parsing VHDL file "C:/Xilinx/14.4/ISE_DS/EDK/hw/XilinxProcessorIPLib/pcores/microblaze_v8_40_b/hdl/vhdl/msr_reg_bit.vhd" into library microblaze_v8_40_b
Parsing VHDL file "C:/Xilinx/14.4/ISE_DS/EDK/hw/XilinxProcessorIPLib/pcores/microblaze_v8_40_b/hdl/vhdl/msr_reg.vhd" into library microblaze_v8_40_b
Parsing VHDL file "C:/Xilinx/14.4/ISE_DS/EDK/hw/XilinxProcessorIPLib/pcores/microblaze_v8_40_b/hdl/vhdl/msr_reg_gti.vhd" into library microblaze_v8_40_b
Parsing VHDL file "C:/Xilinx/14.4/ISE_DS/EDK/hw/XilinxProcessorIPLib/pcores/microblaze_v8_40_b/hdl/vhdl/dsp_module.vhd" into library microblaze_v8_40_b
Parsing VHDL file "C:/Xilinx/14.4/ISE_DS/EDK/hw/XilinxProcessorIPLib/pcores/microblaze_v8_40_b/hdl/vhdl/mul_unit.vhd" into library microblaze_v8_40_b
Parsing VHDL file "C:/Xilinx/14.4/ISE_DS/EDK/hw/XilinxProcessorIPLib/pcores/microblaze_v8_40_b/hdl/vhdl/div_unit.vhd" into library microblaze_v8_40_b
Parsing VHDL file "C:/Xilinx/14.4/ISE_DS/EDK/hw/XilinxProcessorIPLib/pcores/microblaze_v8_40_b/hdl/vhdl/div_unit_gti.vhd" into library microblaze_v8_40_b
Parsing VHDL file "C:/Xilinx/14.4/ISE_DS/EDK/hw/XilinxProcessorIPLib/pcores/microblaze_v8_40_b/hdl/vhdl/operand_select_bit.vhd" into library microblaze_v8_40_b
Parsing VHDL file "C:/Xilinx/14.4/ISE_DS/EDK/hw/XilinxProcessorIPLib/pcores/microblaze_v8_40_b/hdl/vhdl/operand_select.vhd" into library microblaze_v8_40_b
Parsing VHDL file "C:/Xilinx/14.4/ISE_DS/EDK/hw/XilinxProcessorIPLib/pcores/microblaze_v8_40_b/hdl/vhdl/operand_select_gti.vhd" into library microblaze_v8_40_b
Parsing VHDL file "C:/Xilinx/14.4/ISE_DS/EDK/hw/XilinxProcessorIPLib/pcores/microblaze_v8_40_b/hdl/vhdl/pc_bit.vhd" into library microblaze_v8_40_b
Parsing VHDL file "C:/Xilinx/14.4/ISE_DS/EDK/hw/XilinxProcessorIPLib/pcores/microblaze_v8_40_b/hdl/vhdl/pc_module.vhd" into library microblaze_v8_40_b
Parsing VHDL file "C:/Xilinx/14.4/ISE_DS/EDK/hw/XilinxProcessorIPLib/pcores/microblaze_v8_40_b/hdl/vhdl/pc_module_gti.vhd" into library microblaze_v8_40_b
Parsing VHDL file "C:/Xilinx/14.4/ISE_DS/EDK/hw/XilinxProcessorIPLib/pcores/microblaze_v8_40_b/hdl/vhdl/prefetch_buffer.vhd" into library microblaze_v8_40_b
Parsing VHDL file "C:/Xilinx/14.4/ISE_DS/EDK/hw/XilinxProcessorIPLib/pcores/microblaze_v8_40_b/hdl/vhdl/prefetch_buffer_gti.vhd" into library microblaze_v8_40_b
Parsing VHDL file "C:/Xilinx/14.4/ISE_DS/EDK/hw/XilinxProcessorIPLib/pcores/microblaze_v8_40_b/hdl/vhdl/register_file_bit.vhd" into library microblaze_v8_40_b
Parsing VHDL file "C:/Xilinx/14.4/ISE_DS/EDK/hw/XilinxProcessorIPLib/pcores/microblaze_v8_40_b/hdl/vhdl/register_file.vhd" into library microblaze_v8_40_b
Parsing VHDL file "C:/Xilinx/14.4/ISE_DS/EDK/hw/XilinxProcessorIPLib/pcores/microblaze_v8_40_b/hdl/vhdl/register_file_gti.vhd" into library microblaze_v8_40_b
Parsing VHDL file "C:/Xilinx/14.4/ISE_DS/EDK/hw/XilinxProcessorIPLib/pcores/microblaze_v8_40_b/hdl/vhdl/count_leading_zero.vhd" into library microblaze_v8_40_b
Parsing VHDL file "C:/Xilinx/14.4/ISE_DS/EDK/hw/XilinxProcessorIPLib/pcores/microblaze_v8_40_b/hdl/vhdl/shift_logic_bit.vhd" into library microblaze_v8_40_b
Parsing VHDL file "C:/Xilinx/14.4/ISE_DS/EDK/hw/XilinxProcessorIPLib/pcores/microblaze_v8_40_b/hdl/vhdl/shift_logic.vhd" into library microblaze_v8_40_b
Parsing VHDL file "C:/Xilinx/14.4/ISE_DS/EDK/hw/XilinxProcessorIPLib/pcores/microblaze_v8_40_b/hdl/vhdl/shift_logic_gti.vhd" into library microblaze_v8_40_b
Parsing VHDL file "C:/Xilinx/14.4/ISE_DS/EDK/hw/XilinxProcessorIPLib/pcores/microblaze_v8_40_b/hdl/vhdl/zero_detect.vhd" into library microblaze_v8_40_b
Parsing VHDL file "C:/Xilinx/14.4/ISE_DS/EDK/hw/XilinxProcessorIPLib/pcores/microblaze_v8_40_b/hdl/vhdl/zero_detect_gti.vhd" into library microblaze_v8_40_b
Parsing VHDL file "C:/Xilinx/14.4/ISE_DS/EDK/hw/XilinxProcessorIPLib/pcores/microblaze_v8_40_b/hdl/vhdl/barrel_shifter.vhd" into library microblaze_v8_40_b
Parsing VHDL file "C:/Xilinx/14.4/ISE_DS/EDK/hw/XilinxProcessorIPLib/pcores/microblaze_v8_40_b/hdl/vhdl/barrel_shifter_gti.vhd" into library microblaze_v8_40_b
Parsing VHDL file "C:/Xilinx/14.4/ISE_DS/EDK/hw/XilinxProcessorIPLib/pcores/microblaze_v8_40_b/hdl/vhdl/wb_mux_bit_gti.vhd" into library microblaze_v8_40_b
Parsing VHDL file "C:/Xilinx/14.4/ISE_DS/EDK/hw/XilinxProcessorIPLib/pcores/microblaze_v8_40_b/hdl/vhdl/wb_mux_gti.vhd" into library microblaze_v8_40_b
Parsing VHDL file "C:/Xilinx/14.4/ISE_DS/EDK/hw/XilinxProcessorIPLib/pcores/microblaze_v8_40_b/hdl/vhdl/data_read_steering.vhd" into library microblaze_v8_40_b
Parsing VHDL file "C:/Xilinx/14.4/ISE_DS/EDK/hw/XilinxProcessorIPLib/pcores/microblaze_v8_40_b/hdl/vhdl/byte_doublet_handle.vhd" into library microblaze_v8_40_b
Parsing VHDL file "C:/Xilinx/14.4/ISE_DS/EDK/hw/XilinxProcessorIPLib/pcores/microblaze_v8_40_b/hdl/vhdl/byte_doublet_handle_gti.vhd" into library microblaze_v8_40_b
Parsing VHDL file "C:/Xilinx/14.4/ISE_DS/EDK/hw/XilinxProcessorIPLib/pcores/microblaze_v8_40_b/hdl/vhdl/data_flow_logic_gti.vhd" into library microblaze_v8_40_b
Parsing VHDL file "C:/Xilinx/14.4/ISE_DS/EDK/hw/XilinxProcessorIPLib/pcores/microblaze_v8_40_b/hdl/vhdl/fsl_module.vhd" into library microblaze_v8_40_b
Parsing VHDL file "C:/Xilinx/14.4/ISE_DS/EDK/hw/XilinxProcessorIPLib/pcores/microblaze_v8_40_b/hdl/vhdl/streaming_axi.vhd" into library microblaze_v8_40_b
Parsing VHDL file "C:/Xilinx/14.4/ISE_DS/EDK/hw/XilinxProcessorIPLib/pcores/microblaze_v8_40_b/hdl/vhdl/exception_registers.vhd" into library microblaze_v8_40_b
Parsing VHDL file "C:/Xilinx/14.4/ISE_DS/EDK/hw/XilinxProcessorIPLib/pcores/microblaze_v8_40_b/hdl/vhdl/exception_registers_gti.vhd" into library microblaze_v8_40_b
Parsing VHDL file "C:/Xilinx/14.4/ISE_DS/EDK/hw/XilinxProcessorIPLib/pcores/microblaze_v8_40_b/hdl/vhdl/fpu_addsub.vhd" into library microblaze_v8_40_b
Parsing VHDL file "C:/Xilinx/14.4/ISE_DS/EDK/hw/XilinxProcessorIPLib/pcores/microblaze_v8_40_b/hdl/vhdl/fpu_div.vhd" into library microblaze_v8_40_b
Parsing VHDL file "C:/Xilinx/14.4/ISE_DS/EDK/hw/XilinxProcessorIPLib/pcores/microblaze_v8_40_b/hdl/vhdl/fpu_mul.vhd" into library microblaze_v8_40_b
Parsing VHDL file "C:/Xilinx/14.4/ISE_DS/EDK/hw/XilinxProcessorIPLib/pcores/microblaze_v8_40_b/hdl/vhdl/fpu_conv.vhd" into library microblaze_v8_40_b
Parsing VHDL file "C:/Xilinx/14.4/ISE_DS/EDK/hw/XilinxProcessorIPLib/pcores/microblaze_v8_40_b/hdl/vhdl/fpu_sqrt.vhd" into library microblaze_v8_40_b
Parsing VHDL file "C:/Xilinx/14.4/ISE_DS/EDK/hw/XilinxProcessorIPLib/pcores/microblaze_v8_40_b/hdl/vhdl/fpu.vhd" into library microblaze_v8_40_b
Parsing VHDL file "C:/Xilinx/14.4/ISE_DS/EDK/hw/XilinxProcessorIPLib/pcores/microblaze_v8_40_b/hdl/vhdl/pvr.vhd" into library microblaze_v8_40_b
Parsing VHDL file "C:/Xilinx/14.4/ISE_DS/EDK/hw/XilinxProcessorIPLib/pcores/microblaze_v8_40_b/hdl/vhdl/result_mux_bit.vhd" into library microblaze_v8_40_b
Parsing VHDL file "C:/Xilinx/14.4/ISE_DS/EDK/hw/XilinxProcessorIPLib/pcores/microblaze_v8_40_b/hdl/vhdl/result_mux.vhd" into library microblaze_v8_40_b
Parsing VHDL file "C:/Xilinx/14.4/ISE_DS/EDK/hw/XilinxProcessorIPLib/pcores/microblaze_v8_40_b/hdl/vhdl/stack_protection.vhd" into library microblaze_v8_40_b
Parsing VHDL file "C:/Xilinx/14.4/ISE_DS/EDK/hw/XilinxProcessorIPLib/pcores/microblaze_v8_40_b/hdl/vhdl/data_flow.vhd" into library microblaze_v8_40_b
Parsing VHDL file "C:/Xilinx/14.4/ISE_DS/EDK/hw/XilinxProcessorIPLib/pcores/microblaze_v8_40_b/hdl/vhdl/data_flow_gti.vhd" into library microblaze_v8_40_b
Parsing VHDL file "C:/Xilinx/14.4/ISE_DS/EDK/hw/XilinxProcessorIPLib/pcores/microblaze_v8_40_b/hdl/vhdl/jump_logic_gti.vhd" into library microblaze_v8_40_b
Parsing VHDL file "C:/Xilinx/14.4/ISE_DS/EDK/hw/XilinxProcessorIPLib/pcores/microblaze_v8_40_b/hdl/vhdl/decode.vhd" into library microblaze_v8_40_b
Parsing VHDL file "C:/Xilinx/14.4/ISE_DS/EDK/hw/XilinxProcessorIPLib/pcores/microblaze_v8_40_b/hdl/vhdl/decode_gti.vhd" into library microblaze_v8_40_b
Parsing VHDL file "C:/Xilinx/14.4/ISE_DS/EDK/hw/XilinxProcessorIPLib/pcores/microblaze_v8_40_b/hdl/vhdl/address_hit.vhd" into library microblaze_v8_40_b
Parsing VHDL file "C:/Xilinx/14.4/ISE_DS/EDK/hw/XilinxProcessorIPLib/pcores/microblaze_v8_40_b/hdl/vhdl/address_data_hit.vhd" into library microblaze_v8_40_b
Parsing VHDL file "C:/Xilinx/14.4/ISE_DS/EDK/hw/XilinxProcessorIPLib/pcores/microblaze_v8_40_b/hdl/vhdl/debug.vhd" into library microblaze_v8_40_b
Parsing VHDL file "C:/Xilinx/14.4/ISE_DS/EDK/hw/XilinxProcessorIPLib/pcores/microblaze_v8_40_b/hdl/vhdl/iplb_interface.vhd" into library microblaze_v8_40_b
Parsing VHDL file "C:/Xilinx/14.4/ISE_DS/EDK/hw/XilinxProcessorIPLib/pcores/microblaze_v8_40_b/hdl/vhdl/dplb_interface.vhd" into library microblaze_v8_40_b
Parsing VHDL file "C:/Xilinx/14.4/ISE_DS/EDK/hw/XilinxProcessorIPLib/pcores/microblaze_v8_40_b/hdl/vhdl/daxi_interface.vhd" into library microblaze_v8_40_b
Parsing VHDL file "C:/Xilinx/14.4/ISE_DS/EDK/hw/XilinxProcessorIPLib/pcores/microblaze_v8_40_b/hdl/vhdl/iaxi_interface.vhd" into library microblaze_v8_40_b
Parsing VHDL file "C:/Xilinx/14.4/ISE_DS/EDK/hw/XilinxProcessorIPLib/pcores/microblaze_v8_40_b/hdl/vhdl/ram_module.vhd" into library microblaze_v8_40_b
Parsing VHDL file "C:/Xilinx/14.4/ISE_DS/EDK/hw/XilinxProcessorIPLib/pcores/microblaze_v8_40_b/hdl/vhdl/victim_cache.vhd" into library microblaze_v8_40_b
Parsing VHDL file "C:/Xilinx/14.4/ISE_DS/EDK/hw/XilinxProcessorIPLib/pcores/microblaze_v8_40_b/hdl/vhdl/stream_cache.vhd" into library microblaze_v8_40_b
Parsing VHDL file "C:/Xilinx/14.4/ISE_DS/EDK/hw/XilinxProcessorIPLib/pcores/microblaze_v8_40_b/hdl/vhdl/cache_interface.vhd" into library microblaze_v8_40_b
Parsing VHDL file "C:/Xilinx/14.4/ISE_DS/EDK/hw/XilinxProcessorIPLib/pcores/microblaze_v8_40_b/hdl/vhdl/icache.vhd" into library microblaze_v8_40_b
Parsing VHDL file "C:/Xilinx/14.4/ISE_DS/EDK/hw/XilinxProcessorIPLib/pcores/microblaze_v8_40_b/hdl/vhdl/dcache.vhd" into library microblaze_v8_40_b
Parsing VHDL file "C:/Xilinx/14.4/ISE_DS/EDK/hw/XilinxProcessorIPLib/pcores/microblaze_v8_40_b/hdl/vhdl/dcache_gti.vhd" into library microblaze_v8_40_b
Parsing VHDL file "C:/Xilinx/14.4/ISE_DS/EDK/hw/XilinxProcessorIPLib/pcores/microblaze_v8_40_b/hdl/vhdl/cache_valid_bit_detect.vhd" into library microblaze_v8_40_b
Parsing VHDL file "C:/Xilinx/14.4/ISE_DS/EDK/hw/XilinxProcessorIPLib/pcores/microblaze_v8_40_b/hdl/vhdl/cachehit_detect.vhd" into library microblaze_v8_40_b
Parsing VHDL file "C:/Xilinx/14.4/ISE_DS/EDK/hw/XilinxProcessorIPLib/pcores/microblaze_v8_40_b/hdl/vhdl/dcache_wb.vhd" into library microblaze_v8_40_b
Parsing VHDL file "C:/Xilinx/14.4/ISE_DS/EDK/hw/XilinxProcessorIPLib/pcores/microblaze_v8_40_b/hdl/vhdl/instr_mux.vhd" into library microblaze_v8_40_b
Parsing VHDL file "C:/Xilinx/14.4/ISE_DS/EDK/hw/XilinxProcessorIPLib/pcores/microblaze_v8_40_b/hdl/vhdl/read_data_mux_gti.vhd" into library microblaze_v8_40_b
Parsing VHDL file "C:/Xilinx/14.4/ISE_DS/EDK/hw/XilinxProcessorIPLib/pcores/microblaze_v8_40_b/hdl/vhdl/interrupt_mode_converter.vhd" into library microblaze_v8_40_b
Parsing VHDL file "C:/Xilinx/14.4/ISE_DS/EDK/hw/XilinxProcessorIPLib/pcores/microblaze_v8_40_b/hdl/vhdl/mmu_types_pkg.vhd" into library microblaze_v8_40_b
Parsing VHDL file "C:/Xilinx/14.4/ISE_DS/EDK/hw/XilinxProcessorIPLib/pcores/microblaze_v8_40_b/hdl/vhdl/mmu_tlb.vhd" into library microblaze_v8_40_b
Parsing VHDL file "C:/Xilinx/14.4/ISE_DS/EDK/hw/XilinxProcessorIPLib/pcores/microblaze_v8_40_b/hdl/vhdl/mmu_utlb_ram.vhd" into library microblaze_v8_40_b
Parsing VHDL file "C:/Xilinx/14.4/ISE_DS/EDK/hw/XilinxProcessorIPLib/pcores/microblaze_v8_40_b/hdl/vhdl/mmu_utlb.vhd" into library microblaze_v8_40_b
Parsing VHDL file "C:/Xilinx/14.4/ISE_DS/EDK/hw/XilinxProcessorIPLib/pcores/microblaze_v8_40_b/hdl/vhdl/mmu.vhd" into library microblaze_v8_40_b
Parsing VHDL file "C:/Xilinx/14.4/ISE_DS/EDK/hw/XilinxProcessorIPLib/pcores/microblaze_v8_40_b/hdl/vhdl/microblaze_core.vhd" into library microblaze_v8_40_b
Parsing VHDL file "C:/Xilinx/14.4/ISE_DS/EDK/hw/XilinxProcessorIPLib/pcores/microblaze_v8_40_b/hdl/vhdl/microblaze.vhd" into library microblaze_v8_40_b
Parsing VHDL file "C:/Xilinx/14.4/ISE_DS/EDK/hw/XilinxProcessorIPLib/pcores/mdm_v2_10_a/hdl/vhdl/srl_fifo.vhd" into library mdm_v2_10_a
Parsing VHDL file "C:/Xilinx/14.4/ISE_DS/EDK/hw/XilinxProcessorIPLib/pcores/mdm_v2_10_a/hdl/vhdl/jtag_control.vhd" into library mdm_v2_10_a
Parsing VHDL file "C:/Xilinx/14.4/ISE_DS/EDK/hw/XilinxProcessorIPLib/pcores/mdm_v2_10_a/hdl/vhdl/mdm_core.vhd" into library mdm_v2_10_a
Parsing VHDL file "C:/Xilinx/14.4/ISE_DS/EDK/hw/XilinxProcessorIPLib/pcores/mdm_v2_10_a/hdl/vhdl/mdm.vhd" into library mdm_v2_10_a
Parsing VHDL file "C:/Xilinx/14.4/ISE_DS/EDK/hw/XilinxProcessorIPLib/pcores/clock_generator_v4_03_a/hdl/vhdl/dcm_module.vhd" into library clock_generator_v4_03_a
Parsing VHDL file "C:/Xilinx/14.4/ISE_DS/EDK/hw/XilinxProcessorIPLib/pcores/clock_generator_v4_03_a/hdl/vhdl/pll_module.vhd" into library clock_generator_v4_03_a
Parsing VHDL file "C:/Xilinx/14.4/ISE_DS/EDK/hw/XilinxProcessorIPLib/pcores/clock_generator_v4_03_a/hdl/vhdl/mmcm_module.vhd" into library clock_generator_v4_03_a
Parsing VHDL file "C:/Xilinx/14.4/ISE_DS/EDK/hw/XilinxProcessorIPLib/pcores/clock_generator_v4_03_a/hdl/vhdl/plle2_module.vhd" into library clock_generator_v4_03_a
Parsing VHDL file "elaborate/clock_generator_0_v4_03_a/hdl/vhdl/clock_generator.vhd" into library clock_generator_0_v4_03_a
Parsing VHDL file "C:/Xilinx/14.4/ISE_DS/EDK/hw/XilinxProcessorIPLib/pcores/axi_timer_v1_03_a/hdl/vhdl/tc_types.vhd" into library axi_timer_v1_03_a
Parsing VHDL file "C:/Xilinx/14.4/ISE_DS/EDK/hw/XilinxProcessorIPLib/pcores/axi_timer_v1_03_a/hdl/vhdl/count_module.vhd" into library axi_timer_v1_03_a
Parsing VHDL file "C:/Xilinx/14.4/ISE_DS/EDK/hw/XilinxProcessorIPLib/pcores/axi_timer_v1_03_a/hdl/vhdl/timer_control.vhd" into library axi_timer_v1_03_a
Parsing VHDL file "C:/Xilinx/14.4/ISE_DS/EDK/hw/XilinxProcessorIPLib/pcores/axi_timer_v1_03_a/hdl/vhdl/tc_core.vhd" into library axi_timer_v1_03_a
Parsing VHDL file "C:/Xilinx/14.4/ISE_DS/EDK/hw/XilinxProcessorIPLib/pcores/axi_timer_v1_03_a/hdl/vhdl/axi_timer.vhd" into library axi_timer_v1_03_a
Analyzing Verilog file "C:/Xilinx/14.4/ISE_DS/EDK/hw/XilinxProcessorIPLib/pcores/axi_interconnect_v1_06_a/hdl/verilog/ict106_axic_sample_cycle_ratio.v" into library axi_interconnect_v1_06_a
Analyzing Verilog file "C:/Xilinx/14.4/ISE_DS/EDK/hw/XilinxProcessorIPLib/pcores/axi_interconnect_v1_06_a/hdl/verilog/ict106_axic_sync_clock_converter.v" into library axi_interconnect_v1_06_a
Analyzing Verilog file "C:/Xilinx/14.4/ISE_DS/EDK/hw/XilinxProcessorIPLib/pcores/axi_interconnect_v1_06_a/hdl/verilog/ict106_a_axi3_conv.v" into library axi_interconnect_v1_06_a
Analyzing Verilog file "C:/Xilinx/14.4/ISE_DS/EDK/hw/XilinxProcessorIPLib/pcores/axi_interconnect_v1_06_a/hdl/verilog/ict106_addr_arbiter_sasd.v" into library axi_interconnect_v1_06_a
Analyzing Verilog file "C:/Xilinx/14.4/ISE_DS/EDK/hw/XilinxProcessorIPLib/pcores/axi_interconnect_v1_06_a/hdl/verilog/ict106_addr_arbiter.v" into library axi_interconnect_v1_06_a
Analyzing Verilog file "C:/Xilinx/14.4/ISE_DS/EDK/hw/XilinxProcessorIPLib/pcores/axi_interconnect_v1_06_a/hdl/verilog/ict106_addr_decoder.v" into library axi_interconnect_v1_06_a
Analyzing Verilog file "C:/Xilinx/14.4/ISE_DS/EDK/hw/XilinxProcessorIPLib/pcores/axi_interconnect_v1_06_a/hdl/verilog/ict106_a_downsizer.v" into library axi_interconnect_v1_06_a
Analyzing Verilog file "C:/Xilinx/14.4/ISE_DS/EDK/hw/XilinxProcessorIPLib/pcores/axi_interconnect_v1_06_a/hdl/verilog/ict106_arbiter_resp.v" into library axi_interconnect_v1_06_a
Analyzing Verilog file "C:/Xilinx/14.4/ISE_DS/EDK/hw/XilinxProcessorIPLib/pcores/axi_interconnect_v1_06_a/hdl/verilog/ict106_a_upsizer.v" into library axi_interconnect_v1_06_a
Analyzing Verilog file "C:/Xilinx/14.4/ISE_DS/EDK/hw/XilinxProcessorIPLib/pcores/axi_interconnect_v1_06_a/hdl/verilog/ict106_axi3_conv.v" into library axi_interconnect_v1_06_a
Analyzing Verilog file "C:/Xilinx/14.4/ISE_DS/EDK/hw/XilinxProcessorIPLib/pcores/axi_interconnect_v1_06_a/hdl/verilog/ict106_axic_fifo.v" into library axi_interconnect_v1_06_a
Analyzing Verilog file "C:/Xilinx/14.4/ISE_DS/EDK/hw/XilinxProcessorIPLib/pcores/axi_interconnect_v1_06_a/hdl/verilog/ict106_axi_clock_converter.v" into library axi_interconnect_v1_06_a
Analyzing Verilog file "C:/Xilinx/14.4/ISE_DS/EDK/hw/XilinxProcessorIPLib/pcores/axi_interconnect_v1_06_a/hdl/verilog/ict106_axic_register_slice.v" into library axi_interconnect_v1_06_a
Analyzing Verilog file "C:/Xilinx/14.4/ISE_DS/EDK/hw/XilinxProcessorIPLib/pcores/axi_interconnect_v1_06_a/hdl/verilog/ict106_axic_reg_srl_fifo.v" into library axi_interconnect_v1_06_a
Analyzing Verilog file "C:/Xilinx/14.4/ISE_DS/EDK/hw/XilinxProcessorIPLib/pcores/axi_interconnect_v1_06_a/hdl/verilog/ict106_axi_crossbar.v" into library axi_interconnect_v1_06_a
Analyzing Verilog file "C:/Xilinx/14.4/ISE_DS/EDK/hw/XilinxProcessorIPLib/pcores/axi_interconnect_v1_06_a/hdl/verilog/ict106_axic_srl_fifo.v" into library axi_interconnect_v1_06_a
Analyzing Verilog file "C:/Xilinx/14.4/ISE_DS/EDK/hw/XilinxProcessorIPLib/pcores/axi_interconnect_v1_06_a/hdl/verilog/ict106_axi_data_fifo.v" into library axi_interconnect_v1_06_a
Analyzing Verilog file "C:/Xilinx/14.4/ISE_DS/EDK/hw/XilinxProcessorIPLib/pcores/axi_interconnect_v1_06_a/hdl/verilog/ict106_axi_downsizer.v" into library axi_interconnect_v1_06_a
Analyzing Verilog file "C:/Xilinx/14.4/ISE_DS/EDK/hw/XilinxProcessorIPLib/pcores/axi_interconnect_v1_06_a/hdl/verilog/ict106_axilite_conv.v" into library axi_interconnect_v1_06_a
Analyzing Verilog file "C:/Xilinx/14.4/ISE_DS/EDK/hw/XilinxProcessorIPLib/pcores/axi_interconnect_v1_06_a/hdl/verilog/ict106_axi_protocol_converter.v" into library axi_interconnect_v1_06_a
Analyzing Verilog file "C:/Xilinx/14.4/ISE_DS/EDK/hw/XilinxProcessorIPLib/pcores/axi_interconnect_v1_06_a/hdl/verilog/ict106_axi_register_slice.v" into library axi_interconnect_v1_06_a
Analyzing Verilog file "C:/Xilinx/14.4/ISE_DS/EDK/hw/XilinxProcessorIPLib/pcores/axi_interconnect_v1_06_a/hdl/verilog/ict106_axi_upsizer.v" into library axi_interconnect_v1_06_a
Analyzing Verilog file "C:/Xilinx/14.4/ISE_DS/EDK/hw/XilinxProcessorIPLib/pcores/axi_interconnect_v1_06_a/hdl/verilog/ict106_b_downsizer.v" into library axi_interconnect_v1_06_a
Analyzing Verilog file "C:/Xilinx/14.4/ISE_DS/EDK/hw/XilinxProcessorIPLib/pcores/axi_interconnect_v1_06_a/hdl/verilog/ict106_carry_and.v" into library axi_interconnect_v1_06_a
Analyzing Verilog file "C:/Xilinx/14.4/ISE_DS/EDK/hw/XilinxProcessorIPLib/pcores/axi_interconnect_v1_06_a/hdl/verilog/ict106_carry_latch_and.v" into library axi_interconnect_v1_06_a
Analyzing Verilog file "C:/Xilinx/14.4/ISE_DS/EDK/hw/XilinxProcessorIPLib/pcores/axi_interconnect_v1_06_a/hdl/verilog/ict106_carry_latch_or.v" into library axi_interconnect_v1_06_a
Analyzing Verilog file "C:/Xilinx/14.4/ISE_DS/EDK/hw/XilinxProcessorIPLib/pcores/axi_interconnect_v1_06_a/hdl/verilog/ict106_carry_or.v" into library axi_interconnect_v1_06_a
Analyzing Verilog file "C:/Xilinx/14.4/ISE_DS/EDK/hw/XilinxProcessorIPLib/pcores/axi_interconnect_v1_06_a/hdl/verilog/ict106_carry.v" into library axi_interconnect_v1_06_a
Analyzing Verilog file "C:/Xilinx/14.4/ISE_DS/EDK/hw/XilinxProcessorIPLib/pcores/axi_interconnect_v1_06_a/hdl/verilog/ict106_command_fifo.v" into library axi_interconnect_v1_06_a
Analyzing Verilog file "C:/Xilinx/14.4/ISE_DS/EDK/hw/XilinxProcessorIPLib/pcores/axi_interconnect_v1_06_a/hdl/verilog/ict106_comparator_mask_static.v" into library axi_interconnect_v1_06_a
Analyzing Verilog file "C:/Xilinx/14.4/ISE_DS/EDK/hw/XilinxProcessorIPLib/pcores/axi_interconnect_v1_06_a/hdl/verilog/ict106_comparator_mask.v" into library axi_interconnect_v1_06_a
Analyzing Verilog file "C:/Xilinx/14.4/ISE_DS/EDK/hw/XilinxProcessorIPLib/pcores/axi_interconnect_v1_06_a/hdl/verilog/ict106_comparator_sel_mask_static.v" into library axi_interconnect_v1_06_a
Analyzing Verilog file "C:/Xilinx/14.4/ISE_DS/EDK/hw/XilinxProcessorIPLib/pcores/axi_interconnect_v1_06_a/hdl/verilog/ict106_comparator_sel_mask.v" into library axi_interconnect_v1_06_a
Analyzing Verilog file "C:/Xilinx/14.4/ISE_DS/EDK/hw/XilinxProcessorIPLib/pcores/axi_interconnect_v1_06_a/hdl/verilog/ict106_comparator_sel_static.v" into library axi_interconnect_v1_06_a
Analyzing Verilog file "C:/Xilinx/14.4/ISE_DS/EDK/hw/XilinxProcessorIPLib/pcores/axi_interconnect_v1_06_a/hdl/verilog/ict106_comparator_sel.v" into library axi_interconnect_v1_06_a
Analyzing Verilog file "C:/Xilinx/14.4/ISE_DS/EDK/hw/XilinxProcessorIPLib/pcores/axi_interconnect_v1_06_a/hdl/verilog/ict106_comparator_static.v" into library axi_interconnect_v1_06_a
Analyzing Verilog file "C:/Xilinx/14.4/ISE_DS/EDK/hw/XilinxProcessorIPLib/pcores/axi_interconnect_v1_06_a/hdl/verilog/ict106_comparator.v" into library axi_interconnect_v1_06_a
Analyzing Verilog file "C:/Xilinx/14.4/ISE_DS/EDK/hw/XilinxProcessorIPLib/pcores/axi_interconnect_v1_06_a/hdl/verilog/ict106_converter_bank.v" into library axi_interconnect_v1_06_a
Analyzing Verilog file "C:/Xilinx/14.4/ISE_DS/EDK/hw/XilinxProcessorIPLib/pcores/axi_interconnect_v1_06_a/hdl/verilog/ict106_crossbar_sasd.v" into library axi_interconnect_v1_06_a
Analyzing Verilog file "C:/Xilinx/14.4/ISE_DS/EDK/hw/XilinxProcessorIPLib/pcores/axi_interconnect_v1_06_a/hdl/verilog/ict106_crossbar.v" into library axi_interconnect_v1_06_a
Analyzing Verilog file "C:/Xilinx/14.4/ISE_DS/EDK/hw/XilinxProcessorIPLib/pcores/axi_interconnect_v1_06_a/hdl/verilog/ict106_data_fifo_bank.v" into library axi_interconnect_v1_06_a
Analyzing Verilog file "C:/Xilinx/14.4/ISE_DS/EDK/hw/XilinxProcessorIPLib/pcores/axi_interconnect_v1_06_a/hdl/verilog/ict106_decerr_slave.v" into library axi_interconnect_v1_06_a
Analyzing Verilog file "C:/Xilinx/14.4/ISE_DS/EDK/hw/XilinxProcessorIPLib/pcores/axi_interconnect_v1_06_a/hdl/verilog/ict106_fifo_gen.v" into library axi_interconnect_v1_06_a
Analyzing Verilog file "C:/Xilinx/14.4/ISE_DS/EDK/hw/XilinxProcessorIPLib/pcores/axi_interconnect_v1_06_a/hdl/verilog/ict106_mux_enc.v" into library axi_interconnect_v1_06_a
Analyzing Verilog file "C:/Xilinx/14.4/ISE_DS/EDK/hw/XilinxProcessorIPLib/pcores/axi_interconnect_v1_06_a/hdl/verilog/ict106_mux.v" into library axi_interconnect_v1_06_a
Analyzing Verilog file "C:/Xilinx/14.4/ISE_DS/EDK/hw/XilinxProcessorIPLib/pcores/axi_interconnect_v1_06_a/hdl/verilog/ict106_ndeep_srl.v" into library axi_interconnect_v1_06_a
Analyzing Verilog file "C:/Xilinx/14.4/ISE_DS/EDK/hw/XilinxProcessorIPLib/pcores/axi_interconnect_v1_06_a/hdl/verilog/ict106_nto1_mux.v" into library axi_interconnect_v1_06_a
Analyzing Verilog file "C:/Xilinx/14.4/ISE_DS/EDK/hw/XilinxProcessorIPLib/pcores/axi_interconnect_v1_06_a/hdl/verilog/ict106_protocol_conv_bank.v" into library axi_interconnect_v1_06_a
Analyzing Verilog file "C:/Xilinx/14.4/ISE_DS/EDK/hw/XilinxProcessorIPLib/pcores/axi_interconnect_v1_06_a/hdl/verilog/ict106_r_axi3_conv.v" into library axi_interconnect_v1_06_a
Analyzing Verilog file "C:/Xilinx/14.4/ISE_DS/EDK/hw/XilinxProcessorIPLib/pcores/axi_interconnect_v1_06_a/hdl/verilog/ict106_r_downsizer.v" into library axi_interconnect_v1_06_a
Analyzing Verilog file "C:/Xilinx/14.4/ISE_DS/EDK/hw/XilinxProcessorIPLib/pcores/axi_interconnect_v1_06_a/hdl/verilog/ict106_register_slice_bank.v" into library axi_interconnect_v1_06_a
Analyzing Verilog file "C:/Xilinx/14.4/ISE_DS/EDK/hw/XilinxProcessorIPLib/pcores/axi_interconnect_v1_06_a/hdl/verilog/ict106_r_upsizer.v" into library axi_interconnect_v1_06_a
Analyzing Verilog file "C:/Xilinx/14.4/ISE_DS/EDK/hw/XilinxProcessorIPLib/pcores/axi_interconnect_v1_06_a/hdl/verilog/ict106_si_transactor.v" into library axi_interconnect_v1_06_a
Analyzing Verilog file "C:/Xilinx/14.4/ISE_DS/EDK/hw/XilinxProcessorIPLib/pcores/axi_interconnect_v1_06_a/hdl/verilog/ict106_splitter.v" into library axi_interconnect_v1_06_a
Analyzing Verilog file "C:/Xilinx/14.4/ISE_DS/EDK/hw/XilinxProcessorIPLib/pcores/axi_interconnect_v1_06_a/hdl/verilog/ict106_w_axi3_conv.v" into library axi_interconnect_v1_06_a
Analyzing Verilog file "C:/Xilinx/14.4/ISE_DS/EDK/hw/XilinxProcessorIPLib/pcores/axi_interconnect_v1_06_a/hdl/verilog/ict106_wdata_mux.v" into library axi_interconnect_v1_06_a
Analyzing Verilog file "C:/Xilinx/14.4/ISE_DS/EDK/hw/XilinxProcessorIPLib/pcores/axi_interconnect_v1_06_a/hdl/verilog/ict106_wdata_router.v" into library axi_interconnect_v1_06_a
Analyzing Verilog file "C:/Xilinx/14.4/ISE_DS/EDK/hw/XilinxProcessorIPLib/pcores/axi_interconnect_v1_06_a/hdl/verilog/ict106_w_downsizer.v" into library axi_interconnect_v1_06_a
Analyzing Verilog file "C:/Xilinx/14.4/ISE_DS/EDK/hw/XilinxProcessorIPLib/pcores/axi_interconnect_v1_06_a/hdl/verilog/ict106_w_upsizer.v" into library axi_interconnect_v1_06_a
Analyzing Verilog file "C:/Xilinx/14.4/ISE_DS/EDK/hw/XilinxProcessorIPLib/pcores/axi_interconnect_v1_06_a/hdl/verilog/axi_interconnect.v" into library axi_interconnect_v1_06_a
Parsing VHDL file "C:/Xilinx/14.4/ISE_DS/EDK/hw/XilinxProcessorIPLib/pcores/axi_uartlite_v1_02_a/hdl/vhdl/baudrate.vhd" into library axi_uartlite_v1_02_a
Parsing VHDL file "C:/Xilinx/14.4/ISE_DS/EDK/hw/XilinxProcessorIPLib/pcores/axi_uartlite_v1_02_a/hdl/vhdl/uartlite_rx.vhd" into library axi_uartlite_v1_02_a
Parsing VHDL file "C:/Xilinx/14.4/ISE_DS/EDK/hw/XilinxProcessorIPLib/pcores/axi_uartlite_v1_02_a/hdl/vhdl/uartlite_tx.vhd" into library axi_uartlite_v1_02_a
Parsing VHDL file "C:/Xilinx/14.4/ISE_DS/EDK/hw/XilinxProcessorIPLib/pcores/axi_uartlite_v1_02_a/hdl/vhdl/uartlite_core.vhd" into library axi_uartlite_v1_02_a
Parsing VHDL file "C:/Xilinx/14.4/ISE_DS/EDK/hw/XilinxProcessorIPLib/pcores/axi_uartlite_v1_02_a/hdl/vhdl/axi_uartlite.vhd" into library axi_uartlite_v1_02_a
Analyzing Verilog file "C:/Xilinx/14.4/ISE_DS/EDK/hw/XilinxProcessorIPLib/pcores/axi_s6_ddrx_v1_06_a/hdl/verilog/axi_mcb_ar_channel.v" into library axi_s6_ddrx_v1_06_a
Analyzing Verilog file "C:/Xilinx/14.4/ISE_DS/EDK/hw/XilinxProcessorIPLib/pcores/axi_s6_ddrx_v1_06_a/hdl/verilog/axi_mcb_a_upsizer.v" into library axi_s6_ddrx_v1_06_a
Analyzing Verilog file "C:/Xilinx/14.4/ISE_DS/EDK/hw/XilinxProcessorIPLib/pcores/axi_s6_ddrx_v1_06_a/hdl/verilog/axi_mcb_aw_channel.v" into library axi_s6_ddrx_v1_06_a
Analyzing Verilog file "C:/Xilinx/14.4/ISE_DS/EDK/hw/XilinxProcessorIPLib/pcores/axi_s6_ddrx_v1_06_a/hdl/verilog/axi_mcb_axic_register_slice.v" into library axi_s6_ddrx_v1_06_a
Analyzing Verilog file "C:/Xilinx/14.4/ISE_DS/EDK/hw/XilinxProcessorIPLib/pcores/axi_s6_ddrx_v1_06_a/hdl/verilog/axi_mcb_axi_register_slice.v" into library axi_s6_ddrx_v1_06_a
Analyzing Verilog file "C:/Xilinx/14.4/ISE_DS/EDK/hw/XilinxProcessorIPLib/pcores/axi_s6_ddrx_v1_06_a/hdl/verilog/axi_mcb_axi_upsizer.v" into library axi_s6_ddrx_v1_06_a
Analyzing Verilog file "C:/Xilinx/14.4/ISE_DS/EDK/hw/XilinxProcessorIPLib/pcores/axi_s6_ddrx_v1_06_a/hdl/verilog/axi_mcb_b_channel.v" into library axi_s6_ddrx_v1_06_a
Analyzing Verilog file "C:/Xilinx/14.4/ISE_DS/EDK/hw/XilinxProcessorIPLib/pcores/axi_s6_ddrx_v1_06_a/hdl/verilog/axi_mcb_carry_and.v" into library axi_s6_ddrx_v1_06_a
Analyzing Verilog file "C:/Xilinx/14.4/ISE_DS/EDK/hw/XilinxProcessorIPLib/pcores/axi_s6_ddrx_v1_06_a/hdl/verilog/axi_mcb_carry_latch_and.v" into library axi_s6_ddrx_v1_06_a
Analyzing Verilog file "C:/Xilinx/14.4/ISE_DS/EDK/hw/XilinxProcessorIPLib/pcores/axi_s6_ddrx_v1_06_a/hdl/verilog/axi_mcb_carry_latch_or.v" into library axi_s6_ddrx_v1_06_a
Analyzing Verilog file "C:/Xilinx/14.4/ISE_DS/EDK/hw/XilinxProcessorIPLib/pcores/axi_s6_ddrx_v1_06_a/hdl/verilog/axi_mcb_carry_or.v" into library axi_s6_ddrx_v1_06_a
Analyzing Verilog file "C:/Xilinx/14.4/ISE_DS/EDK/hw/XilinxProcessorIPLib/pcores/axi_s6_ddrx_v1_06_a/hdl/verilog/axi_mcb_cmd_arbiter.v" into library axi_s6_ddrx_v1_06_a
Analyzing Verilog file "C:/Xilinx/14.4/ISE_DS/EDK/hw/XilinxProcessorIPLib/pcores/axi_s6_ddrx_v1_06_a/hdl/verilog/axi_mcb_cmd_fsm.v" into library axi_s6_ddrx_v1_06_a
Analyzing Verilog file "C:/Xilinx/14.4/ISE_DS/EDK/hw/XilinxProcessorIPLib/pcores/axi_s6_ddrx_v1_06_a/hdl/verilog/axi_mcb_cmd_translator.v" into library axi_s6_ddrx_v1_06_a
Analyzing Verilog file "C:/Xilinx/14.4/ISE_DS/EDK/hw/XilinxProcessorIPLib/pcores/axi_s6_ddrx_v1_06_a/hdl/verilog/axi_mcb_command_fifo.v" into library axi_s6_ddrx_v1_06_a
Analyzing Verilog file "C:/Xilinx/14.4/ISE_DS/EDK/hw/XilinxProcessorIPLib/pcores/axi_s6_ddrx_v1_06_a/hdl/verilog/axi_mcb_comparator_sel_static.v" into library axi_s6_ddrx_v1_06_a
Analyzing Verilog file "C:/Xilinx/14.4/ISE_DS/EDK/hw/XilinxProcessorIPLib/pcores/axi_s6_ddrx_v1_06_a/hdl/verilog/axi_mcb_comparator_sel.v" into library axi_s6_ddrx_v1_06_a
Analyzing Verilog file "C:/Xilinx/14.4/ISE_DS/EDK/hw/XilinxProcessorIPLib/pcores/axi_s6_ddrx_v1_06_a/hdl/verilog/axi_mcb_comparator.v" into library axi_s6_ddrx_v1_06_a
Analyzing Verilog file "C:/Xilinx/14.4/ISE_DS/EDK/hw/XilinxProcessorIPLib/pcores/axi_s6_ddrx_v1_06_a/hdl/verilog/axi_mcb_incr_cmd.v" into library axi_s6_ddrx_v1_06_a
Analyzing Verilog file "C:/Xilinx/14.4/ISE_DS/EDK/hw/XilinxProcessorIPLib/pcores/axi_s6_ddrx_v1_06_a/hdl/verilog/axi_mcb_r_channel.v" into library axi_s6_ddrx_v1_06_a
Analyzing Verilog file "C:/Xilinx/14.4/ISE_DS/EDK/hw/XilinxProcessorIPLib/pcores/axi_s6_ddrx_v1_06_a/hdl/verilog/axi_mcb_r_upsizer.v" into library axi_s6_ddrx_v1_06_a
Analyzing Verilog file "C:/Xilinx/14.4/ISE_DS/EDK/hw/XilinxProcessorIPLib/pcores/axi_s6_ddrx_v1_06_a/hdl/verilog/axi_mcb_simple_fifo.v" into library axi_s6_ddrx_v1_06_a
Analyzing Verilog file "C:/Xilinx/14.4/ISE_DS/EDK/hw/XilinxProcessorIPLib/pcores/axi_s6_ddrx_v1_06_a/hdl/verilog/axi_mcb.v" into library axi_s6_ddrx_v1_06_a
Analyzing Verilog file "C:/Xilinx/14.4/ISE_DS/EDK/hw/XilinxProcessorIPLib/pcores/axi_s6_ddrx_v1_06_a/hdl/verilog/axi_mcb_w_channel.v" into library axi_s6_ddrx_v1_06_a
Analyzing Verilog file "C:/Xilinx/14.4/ISE_DS/EDK/hw/XilinxProcessorIPLib/pcores/axi_s6_ddrx_v1_06_a/hdl/verilog/axi_mcb_wrap_cmd.v" into library axi_s6_ddrx_v1_06_a
Analyzing Verilog file "C:/Xilinx/14.4/ISE_DS/EDK/hw/XilinxProcessorIPLib/pcores/axi_s6_ddrx_v1_06_a/hdl/verilog/axi_mcb_w_upsizer.v" into library axi_s6_ddrx_v1_06_a
Analyzing Verilog file "C:/Xilinx/14.4/ISE_DS/EDK/hw/XilinxProcessorIPLib/pcores/axi_s6_ddrx_v1_06_a/hdl/verilog/axi_s6_ddrx.v" into library axi_s6_ddrx_v1_06_a
Analyzing Verilog file "C:/Xilinx/14.4/ISE_DS/EDK/hw/XilinxProcessorIPLib/pcores/axi_s6_ddrx_v1_06_a/hdl/verilog/iodrp_controller.v" into library axi_s6_ddrx_v1_06_a
Analyzing Verilog file "C:/Xilinx/14.4/ISE_DS/EDK/hw/XilinxProcessorIPLib/pcores/axi_s6_ddrx_v1_06_a/hdl/verilog/iodrp_mcb_controller.v" into library axi_s6_ddrx_v1_06_a
Analyzing Verilog file "C:/Xilinx/14.4/ISE_DS/EDK/hw/XilinxProcessorIPLib/pcores/axi_s6_ddrx_v1_06_a/hdl/verilog/mcb_raw_wrapper.v" into library axi_s6_ddrx_v1_06_a
Analyzing Verilog file "C:/Xilinx/14.4/ISE_DS/EDK/hw/XilinxProcessorIPLib/pcores/axi_s6_ddrx_v1_06_a/hdl/verilog/mcb_soft_calibration_top.v" into library axi_s6_ddrx_v1_06_a
Analyzing Verilog file "C:/Xilinx/14.4/ISE_DS/EDK/hw/XilinxProcessorIPLib/pcores/axi_s6_ddrx_v1_06_a/hdl/verilog/mcb_soft_calibration.v" into library axi_s6_ddrx_v1_06_a
Analyzing Verilog file "C:/Xilinx/14.4/ISE_DS/EDK/hw/XilinxProcessorIPLib/pcores/axi_s6_ddrx_v1_06_a/hdl/verilog/mcb_ui_top_synch.v" into library axi_s6_ddrx_v1_06_a
Analyzing Verilog file "C:/Xilinx/14.4/ISE_DS/EDK/hw/XilinxProcessorIPLib/pcores/axi_s6_ddrx_v1_06_a/hdl/verilog/mcb_ui_top.v" into library axi_s6_ddrx_v1_06_a
Parsing VHDL file "C:/Xilinx/14.4/ISE_DS/EDK/hw/XilinxProcessorIPLib/pcores/interrupt_control_v2_01_a/hdl/vhdl/interrupt_control.vhd" into library interrupt_control_v2_01_a
Parsing VHDL file "C:/Xilinx/14.4/ISE_DS/EDK/hw/XilinxProcessorIPLib/pcores/axi_gpio_v1_01_b/hdl/vhdl/gpio_core.vhd" into library axi_gpio_v1_01_b
Parsing VHDL file "C:/Xilinx/14.4/ISE_DS/EDK/hw/XilinxProcessorIPLib/pcores/axi_gpio_v1_01_b/hdl/vhdl/axi_gpio.vhd" into library axi_gpio_v1_01_b
Parsing VHDL file "C:/Xilinx/14.4/ISE_DS/EDK/hw/XilinxProcessorIPLib/pcores/axi_ethernetlite_v1_01_b/hdl/vhdl/mac_pkg.vhd" into library axi_ethernetlite_v1_01_b
Parsing VHDL file "C:/Xilinx/14.4/ISE_DS/EDK/hw/XilinxProcessorIPLib/pcores/axi_ethernetlite_v1_01_b/hdl/vhdl/cntr5bit.vhd" into library axi_ethernetlite_v1_01_b
Parsing VHDL file "C:/Xilinx/14.4/ISE_DS/EDK/hw/XilinxProcessorIPLib/pcores/axi_ethernetlite_v1_01_b/hdl/vhdl/rx_statemachine.vhd" into library axi_ethernetlite_v1_01_b
Parsing VHDL file "C:/Xilinx/14.4/ISE_DS/EDK/hw/XilinxProcessorIPLib/pcores/axi_ethernetlite_v1_01_b/hdl/vhdl/rx_intrfce.vhd" into library axi_ethernetlite_v1_01_b
Parsing VHDL file "C:/Xilinx/14.4/ISE_DS/EDK/hw/XilinxProcessorIPLib/pcores/axi_ethernetlite_v1_01_b/hdl/vhdl/crcgenrx.vhd" into library axi_ethernetlite_v1_01_b
Parsing VHDL file "C:/Xilinx/14.4/ISE_DS/EDK/hw/XilinxProcessorIPLib/pcores/axi_ethernetlite_v1_01_b/hdl/vhdl/crcnibshiftreg.vhd" into library axi_ethernetlite_v1_01_b
Parsing VHDL file "C:/Xilinx/14.4/ISE_DS/EDK/hw/XilinxProcessorIPLib/pcores/axi_ethernetlite_v1_01_b/hdl/vhdl/receive.vhd" into library axi_ethernetlite_v1_01_b
Parsing VHDL file "C:/Xilinx/14.4/ISE_DS/EDK/hw/XilinxProcessorIPLib/pcores/axi_ethernetlite_v1_01_b/hdl/vhdl/crcgentx.vhd" into library axi_ethernetlite_v1_01_b
Parsing VHDL file "C:/Xilinx/14.4/ISE_DS/EDK/hw/XilinxProcessorIPLib/pcores/axi_ethernetlite_v1_01_b/hdl/vhdl/tx_intrfce.vhd" into library axi_ethernetlite_v1_01_b
Parsing VHDL file "C:/Xilinx/14.4/ISE_DS/EDK/hw/XilinxProcessorIPLib/pcores/axi_ethernetlite_v1_01_b/hdl/vhdl/tx_statemachine.vhd" into library axi_ethernetlite_v1_01_b
Parsing VHDL file "C:/Xilinx/14.4/ISE_DS/EDK/hw/XilinxProcessorIPLib/pcores/axi_ethernetlite_v1_01_b/hdl/vhdl/defer_state.vhd" into library axi_ethernetlite_v1_01_b
Parsing VHDL file "C:/Xilinx/14.4/ISE_DS/EDK/hw/XilinxProcessorIPLib/pcores/axi_ethernetlite_v1_01_b/hdl/vhdl/lfsr16.vhd" into library axi_ethernetlite_v1_01_b
Parsing VHDL file "C:/Xilinx/14.4/ISE_DS/EDK/hw/XilinxProcessorIPLib/pcores/axi_ethernetlite_v1_01_b/hdl/vhdl/bocntr.vhd" into library axi_ethernetlite_v1_01_b
Parsing VHDL file "C:/Xilinx/14.4/ISE_DS/EDK/hw/XilinxProcessorIPLib/pcores/axi_ethernetlite_v1_01_b/hdl/vhdl/deferral.vhd" into library axi_ethernetlite_v1_01_b
Parsing VHDL file "C:/Xilinx/14.4/ISE_DS/EDK/hw/XilinxProcessorIPLib/pcores/axi_ethernetlite_v1_01_b/hdl/vhdl/ram16x4.vhd" into library axi_ethernetlite_v1_01_b
Parsing VHDL file "C:/Xilinx/14.4/ISE_DS/EDK/hw/XilinxProcessorIPLib/pcores/axi_ethernetlite_v1_01_b/hdl/vhdl/macaddrram.vhd" into library axi_ethernetlite_v1_01_b
Parsing VHDL file "C:/Xilinx/14.4/ISE_DS/EDK/hw/XilinxProcessorIPLib/pcores/axi_ethernetlite_v1_01_b/hdl/vhdl/msh_cnt.vhd" into library axi_ethernetlite_v1_01_b
Parsing VHDL file "C:/Xilinx/14.4/ISE_DS/EDK/hw/XilinxProcessorIPLib/pcores/axi_ethernetlite_v1_01_b/hdl/vhdl/transmit.vhd" into library axi_ethernetlite_v1_01_b
Parsing VHDL file "C:/Xilinx/14.4/ISE_DS/EDK/hw/XilinxProcessorIPLib/pcores/axi_ethernetlite_v1_01_b/hdl/vhdl/emac.vhd" into library axi_ethernetlite_v1_01_b
Parsing VHDL file "C:/Xilinx/14.4/ISE_DS/EDK/hw/XilinxProcessorIPLib/pcores/axi_ethernetlite_v1_01_b/hdl/vhdl/emac_dpram.vhd" into library axi_ethernetlite_v1_01_b
Parsing VHDL file "C:/Xilinx/14.4/ISE_DS/EDK/hw/XilinxProcessorIPLib/pcores/axi_ethernetlite_v1_01_b/hdl/vhdl/mdio_if.vhd" into library axi_ethernetlite_v1_01_b
Parsing VHDL file "C:/Xilinx/14.4/ISE_DS/EDK/hw/XilinxProcessorIPLib/pcores/axi_ethernetlite_v1_01_b/hdl/vhdl/axi_interface.vhd" into library axi_ethernetlite_v1_01_b
Parsing VHDL file "C:/Xilinx/14.4/ISE_DS/EDK/hw/XilinxProcessorIPLib/pcores/axi_ethernetlite_v1_01_b/hdl/vhdl/xemac.vhd" into library axi_ethernetlite_v1_01_b
Parsing VHDL file "C:/Xilinx/14.4/ISE_DS/EDK/hw/XilinxProcessorIPLib/pcores/axi_ethernetlite_v1_01_b/hdl/vhdl/axi_ethernetlite.vhd" into library axi_ethernetlite_v1_01_b
Parsing VHDL file "C:/Users/mbenoit/Documents/FPGA_Projects/MIMTLU/pcores/mimtlu_v1_00_a/hdl/vhdl/MIMTLU_core.vhd" into library mimtlu_v1_00_a
Parsing VHDL file "C:/Users/mbenoit/Documents/FPGA_Projects/MIMTLU/pcores/mimtlu_v1_00_a/hdl/vhdl/TLU_SIMULATOR.vhd" into library mimtlu_v1_00_a
Parsing VHDL file "C:/Users/mbenoit/Documents/FPGA_Projects/MIMTLU/pcores/mimtlu_v1_00_a/hdl/vhdl/TOP.vhd" into library mimtlu_v1_00_a
Parsing VHDL file "C:/Users/mbenoit/Documents/FPGA_Projects/MIMTLU/pcores/mimtlu_v1_00_a/hdl/vhdl/user_logic.vhd" into library mimtlu_v1_00_a
Parsing VHDL file "C:/Users/mbenoit/Documents/FPGA_Projects/MIMTLU/pcores/mimtlu_v1_00_a/hdl/vhdl/mimtlu.vhd" into library mimtlu_v1_00_a
Parsing VHDL file "system_proc_sys_reset_0_wrapper.vhd" into library work
Parsing VHDL file "system_microblaze_0_intc_wrapper.vhd" into library work
Parsing VHDL file "system_microblaze_0_ilmb_wrapper.vhd" into library work
Parsing VHDL file "system_microblaze_0_i_bram_ctrl_wrapper.vhd" into library work
Parsing VHDL file "system_microblaze_0_dlmb_wrapper.vhd" into library work
Parsing VHDL file "system_microblaze_0_d_bram_ctrl_wrapper.vhd" into library work
Parsing VHDL file "system_microblaze_0_bram_block_wrapper.vhd" into library work
Parsing VHDL file "system_microblaze_0_wrapper.vhd" into library work
Parsing VHDL file "system_debug_module_wrapper.vhd" into library work
Parsing VHDL file "system_clock_generator_0_wrapper.vhd" into library work
Parsing VHDL file "system_axi_timer_0_wrapper.vhd" into library work
Analyzing Verilog file "system_axi4lite_0_wrapper.v" into library work
      Resolving module axi_interconnect
      Resolving module ict106_register_slice_bank
      Resolving module ict106_protocol_conv_bank
      Resolving module ict106_converter_bank
      Resolving module ict106_data_fifo_bank
      Resolving module ict106_axi_crossbar
      Resolving module ict106_axi_register_slice
      Resolving module ict106_axi_protocol_converter
      Resolving module ict106_axi_upsizer
      Resolving module ict106_axi_clock_converter
      Resolving module ict106_axi_downsizer
      Resolving module ict106_axi_data_fifo
      Resolving module ict106_crossbar
      Resolving module ict106_crossbar_sasd
      Resolving module ict106_axic_register_slice
      Resolving module ict106_axilite_conv
      Resolving module ict106_axi3_conv
      Resolving module ict106_a_upsizer
      Resolving module ict106_w_upsizer
      Resolving module ict106_r_upsizer
      Resolving module fifo_generator_v9_1
      Resolving module ict106_axic_sample_cycle_ratio
      Resolving module ict106_axic_sync_clock_converter
      Resolving module ict106_a_downsizer
      Resolving module ict106_w_downsizer
      Resolving module ict106_b_downsizer
      Resolving module ict106_r_downsizer
      Resolving module ict106_si_transactor
      Resolving module ict106_splitter
      Resolving module ict106_wdata_router
      Resolving module ict106_addr_decoder
      Resolving module ict106_wdata_mux
      Resolving module ict106_axic_srl_fifo
      Resolving module ict106_addr_arbiter
      Resolving module ict106_decerr_slave
      Resolving module ict106_addr_arbiter_sasd
      Resolving module ict106_mux_enc
      Resolving module ict106_a_axi3_conv
      Resolving module ict106_w_axi3_conv
      Resolving module ict106_r_axi3_conv
      Resolving module ict106_carry_latch_and
      Resolving module ict106_carry_and
      Resolving module ict106_comparator
      Resolving module ict106_carry_or
      Resolving module ict106_command_fifo
      Resolving module ict106_comparator_sel_static
      Resolving module ict106_comparator_sel
      Resolving module ict106_axic_fifo
      Resolving module ict106_arbiter_resp
      Resolving module ict106_axic_reg_srl_fifo
      Resolving module ict106_comparator_static
      Resolving module ict106_ndeep_srl
      Resolving module ict106_carry_latch_or
      Resolving module ict106_fifo_gen
      Resolving module ict106_nto1_mux
Analyzing Verilog file "system_axi4_0_wrapper.v" into library work
      Resolving module axi_interconnect
      Resolving module ict106_register_slice_bank
      Resolving module ict106_protocol_conv_bank
      Resolving module ict106_converter_bank
      Resolving module ict106_data_fifo_bank
      Resolving module ict106_axi_crossbar
      Resolving module ict106_axi_register_slice
      Resolving module ict106_axi_protocol_converter
      Resolving module ict106_axi_upsizer
      Resolving module ict106_axi_clock_converter
      Resolving module ict106_axi_downsizer
      Resolving module ict106_axi_data_fifo
      Resolving module ict106_crossbar
      Resolving module ict106_crossbar_sasd
      Resolving module ict106_axic_register_slice
      Resolving module ict106_axilite_conv
      Resolving module ict106_axi3_conv
      Resolving module ict106_a_upsizer
      Resolving module ict106_w_upsizer
      Resolving module ict106_r_upsizer
      Resolving module fifo_generator_v9_1
      Resolving module ict106_axic_sample_cycle_ratio
      Resolving module ict106_axic_sync_clock_converter
      Resolving module ict106_a_downsizer
      Resolving module ict106_w_downsizer
      Resolving module ict106_b_downsizer
      Resolving module ict106_r_downsizer
      Resolving module ict106_si_transactor
      Resolving module ict106_splitter
      Resolving module ict106_wdata_router
      Resolving module ict106_addr_decoder
      Resolving module ict106_wdata_mux
      Resolving module ict106_axic_srl_fifo
      Resolving module ict106_addr_arbiter
      Resolving module ict106_decerr_slave
      Resolving module ict106_addr_arbiter_sasd
      Resolving module ict106_mux_enc
      Resolving module ict106_a_axi3_conv
      Resolving module ict106_w_axi3_conv
      Resolving module ict106_r_axi3_conv
      Resolving module ict106_carry_latch_and
      Resolving module ict106_carry_and
      Resolving module ict106_comparator
      Resolving module ict106_carry_or
      Resolving module ict106_command_fifo
      Resolving module ict106_comparator_sel_static
      Resolving module ict106_comparator_sel
      Resolving module ict106_axic_fifo
      Resolving module ict106_arbiter_resp
      Resolving module ict106_axic_reg_srl_fifo
      Resolving module ict106_comparator_static
      Resolving module ict106_ndeep_srl
      Resolving module ict106_carry_latch_or
      Resolving module ict106_fifo_gen
      Resolving module ict106_nto1_mux
Parsing VHDL file "system_usb_uart_wrapper.vhd" into library work
Analyzing Verilog file "system_mcb3_lpddr_wrapper.v" into library work
      Resolving module axi_s6_ddrx
      Resolving module mcb_ui_top_synch
      Resolving module mcb_ui_top
      Resolving module mcb_raw_wrapper
      Resolving module axi_mcb
      Resolving module mcb_soft_calibration_top
      Resolving module axi_mcb_axi_register_slice
      Resolving module axi_mcb_axi_upsizer
      Resolving module axi_mcb_aw_channel
      Resolving module axi_mcb_w_channel
      Resolving module axi_mcb_b_channel
      Resolving module axi_mcb_ar_channel
      Resolving module axi_mcb_r_channel
      Resolving module axi_mcb_cmd_arbiter
      Resolving module axi_mcb_axic_register_slice
      Resolving module mcb_soft_calibration
      Resolving module axi_mcb_a_upsizer
      Resolving module axi_mcb_w_upsizer
      Resolving module axi_mcb_r_upsizer
      Resolving module axi_mcb_cmd_translator
      Resolving module axi_mcb_cmd_fsm
      Resolving module axi_mcb_simple_fifo
      Resolving module iodrp_controller
      Resolving module iodrp_mcb_controller
      Resolving module axi_mcb_carry_latch_and
      Resolving module axi_mcb_carry_and
      Resolving module axi_mcb_comparator
      Resolving module axi_mcb_carry_or
      Resolving module axi_mcb_command_fifo
      Resolving module axi_mcb_comparator_sel_static
      Resolving module axi_mcb_comparator_sel
      Resolving module axi_mcb_incr_cmd
      Resolving module axi_mcb_wrap_cmd
      Resolving module axi_mcb_carry_latch_or
Parsing VHDL file "system_leds_4bits_wrapper.vhd" into library work
Parsing VHDL file "system_ethernet_mac_wrapper.vhd" into library work
Parsing VHDL file "system_dip_switches_4bits_wrapper.vhd" into library work
Parsing VHDL file "system_mimtlu_0_wrapper.vhd" into library work
Parsing VHDL file "system.vhd" into library work
Parsing VHDL file "system_tb.vhd" into library work
Analyzing Verilog file "C:/Xilinx/14.4/ISE_DS/ISE/verilog/src/glbl.v" into library work
Starting static elaboration
WARNING:HDLCompiler:746 - "C:/Xilinx/14.4/ISE_DS/EDK/hw/XilinxProcessorIPLib/pcores/axi_lite_ipif_v1_01_a/hdl/vhdl/slave_attachment.vhd" Line 260: Range is empty (null range)
WARNING:HDLCompiler:746 - "C:/Xilinx/14.4/ISE_DS/EDK/hw/XilinxProcessorIPLib/pcores/microblaze_v8_40_b/hdl/vhdl/debug.vhd" Line 1691: Range is empty (null range)
WARNING:HDLCompiler:746 - "C:/Xilinx/14.4/ISE_DS/EDK/hw/XilinxProcessorIPLib/pcores/axi_lite_ipif_v1_01_a/hdl/vhdl/slave_attachment.vhd" Line 260: Range is empty (null range)
WARNING:HDLCompiler:746 - "C:/Xilinx/14.4/ISE_DS/EDK/hw/XilinxProcessorIPLib/pcores/axi_lite_ipif_v1_01_a/hdl/vhdl/slave_attachment.vhd" Line 260: Range is empty (null range)
WARNING:HDLCompiler:746 - "C:/Xilinx/14.4/ISE_DS/EDK/hw/XilinxProcessorIPLib/pcores/axi_lite_ipif_v1_01_a/hdl/vhdl/slave_attachment.vhd" Line 260: Range is empty (null range)
WARNING:HDLCompiler:329 - "v:/hipsBuilds/P_hips_v13.0/rst/hips/mcb/common_modules.v" Line 260: Target <(null)> of concurrent assignment or output port connection should be a net type.
Completed static elaboration
Compiling module glbl
Compiling module ict106_axic_register_slice(C_FAM...
Compiling module ict106_axic_register_slice(C_FAM...
Compiling module ict106_axic_register_slice(C_FAM...
Compiling module ict106_axic_register_slice(C_FAM...
Compiling module ict106_axi_register_slice(C_FAMI...
Compiling module ict106_register_slice_bank(C_FAM...
Compiling module ict106_register_slice_bank(C_FAM...
Compiling module ict106_axilite_conv(C_FAMILY="sp...
Compiling module ict106_axi_protocol_converter(C_...
Compiling module ict106_protocol_conv_bank(C_FAMI...
Compiling module ict106_axi_clock_converter(C_FAM...
Compiling module ict106_converter_bank(C_FAMILY="...
Compiling module ict106_converter_bank(C_FAMILY="...
Compiling module ict106_axi_data_fifo(C_FAMILY="s...
Compiling module ict106_data_fifo_bank(C_FAMILY="...
Compiling module ict106_data_fifo_bank(C_FAMILY="...
Compiling module ict106_addr_arbiter_sasd(C_MAX_S...
Compiling module MUXCY
Compiling module ict106_carry_and(C_FAMILY="spart...
Compiling module ict106_comparator_static(C_FAMIL...
Compiling module ict106_comparator_static(C_FAMIL...
Compiling module ict106_comparator_static(C_FAMIL...
Compiling module ict106_comparator_static(C_FAMIL...
Compiling module ict106_comparator_static(C_FAMIL...
Compiling module ict106_comparator_static(C_FAMIL...
Compiling module ict106_comparator_static(C_FAMIL...
Compiling module ict106_comparator_static(C_FAMIL...
Compiling module ict106_addr_decoder(C_FAMILY="sp...
Compiling module ict106_splitter(C_NUM_M=3)
Compiling module ict106_splitter
Compiling module MUXF7
Compiling module MUXF8
Compiling module ict106_mux_enc(C_FAMILY="spartan...
Compiling module ict106_mux_enc(C_FAMILY="spartan...
Compiling module ict106_mux_enc(C_FAMILY="spartan...
Compiling module ict106_axic_register_slice(C_FAM...
Compiling module ict106_mux_enc(C_FAMILY="spartan...
Compiling module ict106_decerr_slave(C_AXI_DATA_W...
Compiling module ict106_crossbar_sasd(C_MAX_S=16,...
Compiling module ict106_axi_crossbar(C_FAMILY="sp...
Compiling module axi_interconnect(C_BASEFAMILY="s...
Compiling module system_axi4lite_0_wrapper
Compiling module ict106_axic_register_slice(C_FAM...
Compiling module ict106_axic_register_slice(C_FAM...
Compiling module ict106_axic_register_slice(C_FAM...
Compiling module ict106_axic_register_slice(C_FAM...
Compiling module ict106_axi_register_slice(C_FAMI...
Compiling module ict106_register_slice_bank(C_FAM...
Compiling module ict106_axic_register_slice(C_FAM...
Compiling module ict106_axic_register_slice(C_FAM...
Compiling module ict106_axic_register_slice(C_FAM...
Compiling module ict106_axic_register_slice(C_FAM...
Compiling module ict106_axi_register_slice(C_FAMI...
Compiling module ict106_register_slice_bank(C_FAM...
Compiling module ict106_protocol_conv_bank(C_FAMI...
Compiling module ict106_axi_clock_converter(C_FAM...
Compiling module ict106_axi_clock_converter(C_FAM...
Compiling module ict106_converter_bank(C_FAMILY="...
Compiling module ict106_converter_bank(C_FAMILY="...
Compiling module ict106_axi_data_fifo(C_FAMILY="s...
Compiling module ict106_axi_data_fifo(C_FAMILY="s...
Compiling module ict106_data_fifo_bank(C_FAMILY="...
Compiling module ict106_data_fifo_bank(C_FAMILY="...
Compiling module ict106_mux_enc(C_FAMILY="spartan...
Compiling module ict106_si_transactor(C_MAX_M=16,...
Compiling module ict106_mux_enc(C_FAMILY="spartan...
Compiling module ict106_si_transactor(C_MAX_M=16,...
Compiling module SRLC32E
Compiling module ict106_ndeep_srl(C_FAMILY="spart...
Compiling module ict106_axic_reg_srl_fifo(C_FAMIL...
Compiling module ict106_wdata_router(C_FAMILY="sp...
Compiling module ict106_si_transactor(C_MAX_M=16,...
Compiling module ict106_addr_decoder(C_FAMILY="sp...
Compiling module ict106_ndeep_srl(C_FAMILY="spart...
Compiling module ict106_axic_reg_srl_fifo(C_FAMIL...
Compiling module ict106_wdata_mux(C_FAMILY="spart...
Compiling module ict106_axic_register_slice(C_FAM...
Compiling module ict106_axic_register_slice(C_FAM...
Compiling module ict106_axic_register_slice(C_FAM...
Compiling module ict106_axic_register_slice(C_FAM...
Compiling module ict106_axi_register_slice(C_FAMI...
Compiling module ict106_ndeep_srl(C_FAMILY="spart...
Compiling module ict106_axic_reg_srl_fifo(C_FAMIL...
Compiling module ict106_wdata_mux(C_FAMILY="spart...
Compiling module ict106_axic_register_slice(C_FAM...
Compiling module ict106_axi_register_slice(C_FAMI...
Compiling module ict106_mux_enc(C_FAMILY="spartan...
Compiling module ict106_mux_enc(C_FAMILY="spartan...
Compiling module ict106_addr_arbiter(C_MAX_S=16,C...
Compiling module ict106_crossbar(C_MAX_S=16,C_MAX...
Compiling module ict106_axi_crossbar(C_FAMILY="sp...
Compiling module axi_interconnect(C_BASEFAMILY="s...
Compiling module system_axi4_0_wrapper
Compiling module mcb_ui_top_synch(C_SYNCH_WIDTH=1...
Compiling module BUFPLL_MCB_default
Compiling module xil_mcb_mod49
Compiling module xil_mcb_mod109
Compiling module xil_mcb_mod46
Compiling module xil_mcb_mod20
Compiling module xil_mcb_mod21
Compiling module xil_mcb_mod22
Compiling module xil_mcb_mod19
Compiling module xil_mcb_mod31
Compiling module xil_mcb_mod29
Compiling module xil_mcb_mod24
Compiling module xil_mcb_mod25
Compiling module xil_mcb_mod27
Compiling module xil_mcb_mod28_default
Compiling module xil_mcb_mod33
Compiling module xil_mcb_mod32
Compiling module xil_mcb_mod106
Compiling module xil_mcb_mod62
Compiling module xil_mcb_mod63
Compiling module xil_mcb_mod61
Compiling module xil_mcb_mod64
Compiling module xil_mcb_mod65
Compiling module xil_mcb_mod111
Compiling module xil_mcb_mod110
Compiling module xil_mcb_mod47
Compiling module xil_mcb_mod38
Compiling module xil_mcb_mod39
Compiling module xil_mcb_mod40
Compiling module xil_mcb_mod41
Compiling module xil_mcb_mod42
Compiling module xil_mcb_mod43
Compiling module xil_mcb_mod44
Compiling module xil_mcb_mod50
Compiling module xil_mcb_mod45(PORT_CONFIG="B32_B...
Compiling module xil_mcb_mod48(PORT_CONFIG="B32_B...
Compiling module xil_mcb_mod100
Compiling module xil_mcb_mod72(RD_WRB=1,PIN_WIDTH...
Compiling module xil_mcb_mod73
Compiling module xil_mcb_mod92
Compiling module xil_mcb_mod93
Compiling module xil_mcb_mod78
Compiling module xil_mcb_mod102
Compiling module xil_mcb_mod101
Compiling module xil_mcb_mod77
Compiling module xil_mcb_mod98
Compiling module xil_mcb_mod97
Compiling module xil_mcb_mod80
Compiling module xil_mcb_mod81
Compiling module xil_mcb_mod86
Compiling module xil_mcb_mod91
Compiling module xil_mcb_mod90
Compiling module xil_mcb_mod76
Compiling module xil_mcb_mod75
Compiling module xil_mcb_mod88
Compiling module xil_mcb_mod79
Compiling module xil_mcb_mod74
Compiling module xil_mcb_mod82
Compiling module xil_mcb_mod87
Compiling module xil_mcb_mod83
Compiling module xil_mcb_mod96
Compiling module xil_mcb_mod94
Compiling module xil_mcb_mod95
Compiling module xil_mcb_mod84
Compiling module xil_mcb_mod89
Compiling module xil_mcb_mod99
Compiling module xil_mcb_mod85
Compiling module xil_mcb_mod103(PIN_WIDTH=16)
Compiling module xil_mcb_mod72(RD_WRB=0,PIN_WIDTH...
Compiling module xil_mcb_mod103(RD_WRB=0,PIN_WIDT...
Compiling module xil_mcb_mod103(RD_WRB=1,PIN_WIDT...
Compiling module xil_mcb_mod104(PIN_WIDTH=16,PORT...
Compiling module xil_mcb_mod56
Compiling module xil_mcb_mod107
Compiling module xil_mcb_mod59
Compiling module xil_mcb_mod108
Compiling module xil_mcb_mod52
Compiling module xil_mcb_mod53
Compiling module xil_mcb_mod5
Compiling module xil_mcb_mod54
Compiling module xil_mcb_mod70
Compiling module xil_mcb_mod55
Compiling module xil_mcb_mod57
Compiling module xil_mcb_mod58
Compiling module xil_mcb_mod51
Compiling module xil_mcb_mod17
Compiling module xil_mcb_mod14
Compiling module xil_mcb_mod0
Compiling module xil_mcb_mod23
Compiling module xil_mcb_mod67
Compiling module xil_mcb_mod68
Compiling module xil_mcb_mod66
Compiling module xil_mcb_mod7
Compiling module xil_mcb_mod69
Compiling module xil_mcb_mod71
Compiling module MCB_des(PORT_CONFIG="B32_B32_B32...
Compiling module B_MCB(ARB_NUM_TIME_SLOTS=12,ARB_...
Compiling module MCB(ARB_NUM_TIME_SLOTS=12,ARB_TI...
Compiling module iodrp_controller
Compiling module iodrp_mcb_controller
Compiling module mcb_soft_calibration(C_MEM_TZQIN...
Compiling module IOBUF
Compiling module IODRP2_default
Compiling module mcb_soft_calibration_top(C_MEM_T...
Compiling module OSERDES2_copy1
Compiling module OSERDES2(BYPASS_GCLK_FF="TRUE",D...
Compiling module OSERDES2(BYPASS_GCLK_FF="TRUE",D...
Compiling module OSERDES2(BYPASS_GCLK_FF="TRUE",D...
Compiling module IODRP2_MCB(DATA_RATE="SDR",IDELA...
Compiling module IODRP2_MCB(DATA_RATE="SDR",IDELA...
Compiling module IODRP2_MCB(DATA_RATE="SDR",IDELA...
Compiling module IODRP2_MCB(DATA_RATE="SDR",IDELA...
Compiling module IODRP2_MCB(DATA_RATE="SDR",IDELA...
Compiling module IODRP2_MCB(DATA_RATE="SDR",IDELA...
Compiling module IODRP2_MCB(DATA_RATE="SDR",IDELA...
Compiling module IODRP2_MCB(DATA_RATE="SDR",IDELA...
Compiling module IODRP2_MCB(DATA_RATE="SDR",IDELA...
Compiling module IODRP2_MCB(DATA_RATE="SDR",IDELA...
Compiling module IODRP2_MCB(DATA_RATE="SDR",IDELA...
Compiling module IODRP2_MCB(DATA_RATE="SDR",IDELA...
Compiling module IODRP2_MCB(DATA_RATE="SDR",IDELA...
Compiling module IODRP2_MCB(DATA_RATE="SDR",IDELA...
Compiling module IODRP2_MCB(DATA_RATE="SDR",IDELA...
Compiling module IODRP2_MCB(DATA_RATE="SDR",IDELA...
Compiling module IODRP2_MCB(DATA_RATE="SDR",IDELA...
Compiling module IODRP2_MCB(DATA_RATE="SDR",IDELA...
Compiling module IODRP2_MCB(DATA_RATE="SDR",IDELA...
Compiling module IODRP2_MCB(DATA_RATE="SDR",IDELA...
Compiling module IODRP2_MCB(DATA_RATE="SDR",MCB_A...
Compiling module IODRP2_MCB(DATA_RATE="SDR",MCB_A...
Compiling module OBUFT
Compiling module OBUFTDS
Compiling module PULLDOWN
Compiling module mcb_raw_wrapper(C_MEMCLK_PERIOD=...
Compiling module mcb_ui_top_synch_copy1
Compiling module axi_mcb_axic_register_slice(C_FA...
Compiling module axi_mcb_axic_register_slice(C_FA...
Compiling module axi_mcb_axic_register_slice(C_FA...
Compiling module axi_mcb_axic_register_slice(C_FA...
Compiling module axi_mcb_axi_register_slice(C_FAM...
Compiling module axi_mcb_axic_register_slice(C_FA...
Compiling module axi_mcb_axic_register_slice(C_FA...
Compiling module axi_mcb_axic_register_slice(C_FA...
Compiling module axi_mcb_axic_register_slice(C_FA...
Compiling module axi_mcb_axic_register_slice(C_FA...
Compiling module axi_mcb_axi_register_slice(C_FAM...
Compiling module axi_mcb_incr_cmd(C_AXI_ADDR_WIDT...
Compiling module axi_mcb_wrap_cmd(C_AXI_ADDR_WIDT...
Compiling module axi_mcb_cmd_translator(C_AXI_ADD...
Compiling module axi_mcb_cmd_fsm
Compiling module axi_mcb_aw_channel(C_ID_WIDTH=1,...
Compiling module axi_mcb_w_channel(C_DATA_WIDTH=3...
Compiling module axi_mcb_simple_fifo(C_WIDTH=1,C_...
Compiling module axi_mcb_b_channel(C_ID_WIDTH=1,C...
Compiling module axi_mcb_ar_channel(C_ID_WIDTH=1,...
Compiling module axi_mcb_simple_fifo(C_WIDTH=7,C_...
Compiling module axi_mcb_r_channel(C_ID_WIDTH=1,C...
Compiling module axi_mcb_cmd_arbiter(C_MCB_ADDR_W...
Compiling module axi_mcb(C_S_AXI_ID_WIDTH=1,C_S_A...
Compiling module mcb_ui_top(C_MEMCLK_PERIOD=5000,...
Compiling module axi_s6_ddrx(C_MEMCLK_PERIOD=5000...
Compiling module system_mcb3_lpddr_wrapper
Compiling package standard
Compiling package std_logic_1164
Compiling package vcomponents
Compiling package vl_types
Compiling package std_logic_arith
Compiling architecture imp of entity upcnt_n [\upcnt_n(4)\]
Compiling package textio
Compiling package vital_timing
Compiling package vital_primitives
Compiling package vpkg
Compiling architecture srl16_v of entity SRL16 [\SRL16("1111111111111111")(0,15)...]
Compiling architecture imp of entity lpf [\lpf(4,4,'1','1')\]
Compiling architecture imp of entity upcnt_n [\upcnt_n(6)\]
Compiling architecture imp of entity sequence [sequence_default]
Compiling architecture imp of entity proc_sys_reset [\proc_sys_reset(4,4,'1','1',1,1,...]
Compiling architecture structure of entity system_proc_sys_reset_0_wrapper [system_proc_sys_reset_0_wrapper_...]
Compiling package std_logic_unsigned
Compiling package proc_common_pkg
Compiling package ipif_pkg
Compiling package numeric_std
Compiling package math_real
Compiling package attributes
Compiling package std_logic_misc
Compiling package family_support
Compiling package family
Compiling architecture imp of entity intc_core [\intc_core("spartan6",32,4,('1',...]
Compiling architecture imp of entity pselect_f [\pselect_f(3,9,('0','0','0','0',...]
Compiling architecture imp of entity pselect_f [\pselect_f(4,4,('0','0','0','0')...]
Compiling architecture imp of entity pselect_f [\pselect_f(4,4,('0','0','0','1')...]
Compiling architecture imp of entity pselect_f [\pselect_f(4,4,('0','0','1','0')...]
Compiling architecture imp of entity pselect_f [\pselect_f(4,4,('0','0','1','1')...]
Compiling architecture imp of entity pselect_f [\pselect_f(4,4,('0','1','0','0')...]
Compiling architecture imp of entity pselect_f [\pselect_f(4,4,('0','1','0','1')...]
Compiling architecture imp of entity pselect_f [\pselect_f(4,4,('0','1','1','0')...]
Compiling architecture imp of entity pselect_f [\pselect_f(4,4,('0','1','1','1')...]
Compiling architecture imp of entity pselect_f [\pselect_f(4,4,('1','0','0','0')...]
Compiling architecture imp of entity pselect_f [\pselect_f(4,4,('1','0','0','1')...]
Compiling architecture imp of entity pselect_f [\pselect_f(4,4,('1','0','1','0')...]
Compiling architecture imp of entity pselect_f [\pselect_f(4,4,('1','0','1','1')...]
Compiling architecture imp of entity pselect_f [\pselect_f(4,4,('1','1','0','0')...]
Compiling architecture imp of entity pselect_f [\pselect_f(4,4,('1','1','0','1')...]
Compiling architecture imp of entity pselect_f [\pselect_f(4,4,('1','1','1','0')...]
Compiling architecture imp of entity pselect_f [\pselect_f(4,4,('1','1','1','1')...]
Compiling architecture imp of entity pselect_f [\pselect_f(2,9,('1','0','0','0',...]
Compiling architecture imp of entity address_decoder [\address_decoder(9,('0','0','0',...]
Compiling architecture imp of entity slave_attachment [\slave_attachment((('0','0','0',...]
Compiling architecture imp of entity axi_lite_ipif [\axi_lite_ipif(32,9,('0','0','0'...]
Compiling architecture imp of entity axi_intc [\axi_intc("spartan6","microblaze...]
Compiling architecture structure of entity system_microblaze_0_intc_wrapper [system_microblaze_0_intc_wrapper...]
Compiling architecture fds_v of entity FDS [\FDS('1')\]
Compiling architecture imp of entity lmb_v10 [\lmb_v10(1,32,32,1)\]
Compiling architecture structure of entity system_microblaze_0_ilmb_wrapper [system_microblaze_0_ilmb_wrapper...]
Compiling package lmb_bram_if_funcs
Compiling architecture imp of entity pselect_mask [\pselect_mask(32,('0','0','0','0...]
Compiling architecture imp of entity lmb_mux [\lmb_mux(('0','0','0','0','0','0...]
Compiling architecture imp of entity lmb_bram_if_cntlr [\lmb_bram_if_cntlr("spartan6",('...]
Compiling architecture structure of entity system_microblaze_0_i_bram_ctrl_wrapper [system_microblaze_0_i_bram_ctrl_...]
Compiling architecture structure of entity system_microblaze_0_dlmb_wrapper [system_microblaze_0_dlmb_wrapper...]
Compiling architecture structure of entity system_microblaze_0_d_bram_ctrl_wrapper [system_microblaze_0_d_bram_ctrl_...]
Compiling package std_logic_signed
Compiling package std_logic_textio
Compiling architecture ramb16bwer_v of entity RAMB16BWER [\RAMB16BWER(9,9,0,0,true,true,"0...]
Compiling architecture ramb16bwer_v of entity RAMB16BWER [\RAMB16BWER(9,9,0,0,true,true,"0...]
Compiling architecture ramb16bwer_v of entity RAMB16BWER [\RAMB16BWER(9,9,0,0,true,true,"0...]
Compiling architecture ramb16bwer_v of entity RAMB16BWER [\RAMB16BWER(9,9,0,0,true,true,"0...]
Compiling architecture structure of entity microblaze_0_bram_block_elaborate [\microblaze_0_bram_block_elabora...]
Compiling architecture structure of entity system_microblaze_0_bram_block_wrapper [system_microblaze_0_bram_block_w...]
Compiling package microblaze_types
Compiling package microblaze_isa
Compiling architecture imp of entity interrupt_mode_converter [\interrupt_mode_converter(false,...]
Compiling architecture srl16e_v of entity SRL16E [\SRL16E("0000000000000000")(0,15...]
Compiling architecture imp of entity MB_SRL16E [\MB_SRL16E("yes",false,"00000000...]
Compiling architecture muxcy_l_v of entity MUXCY_L [muxcy_l_default]
Compiling architecture xorcy_v of entity XORCY [xorcy_default]
Compiling architecture fdr_v of entity FDR [\FDR('0')\]
Compiling architecture imp of entity PreFetch_Buffer [\PreFetch_Buffer(spartan6,0,0,"y...]
Compiling architecture lut4_v of entity LUT4 [\LUT4("1111100000000000")(0,15)\]
Compiling architecture lut3_v of entity LUT3 [\LUT3("00000100")(0,7)\]
Compiling architecture fde_v of entity FDE [\FDE('0')\]
Compiling architecture mult_and_v of entity MULT_AND [mult_and_default]
Compiling architecture fdre_v of entity FDRE [\FDRE('0')\]
Compiling architecture fdrse_v of entity FDRSE [\FDRSE('0')\]
Compiling architecture fdse_v of entity FDSE [\FDSE('1')\]
Compiling architecture imp of entity Decode [\Decode(32,1,spartan6,true,0,1,t...]
Compiling architecture ram32x1d_v of entity RAM32X1D [\RAM32X1D("000000000000000000000...]
Compiling architecture imp of entity Register_File_Bit [\Register_File_Bit(spartan6)\]
Compiling architecture imp of entity Register_File [\Register_File(32,spartan6,"yes"...]
Compiling architecture lut6_2_v of entity LUT6_2 [\LUT6_2("11111111000000001111111...]
Compiling architecture imp of entity Operand_Select_Bit [\Operand_Select_Bit(spartan6,tru...]
Compiling architecture imp of entity Operand_Select_Bit [\Operand_Select_Bit(spartan6,tru...]
Compiling architecture imp of entity Operand_Select_Bit [\Operand_Select_Bit(spartan6,tru...]
Compiling architecture imp of entity Operand_Select_Bit [\Operand_Select_Bit(spartan6,tru...]
Compiling architecture imp of entity Operand_Select_Bit [\Operand_Select_Bit(spartan6,tru...]
Compiling architecture imp of entity Operand_Select_Bit [\Operand_Select_Bit(spartan6,tru...]
Compiling architecture imp of entity Operand_Select_Bit [\Operand_Select_Bit(spartan6,tru...]
Compiling architecture imp of entity Operand_Select [\Operand_Select(32,0,false,false...]
Compiling architecture imp of entity ALU_Bit [\ALU_Bit(spartan6,true,false)\]
Compiling architecture lut6_v of entity LUT6 [\LUT6("0110000001111010101001100...]
Compiling architecture imp of entity ALU_Bit [\ALU_Bit(spartan6,true,true)\]
Compiling architecture imp of entity ALU [\ALU(1,true,spartan6)\]
Compiling architecture muxf5_v of entity MUXF5 [muxf5_default]
Compiling architecture imp of entity Shift_Logic_Bit [\Shift_Logic_Bit(spartan6)\]
Compiling architecture imp of entity count_leading_zeros [count_leading_zeros_default]
Compiling architecture imp of entity carry_equal [\carry_equal(spartan6,8)\]
Compiling architecture lut2_v of entity LUT2 [\LUT2("1110")(0,3)\]
Compiling architecture imp of entity Shift_Logic_Module [\Shift_Logic_Module(true,32,spar...]
Compiling architecture imp of entity barrel_shift [\barrel_shift(32,true,spartan6)\]
Compiling architecture imp of entity Div_unit [\Div_unit(spartan6,32,true,"yes"...]
Compiling architecture dsp48a_v of entity DSP48A [\DSP48A(0,0,0,0,0,"OPMODE5",0,0,...]
Compiling architecture imp of entity dsp_module [\dsp_module(spartan6,18,18,48,0,...]
Compiling architecture dsp48a_v of entity DSP48A [\DSP48A(0,0,0,0,0,"OPMODE5",0,0,...]
Compiling architecture imp of entity dsp_module [\dsp_module(spartan6,18,18,48,0,...]
Compiling architecture dsp48a_v of entity DSP48A [\DSP48A(1,0,1,0,0,"OPMODE5",0,0,...]
Compiling architecture imp of entity dsp_module [\dsp_module(spartan6,18,18,48,1,...]
Compiling architecture imp of entity mul_unit [\mul_unit(spartan6,true,false)\]
Compiling architecture fd_v of entity FD [\FD('0')\]
Compiling architecture imp of entity Result_Mux_Bit [\Result_Mux_Bit(spartan6)\]
Compiling architecture imp of entity Result_Mux [\Result_Mux(32,spartan6)\]
Compiling architecture imp of entity Zero_Detect [\Zero_Detect(32,spartan6)\]
Compiling architecture imp of entity MSR_Reg_Bit [\MSR_Reg_Bit(spartan6)\]
Compiling architecture imp of entity MSR_Reg [\MSR_Reg(spartan6,('0','0','0','...]
Compiling architecture imp of entity PC_Bit [\PC_Bit(spartan6,'0',"yes")(1,3)...]
Compiling architecture imp of entity PC_Bit [\PC_Bit(spartan6,'1',"yes")(1,3)...]
Compiling architecture imp of entity PC_Module [\PC_Module(32,spartan6,('0','0',...]
Compiling architecture imp of entity PVR [\PVR(0,('0','0','0','1','1','0',...]
Compiling architecture imp of entity Data_Flow [\Data_Flow(32,spartan6,true,1,0,...]
Compiling architecture imp of entity Byte_Doublet_Handle [\Byte_Doublet_Handle(spartan6,tr...]
Compiling architecture imp of entity DAXI_interface [\DAXI_interface(1,32,32,false,fa...]
Compiling architecture imp of entity MB_SRL16E [\MB_SRL16E("yes",true,"100010000...]
Compiling architecture imp of entity MB_SRL16E [\MB_SRL16E("yes",true,"000000100...]
Compiling architecture imp of entity MB_SRL16E [\MB_SRL16E("yes",true,"111111111...]
Compiling architecture imp of entity MB_SRL16E [\MB_SRL16E("yes",true,"101001111...]
Compiling architecture imp of entity MB_SRL16E [\MB_SRL16E("yes",true,"000000000...]
Compiling architecture imp of entity MB_SRL16E [\MB_SRL16E("yes",true,"101001000...]
Compiling architecture imp of entity MB_SRL16E [\MB_SRL16E("yes",true,"000100000...]
Compiling architecture imp of entity MB_SRL16E [\MB_SRL16E("yes",true,"000110010...]
Compiling architecture srlc16e_v of entity SRLC16E [\SRLC16E("0000000000000000")(0,1...]
Compiling architecture imp of entity MB_SRLC16E [\MB_SRLC16E("yes","0000000000000...]
Compiling architecture muxcy_v of entity MUXCY [muxcy_default]
Compiling architecture imp of entity address_hit [\address_hit(spartan6,true,"yes"...]
Compiling architecture imp of entity Debug [\Debug(('0','0','0','0','0','0',...]
Compiling architecture imp of entity comparator [\comparator(spartan6,true,13)\]
Compiling architecture imp of entity carry_and [\carry_and(spartan6)\]
Compiling architecture imp of entity cache_valid_bit_detect [\cache_valid_bit_detect(spartan6...]
Compiling architecture imp of entity carry_or [\carry_or(spartan6)\]
Compiling architecture ramb16bwe_v of entity RAMB16BWE [\RAMB16BWE(36,36,"00000000000000...]
Compiling architecture imp of entity RAM_Module [\RAM_Module(spartan6,21,1,9,true...]
Compiling architecture ramb16_s4_s4_v of entity RAMB16_S4_S4 [\RAMB16_S4_S4:system_tb:dut:micr...]
Compiling architecture imp of entity RAM_Module [\RAM_Module:system_tb:dut:microb...]
Compiling architecture imp of entity Cache_Interface [\Cache_Interface(spartan6,true,1...]
Compiling architecture imp of entity Icache [\Icache:system_tb:dut:microblaze...]
WARNING:HDLCompiler:746 - "C:/Xilinx/14.4/ISE_DS/EDK/hw/XilinxProcessorIPLib/pcores/microblaze_v8_40_b/hdl/vhdl/icache.vhd" Line 808: Range is empty (null range)
Compiling architecture imp of entity RAM_Module [\RAM_Module:system_tb:dut:microb...]
Compiling architecture imp of entity Cache_Interface [\Cache_Interface(spartan6,true,1...]
WARNING:HDLCompiler:746 - "C:/Xilinx/14.4/ISE_DS/EDK/hw/XilinxProcessorIPLib/pcores/microblaze_v8_40_b/hdl/vhdl/cache_interface.vhd" Line 1896: Range is empty (null range)
WARNING:HDLCompiler:746 - "C:/Xilinx/14.4/ISE_DS/EDK/hw/XilinxProcessorIPLib/pcores/microblaze_v8_40_b/hdl/vhdl/cache_interface.vhd" Line 1896: Range is empty (null range)
Compiling architecture imp of entity DCache [\DCache:system_tb:dut:microblaze...]
Compiling architecture imp of entity instr_mux [\instr_mux(spartan6,true,false,t...]
Compiling architecture imp of entity MicroBlaze_Core [\MicroBlaze_Core:system_tb:dut:m...]
Compiling architecture imp of entity MicroBlaze [\MicroBlaze:system_tb:dut:microb...]
Compiling architecture structure of entity system_microblaze_0_wrapper [\system_microblaze_0_wrapper:sys...]
Compiling architecture bscan_spartan6_v of entity BSCAN_SPARTAN6 [\BSCAN_SPARTAN6(2)\]
Compiling architecture bufg_v of entity BUFG [bufg_default]
Compiling architecture fdc_1_v of entity FDC_1 [\FDC_1('0')\]
Compiling architecture fdre_1_v of entity FDRE_1 [\FDRE_1('0')\]
Compiling architecture imp of entity SRL_FIFO [\SRL_FIFO(8,16)\]
Compiling architecture imp of entity JTAG_CONTROL [\JTAG_CONTROL(1,0,1,8,1)\]
Compiling architecture imp of entity MDM_Core [\MDM_Core(0,('0','1','0','0','0'...]
Compiling architecture imp of entity pselect_f [\pselect_f(2,2,('0','0'),"nofami...]
Compiling architecture imp of entity pselect_f [\pselect_f(2,2,('0','1'),"nofami...]
Compiling architecture imp of entity pselect_f [\pselect_f(2,2,('1','0'),"nofami...]
Compiling architecture imp of entity pselect_f [\pselect_f(2,2,('1','1'),"nofami...]
Compiling architecture imp of entity address_decoder [\address_decoder(4,('0','0','0',...]
Compiling architecture imp of entity slave_attachment [\slave_attachment((('0','0','0',...]
Compiling architecture imp of entity axi_lite_ipif [\axi_lite_ipif(32,32,('0','0','0...]
Compiling architecture imp of entity MDM [\MDM("spartan6",2,0,0,2,('0','1'...]
Compiling architecture structure of entity system_debug_module_wrapper [system_debug_module_wrapper_defa...]
Compiling architecture pll_adv_v of entity PLL_ADV [\PLL_ADV("OPTIMIZED","CLKFBOUT",...]
Compiling architecture struct of entity pll_module [\pll_module("OPTIMIZED",12,0.0,1...]
Compiling architecture structure of entity clock_generator [\clock_generator("spartan6","6sl...]
Compiling architecture structure of entity system_clock_generator_0_wrapper [system_clock_generator_0_wrapper...]
Compiling package tc_types
Compiling architecture imp of entity mux_onehot_f [\mux_onehot_f(32,6,"spartan6")(1...]
Compiling architecture imp of entity counter_f [\counter_f(32,"spartan6")(1,8)\]
Compiling architecture imp of entity count_module [\count_module("spartan6",32)(1,8...]
Compiling architecture imp of entity timer_control [\timer_control('1','1','1','1',(...]
Compiling architecture fdrs_v of entity FDRS [\FDRS('0')\]
Compiling architecture imp of entity tc_core [\tc_core("spartan6",32,0,32,5,'1...]
Compiling architecture imp of entity pselect_f [\pselect_f(3,3,('0','0','0'),"no...]
Compiling architecture imp of entity pselect_f [\pselect_f(3,3,('0','0','1'),"no...]
Compiling architecture imp of entity pselect_f [\pselect_f(3,3,('0','1','0'),"no...]
Compiling architecture imp of entity pselect_f [\pselect_f(3,3,('0','1','1'),"no...]
Compiling architecture imp of entity pselect_f [\pselect_f(3,3,('1','0','0'),"no...]
Compiling architecture imp of entity pselect_f [\pselect_f(3,3,('1','0','1'),"no...]
Compiling architecture imp of entity pselect_f [\pselect_f(3,3,('1','1','0'),"no...]
Compiling architecture imp of entity pselect_f [\pselect_f(3,3,('1','1','1'),"no...]
Compiling architecture imp of entity address_decoder [\address_decoder(5,('0','0','0',...]
Compiling architecture imp of entity slave_attachment [\slave_attachment((('0','0','0',...]
Compiling architecture imp of entity axi_lite_ipif [\axi_lite_ipif(32,5,('0','0','0'...]
Compiling architecture imp of entity axi_timer [\axi_timer("spartan6","axi_timer...]
Compiling architecture structure of entity system_axi_timer_0_wrapper [system_axi_timer_0_wrapper_defau...]
Compiling architecture rtl of entity baudrate [\baudrate(434)\]
Compiling architecture behavioral of entity dynshreg_i_f [\dynshreg_i_f(16,1,"0","spartan6...]
Compiling architecture imp of entity cntr_incr_decr_addn_f [\cntr_incr_decr_addn_f(5,"sparta...]
Compiling architecture behavioral of entity dynshreg_f [\dynshreg_f(16,8,"spartan6")(1,8...]
Compiling architecture imp of entity srl_fifo_rbu_f [\srl_fifo_rbu_f(8,16,"spartan6")...]
Compiling architecture imp of entity srl_fifo_f [\srl_fifo_f(8,16,"spartan6")(1,8...]
Compiling architecture rtl of entity uartlite_rx [\uartlite_rx("spartan6",8,0,1)(1...]
Compiling architecture behavioral of entity dynshreg_i_f [\dynshreg_i_f(16,1,"100000000000...]
Compiling architecture rtl of entity uartlite_tx [\uartlite_tx("spartan6",8,0,1)(1...]
Compiling architecture rtl of entity uartlite_core [\uartlite_core("spartan6",666666...]
Compiling architecture imp of entity address_decoder [\address_decoder(4,('0','0','0',...]
Compiling architecture imp of entity slave_attachment [\slave_attachment((('0','0','0',...]
Compiling architecture imp of entity axi_lite_ipif [\axi_lite_ipif(32,4,('0','0','0'...]
Compiling architecture rtl of entity axi_uartlite [\axi_uartlite("spartan6",6666666...]
Compiling architecture structure of entity system_usb_uart_wrapper [system_usb_uart_wrapper_default]
Compiling architecture imp of entity address_decoder [\address_decoder(9,('0','0','0',...]
Compiling architecture imp of entity slave_attachment [\slave_attachment((('0','0','0',...]
Compiling architecture imp of entity axi_lite_ipif [\axi_lite_ipif(32,9,('0','0','0'...]
Compiling architecture imp of entity GPIO_Core [\GPIO_Core(32,9,4,32,4,0,('0','0...]
Compiling architecture imp of entity axi_gpio [\axi_gpio("spartan6","LEDs_4Bits...]
Compiling architecture structure of entity system_leds_4bits_wrapper [system_leds_4bits_wrapper_defaul...]
Compiling package mac_pkg
Compiling architecture imp of entity rx_statemachine [\rx_statemachine(1)\]
Compiling package coregen_comp_defs
Compiling architecture behavioral of entity fifo_generator_v9_1_bhv_as [\fifo_generator_v9_1_bhv_as(6,"0...]
Compiling architecture behavioral of entity fifo_generator_v9_1_conv [\fifo_generator_v9_1_conv(0,0,2,...]
Compiling architecture behavioral of entity fifo_generator_v9_1 [\fifo_generator_v9_1(0,0,2,"Blan...]
Compiling architecture implementation of entity async_fifo_fg [\async_fifo_fg(0,"spartan6",6,0,...]
Compiling architecture implementation of entity rx_intrfce [\rx_intrfce("spartan6")(1,8)\]
Compiling architecture arch1 of entity crcgenrx [crcgenrx_default]
Compiling architecture imp of entity receive [\receive(1,"spartan6")(1,8)\]
Compiling architecture implementation of entity crcnibshiftreg [crcnibshiftreg_default]
Compiling architecture arch1 of entity crcgentx [crcgentx_default]
Compiling architecture implementation of entity tx_intrfce [\tx_intrfce("spartan6")(1,8)\]
Compiling architecture imp of entity mux_onehot_f [\mux_onehot_f(4,6,"spartan6")(1,...]
Compiling architecture imp of entity ld_arith_reg [\ld_arith_reg(false,12,('0','0',...]
Compiling architecture implementation of entity cntr5bit [cntr5bit_default]
Compiling architecture implementation of entity tx_statemachine [\tx_statemachine(1)\]
Compiling architecture implementation of entity defer_state [defer_state_default]
Compiling architecture implementation of entity deferral [deferral_default]
Compiling architecture imp of entity ld_arith_reg [\ld_arith_reg(true,12,('0','0','...]
Compiling architecture imp of entity ld_arith_reg [\ld_arith_reg(false,4,('1','0','...]
Compiling architecture imp of entity transmit [\transmit(1,"spartan6")(1,8)\]
Compiling architecture ram16x1s_v of entity RAM16X1S [\RAM16X1S("0000001000100000")\]
Compiling architecture imp of entity ram16x4 [\ram16x4("0000000000000000","111...]
Compiling architecture imp of entity MacAddrRAM [\MacAddrRAM("0000000000000000010...]
Compiling architecture imp of entity emac [\emac(1,"00000000000000000101111...]
Compiling architecture output_stage_behavioral of entity BLK_MEM_GEN_V6_2_output_stage [\BLK_MEM_GEN_V6_2_output_stage("...]
Compiling architecture output_stage_behavioral of entity BLK_MEM_GEN_V6_2_output_stage [\BLK_MEM_GEN_V6_2_output_stage("...]
Compiling architecture softecc_output_reg_stage_behavioral of entity BLK_MEM_GEN_V6_2_softecc_output_reg_stage [\BLK_MEM_GEN_V6_2_softecc_output...]
Compiling architecture mem_module_behavioral of entity BLK_MEM_GEN_V6_2_mem_module [\BLK_MEM_GEN_V6_2_mem_module("bl...]
Compiling architecture behavioral of entity BLK_MEM_GEN_V6_2 [\BLK_MEM_GEN_V6_2("blk_mem_gen_v...]
Compiling architecture implementation of entity blk_mem_gen_wrapper [\blk_mem_gen_wrapper("spartan6",...]
Compiling architecture imp of entity emac_dpram [\emac_dpram("spartan6")(1,8)\]
Compiling architecture imp of entity mdio_if [mdio_if_default]
Compiling architecture imp of entity xemac [\xemac("spartan6",13,32,15000,1,...]
Compiling architecture rtl of entity axi_interface [\axi_interface("spartan6","AXI4"...]
Compiling architecture imp of entity axi_ethernetlite [\axi_ethernetlite("spartan6","Et...]
Compiling architecture structure of entity system_ethernet_mac_wrapper [system_ethernet_mac_wrapper_defa...]
Compiling architecture imp of entity axi_gpio [\axi_gpio("spartan6","DIP_Switch...]
Compiling architecture structure of entity system_dip_switches_4bits_wrapper [system_dip_switches_4bits_wrappe...]
Compiling architecture imp of entity address_decoder [\address_decoder(9,('0','0','0',...]
Compiling architecture imp of entity slave_attachment [\slave_attachment((('0','0','0',...]
Compiling architecture imp of entity axi_lite_ipif [\axi_lite_ipif(32,32,('0','0','0...]
Compiling architecture bufgmux_v of entity BUFGMUX [\BUFGMUX("SYNC")(1,4)\]
Compiling architecture inv_v of entity INV [inv_default]
Compiling architecture bufgce_v of entity BUFGCE [bufgce_default]
Compiling architecture behavioral of entity MIMTLU_core [mimtlu_core_default]
Compiling architecture behavioral of entity TLU_SIMU [tlu_simu_default]
Compiling architecture behavioral of entity top [top_default]
Compiling architecture imp of entity user_logic [\user_logic(4,32)\]
Compiling architecture imp of entity mimtlu [\mimtlu(32,32,('0','0','0','0','...]
Compiling architecture structure of entity system_mimtlu_0_wrapper [system_mimtlu_0_wrapper_default]
Compiling architecture iobuf_v of entity IOBUF [\IOBUF("DONT_CARE",12,"0",true,"...]
Compiling architecture structure of entity system [\system:system_tb:dut:\]
Compiling architecture structure of entity system_tb
Time Resolution for simulation is 100fs.
Waiting for 442 sub-compilation(s) to finish...
Compiled 651 VHDL Units
Compiled 257 Verilog Units
Built simulation executable isim_system.exe
Fuse Memory Usage: 296952 KB
Fuse CPU Usage: 29514 ms
 WebCase with this project attached at http://www.xilinx.com/support.
