ISim log file
Running: isim_system -gui -tclbatch system_setup.tcl 
ISim P.49d (signature 0x7708f090)
This is a Full version of ISim.
Time resolution is 100 fs
# proc w  
  global  tbpath
  global  PathSeparator
  puts  "Setting up signal tracing ..."
  source system_wave.tcl

# proc w_top  
  global  tbpath
  global  PathSeparator
  puts  "Setting up signal tracing ..."
  set id [group add "Top level ports"]
  source top_level_ports_wave.tcl

# proc w_instance {design_instance_name } 
  global  tbpath
  global  PathSeparator
  puts  "Setting up signal tracing ..."
  wave add $design_instance_name

# proc PrintHelpInformation  
  puts "**********************************************************************"
  puts "**********************************************************************"
  puts "***"
  puts "***   Simulation Setup Macros (system_setup.tcl)"
  puts "***"
  puts "***   w   =>  set up signal tracing for the ISE Simulator waveform"
  puts "***           viewer (edit signal lists in system_wave.tcl)"
  puts "***"
  puts "***   w_top =>  Observe top level signals in the ISim Waveform Viewer"
  puts "***"
  puts "***   w_instance <<instance name>>  =>  Observe signals of the given instance in the ISim waveform viewer"
  puts "***           (Example: w /system/dlm_cntrl to observe signals of dlmb controller)."
  puts "***"
  puts "***   h   =>  print this help menu"
  puts "***"
  puts "***   Default flow is: reset; w_top; run 1000ns or reset; w; run 1000ns"
  puts "***"
  puts "**********************************************************************"
  puts "**********************************************************************"

# proc h   PrintHelpInformation 
# puts Setting up simulation commands ...
# PrintHelpInformation
# run 1.00us
Simulator is doing circuit initialization process.
at 0 fs, Instance /system_tb/dut/microblaze_0/microblaze_0/MicroBlaze_Core_I/area/Data_Flow_I/ : Warning: NUMERIC_STD."<": metavalue detected, returning FALSE
at 0 fs, Instance /system_tb/dut/microblaze_0/microblaze_0/MicroBlaze_Core_I/area/using_icache/ICache_I1/ : Warning: NUMERIC_STD.TO_INTEGER: metavalue detected, returning 0
at 0 fs, Instance /system_tb/dut/microblaze_0/microblaze_0/MicroBlaze_Core_I/area/using_icache/ICache_I1/using_fpga_fsl_2/cache_valid_bit_detect_I1/ : Warning: NUMERIC_STD.TO_INTEGER: metavalue detected, returning 0
at 0 fs, Instance /system_tb/dut/microblaze_0/microblaze_0/MicroBlaze_Core_I/area/using_icache/ICache_I1/Cache_Interface_I1/ : Warning: NUMERIC_STD.TO_INTEGER: metavalue detected, returning 0
at 0 fs, Instance /system_tb/dut/microblaze_0/microblaze_0/MicroBlaze_Core_I/area/using_icache/ICache_I1/Cache_Interface_I1/ : Warning: NUMERIC_STD.TO_INTEGER: metavalue detected, returning 0
at 0 fs, Instance /system_tb/dut/microblaze_0/microblaze_0/MicroBlaze_Core_I/area/using_icache/ICache_I1/Cache_Interface_I1/ : Warning: NUMERIC_STD.TO_INTEGER: metavalue detected, returning 0
at 0 fs, Instance /system_tb/dut/microblaze_0/microblaze_0/MicroBlaze_Core_I/area/using_icache/ICache_I1/Cache_Interface_I1/ : Warning: NUMERIC_STD.TO_INTEGER: metavalue detected, returning 0
at 0 fs, Instance /system_tb/dut/microblaze_0/microblaze_0/MicroBlaze_Core_I/area/using_icache/ICache_I1/Cache_Interface_I1/ : Warning: NUMERIC_STD.TO_INTEGER: metavalue detected, returning 0
at 0 fs, Instance /system_tb/dut/microblaze_0/microblaze_0/MicroBlaze_Core_I/area/using_icache/ICache_I1/Cache_Interface_I1/ : Warning: NUMERIC_STD.TO_INTEGER: metavalue detected, returning 0
at 0 fs, Instance /system_tb/dut/microblaze_0/microblaze_0/MicroBlaze_Core_I/area/using_dcache/using_writethrough/DCache_I1/ : Warning: NUMERIC_STD.TO_INTEGER: metavalue detected, returning 0
at 0 fs, Instance /system_tb/dut/microblaze_0/microblaze_0/MicroBlaze_Core_I/area/using_dcache/using_writethrough/DCache_I1/using_new_cacheinterface_for_axi/Cache_Interface_I1/ : Warning: NUMERIC_STD.TO_INTEGER: metavalue detected, returning 0
at 0 fs, Instance /system_tb/dut/microblaze_0/microblaze_0/MicroBlaze_Core_I/area/using_dcache/using_writethrough/DCache_I1/using_new_cacheinterface_for_axi/Cache_Interface_I1/ : Warning: NUMERIC_STD.TO_INTEGER: metavalue detected, returning 0
at 0 fs, Instance /system_tb/dut/microblaze_0/microblaze_0/MicroBlaze_Core_I/area/using_dcache/using_writethrough/DCache_I1/using_new_cacheinterface_for_axi/Cache_Interface_I1/ : Warning: NUMERIC_STD.TO_INTEGER: metavalue detected, returning 0
at 0 fs, Instance /system_tb/dut/microblaze_0/microblaze_0/MicroBlaze_Core_I/area/using_dcache/using_writethrough/DCache_I1/using_new_cacheinterface_for_axi/Cache_Interface_I1/ : Warning: NUMERIC_STD.TO_INTEGER: metavalue detected, returning 0
at 0 fs, Instance /system_tb/dut/microblaze_0/microblaze_0/MicroBlaze_Core_I/area/using_dcache/using_writethrough/DCache_I1/using_new_cacheinterface_for_axi/Cache_Interface_I1/ : Warning: NUMERIC_STD.TO_INTEGER: metavalue detected, returning 0
at 0 fs, Instance /system_tb/dut/microblaze_0/microblaze_0/MicroBlaze_Core_I/area/using_dcache/using_writethrough/DCache_I1/using_new_cacheinterface_for_axi/Cache_Interface_I1/ : Warning: NUMERIC_STD.TO_INTEGER: metavalue detected, returning 0
at 0 fs, Instance /system_tb/dut/microblaze_0/microblaze_0/MicroBlaze_Core_I/area/using_dcache/using_writethrough/DCache_I1/using_new_cacheinterface_for_axi/Cache_Interface_I1/ : Warning: NUMERIC_STD.TO_INTEGER: metavalue detected, returning 0
at 0 fs, Instance /system_tb/dut/microblaze_0/microblaze_0/MicroBlaze_Core_I/area/using_dcache/using_writethrough/DCache_I1/using_new_cacheinterface_for_axi/Cache_Interface_I1/ : Warning: NUMERIC_STD.TO_INTEGER: metavalue detected, returning 0
at 0 fs, Instance /system_tb/dut/microblaze_0/microblaze_0/MicroBlaze_Core_I/area/using_dcache/using_writethrough/DCache_I1/using_new_cacheinterface_for_axi/Cache_Interface_I1/ : Warning: NUMERIC_STD.TO_INTEGER: metavalue detected, returning 0
at 0 fs, Instance /system_tb/dut/USB_Uart/USB_Uart/UARTLITE_CORE_I/UARTLITE_RX_I/SRL_FIFO_I/I_SRL_FIFO_RBU_F/DYNSHREG_F_I/ : Warning: NUMERIC_STD.TO_INTEGER: metavalue detected, returning 0
at 0 fs, Instance /system_tb/dut/USB_Uart/USB_Uart/UARTLITE_CORE_I/UARTLITE_RX_I/SRL_FIFO_I/I_SRL_FIFO_RBU_F/DYNSHREG_F_I/ : Warning: NUMERIC_STD.TO_INTEGER: metavalue detected, returning 0
at 0 fs, Instance /system_tb/dut/USB_Uart/USB_Uart/UARTLITE_CORE_I/UARTLITE_TX_I/SRL_FIFO_I/I_SRL_FIFO_RBU_F/DYNSHREG_F_I/ : Warning: NUMERIC_STD.TO_INTEGER: metavalue detected, returning 0
at 0 fs, Instance /system_tb/dut/USB_Uart/USB_Uart/UARTLITE_CORE_I/UARTLITE_TX_I/SRL_FIFO_I/I_SRL_FIFO_RBU_F/DYNSHREG_F_I/ : Warning: NUMERIC_STD.TO_INTEGER: metavalue detected, returning 0
at 0 fs: Note: WARNING: Behavioral models for independent clock FIFO configurations do not model synchronization delays. The behavioral models are functionally correct, and will represent the behavior of the configured FIFO. See the FIFO Generator User Guide for more information. (/system_tb/dut/Ethernet_MAC/Ethernet_MAC/XEMAC_I/EMAC_I/RX/INST_RX_INTRFCE/I_RX_FIFO/legacy_coregen_depth/v6_s6_and_later/I_ASYNC_FIFO_BRAM/gconvfifo/inst_conv_fifo/).
at 0 fs, Instance /system_tb/dut/Ethernet_MAC/Ethernet_MAC/XEMAC_I/EMAC_I/TX/ : Warning: There is an 'U'|'X'|'W'|'Z'|'-' in an arithmetic operand, the result will be 'X'(es).
at 0 fs: Note: WARNING: Behavioral models for independent clock FIFO configurations do not model synchronization delays. The behavioral models are functionally correct, and will represent the behavior of the configured FIFO. See the FIFO Generator User Guide for more information. (/system_tb/dut/Ethernet_MAC/Ethernet_MAC/XEMAC_I/EMAC_I/TX/INST_TX_INTRFCE/I_TX_FIFO/legacy_coregen_depth/v6_s6_and_later/I_ASYNC_FIFO_BRAM/gconvfifo/inst_conv_fifo/).
Finished circuit initialization process.
at 0 fs, Instance /system_tb/dut/microblaze_0/microblaze_0/MicroBlaze_Core_I/area/using_dcache/using_writethrough/DCache_I1/using_new_cacheinterface_for_axi/Cache_Interface_I1/ : Warning: NUMERIC_STD.TO_INTEGER: metavalue detected, returning 0
at 37497500 fs(13), Instance /system_tb/dut/Ethernet_MAC/Ethernet_MAC/XEMAC_I/TX_PING/dpram_blkmem/v6_s6_and_later/I_TRUE_DUAL_PORT_BLK_MEM_GEN/native_mem_module/mem_module/ : Warning: CONV_INTEGER: There is an 'U'|'X'|'W'|'Z'|'-' in an arithmetic operand, and it has been converted to 0.
at 37497500 fs(13), Instance /system_tb/dut/Ethernet_MAC/Ethernet_MAC/XEMAC_I/RX_PING/dpram_blkmem/v6_s6_and_later/I_TRUE_DUAL_PORT_BLK_MEM_GEN/native_mem_module/mem_module/ : Warning: CONV_INTEGER: There is an 'U'|'X'|'W'|'Z'|'-' in an arithmetic operand, and it has been converted to 0.
at 37497500 fs(13): Note: Block Memory Generator CORE Generator module is using a behavioral model FOR simulation which will not precisely model memory collision behavior. (/system_tb/dut/Ethernet_MAC/Ethernet_MAC/XEMAC_I/RX_PING/dpram_blkmem/v6_s6_and_later/I_TRUE_DUAL_PORT_BLK_MEM_GEN/native_mem_module/mem_module/).
at 37497500 fs(13), Instance /system_tb/dut/Ethernet_MAC/Ethernet_MAC/XEMAC_I/RX_PING/dpram_blkmem/v6_s6_and_later/I_TRUE_DUAL_PORT_BLK_MEM_GEN/native_mem_module/mem_module/ : Warning: CONV_INTEGER: There is an 'U'|'X'|'W'|'Z'|'-' in an arithmetic operand, and it has been converted to 0.
at 37597500 fs(2), Instance /system_tb/dut/USB_Uart/USB_Uart/UARTLITE_CORE_I/UARTLITE_RX_I/SRL_FIFO_I/I_SRL_FIFO_RBU_F/DYNSHREG_F_I/ : Warning: NUMERIC_STD.TO_INTEGER: metavalue detected, returning 0
at 37597500 fs(2), Instance /system_tb/dut/USB_Uart/USB_Uart/UARTLITE_CORE_I/UARTLITE_RX_I/SRL_FIFO_I/I_SRL_FIFO_RBU_F/DYNSHREG_F_I/ : Warning: NUMERIC_STD.TO_INTEGER: metavalue detected, returning 0
at 37597500 fs(2), Instance /system_tb/dut/USB_Uart/USB_Uart/UARTLITE_CORE_I/UARTLITE_TX_I/SRL_FIFO_I/I_SRL_FIFO_RBU_F/DYNSHREG_F_I/ : Warning: NUMERIC_STD.TO_INTEGER: metavalue detected, returning 0
at 37597500 fs(2), Instance /system_tb/dut/USB_Uart/USB_Uart/UARTLITE_CORE_I/UARTLITE_TX_I/SRL_FIFO_I/I_SRL_FIFO_RBU_F/DYNSHREG_F_I/ : Warning: NUMERIC_STD.TO_INTEGER: metavalue detected, returning 0
at 217485500 fs(10), Instance /system_tb/dut/Ethernet_MAC/Ethernet_MAC/XEMAC_I/RX_PING/dpram_blkmem/v6_s6_and_later/I_TRUE_DUAL_PORT_BLK_MEM_GEN/native_mem_module/mem_module/ : Warning: CONV_INTEGER: There is an 'U'|'X'|'W'|'Z'|'-' in an arithmetic operand, and it has been converted to 0.
at 217485500 fs(10), Instance /system_tb/dut/Ethernet_MAC/Ethernet_MAC/XEMAC_I/RX_PING/dpram_blkmem/v6_s6_and_later/I_TRUE_DUAL_PORT_BLK_MEM_GEN/native_mem_module/mem_module/ : Warning: CONV_INTEGER: There is an 'U'|'X'|'W'|'Z'|'-' in an arithmetic operand, and it has been converted to 0.
at 232484500 fs(10), Instance /system_tb/dut/Ethernet_MAC/Ethernet_MAC/XEMAC_I/RX_PING/dpram_blkmem/v6_s6_and_later/I_TRUE_DUAL_PORT_BLK_MEM_GEN/native_mem_module/mem_module/ : Warning: CONV_INTEGER: There is an 'U'|'X'|'W'|'Z'|'-' in an arithmetic operand, and it has been converted to 0.
at 232484500 fs(10), Instance /system_tb/dut/Ethernet_MAC/Ethernet_MAC/XEMAC_I/RX_PING/dpram_blkmem/v6_s6_and_later/I_TRUE_DUAL_PORT_BLK_MEM_GEN/native_mem_module/mem_module/ : Warning: CONV_INTEGER: There is an 'U'|'X'|'W'|'Z'|'-' in an arithmetic operand, and it has been converted to 0.
at 247483500 fs(10), Instance /system_tb/dut/Ethernet_MAC/Ethernet_MAC/XEMAC_I/RX_PING/dpram_blkmem/v6_s6_and_later/I_TRUE_DUAL_PORT_BLK_MEM_GEN/native_mem_module/mem_module/ : Warning: CONV_INTEGER: There is an 'U'|'X'|'W'|'Z'|'-' in an arithmetic operand, and it has been converted to 0.
at 247483500 fs(10), Instance /system_tb/dut/Ethernet_MAC/Ethernet_MAC/XEMAC_I/RX_PING/dpram_blkmem/v6_s6_and_later/I_TRUE_DUAL_PORT_BLK_MEM_GEN/native_mem_module/mem_module/ : Warning: CONV_INTEGER: There is an 'U'|'X'|'W'|'Z'|'-' in an arithmetic operand, and it has been converted to 0.
at 262482500 fs(10), Instance /system_tb/dut/Ethernet_MAC/Ethernet_MAC/XEMAC_I/RX_PING/dpram_blkmem/v6_s6_and_later/I_TRUE_DUAL_PORT_BLK_MEM_GEN/native_mem_module/mem_module/ : Warning: CONV_INTEGER: There is an 'U'|'X'|'W'|'Z'|'-' in an arithmetic operand, and it has been converted to 0.
at 262482500 fs(10), Instance /system_tb/dut/Ethernet_MAC/Ethernet_MAC/XEMAC_I/RX_PING/dpram_blkmem/v6_s6_and_later/I_TRUE_DUAL_PORT_BLK_MEM_GEN/native_mem_module/mem_module/ : Warning: CONV_INTEGER: There is an 'U'|'X'|'W'|'Z'|'-' in an arithmetic operand, and it has been converted to 0.
at 277481500 fs(10), Instance /system_tb/dut/Ethernet_MAC/Ethernet_MAC/XEMAC_I/TX_PING/dpram_blkmem/v6_s6_and_later/I_TRUE_DUAL_PORT_BLK_MEM_GEN/native_mem_module/mem_module/ : Warning: CONV_INTEGER: There is an 'U'|'X'|'W'|'Z'|'-' in an arithmetic operand, and it has been converted to 0.
at 277481500 fs(10), Instance /system_tb/dut/Ethernet_MAC/Ethernet_MAC/XEMAC_I/TX_PING/dpram_blkmem/v6_s6_and_later/I_TRUE_DUAL_PORT_BLK_MEM_GEN/native_mem_module/mem_module/ : Warning: CONV_INTEGER: There is an 'U'|'X'|'W'|'Z'|'-' in an arithmetic operand, and it has been converted to 0.
at 277481500 fs(10), Instance /system_tb/dut/Ethernet_MAC/Ethernet_MAC/XEMAC_I/RX_PING/dpram_blkmem/v6_s6_and_later/I_TRUE_DUAL_PORT_BLK_MEM_GEN/native_mem_module/mem_module/ : Warning: CONV_INTEGER: There is an 'U'|'X'|'W'|'Z'|'-' in an arithmetic operand, and it has been converted to 0.
at 277481500 fs(10), Instance /system_tb/dut/Ethernet_MAC/Ethernet_MAC/XEMAC_I/RX_PING/dpram_blkmem/v6_s6_and_later/I_TRUE_DUAL_PORT_BLK_MEM_GEN/native_mem_module/mem_module/ : Warning: CONV_INTEGER: There is an 'U'|'X'|'W'|'Z'|'-' in an arithmetic operand, and it has been converted to 0.
at 277481500 fs(10), Instance /system_tb/dut/Ethernet_MAC/Ethernet_MAC/XEMAC_I/tx_pong_gen/TX_PONG_I/dpram_blkmem/v6_s6_and_later/I_TRUE_DUAL_PORT_BLK_MEM_GEN/native_mem_module/mem_module/ : Warning: CONV_INTEGER: There is an 'U'|'X'|'W'|'Z'|'-' in an arithmetic operand, and it has been converted to 0.
at 277481500 fs(10), Instance /system_tb/dut/Ethernet_MAC/Ethernet_MAC/XEMAC_I/tx_pong_gen/TX_PONG_I/dpram_blkmem/v6_s6_and_later/I_TRUE_DUAL_PORT_BLK_MEM_GEN/native_mem_module/mem_module/ : Warning: CONV_INTEGER: There is an 'U'|'X'|'W'|'Z'|'-' in an arithmetic operand, and it has been converted to 0.
at 277481500 fs(10), Instance /system_tb/dut/Ethernet_MAC/Ethernet_MAC/XEMAC_I/rx_pong_gen/RX_PONG_I/dpram_blkmem/v6_s6_and_later/I_TRUE_DUAL_PORT_BLK_MEM_GEN/native_mem_module/mem_module/ : Warning: CONV_INTEGER: There is an 'U'|'X'|'W'|'Z'|'-' in an arithmetic operand, and it has been converted to 0.
at 277481500 fs(10), Instance /system_tb/dut/Ethernet_MAC/Ethernet_MAC/XEMAC_I/rx_pong_gen/RX_PONG_I/dpram_blkmem/v6_s6_and_later/I_TRUE_DUAL_PORT_BLK_MEM_GEN/native_mem_module/mem_module/ : Warning: CONV_INTEGER: There is an 'U'|'X'|'W'|'Z'|'-' in an arithmetic operand, and it has been converted to 0.
# run 1.00us
# restart
# run 1.00us
Simulator is doing circuit initialization process.
at 0 fs, Instance /system_tb/dut/microblaze_0/microblaze_0/MicroBlaze_Core_I/area/Data_Flow_I/ : Warning: NUMERIC_STD."<": metavalue detected, returning FALSE
at 0 fs, Instance /system_tb/dut/microblaze_0/microblaze_0/MicroBlaze_Core_I/area/using_icache/ICache_I1/ : Warning: NUMERIC_STD.TO_INTEGER: metavalue detected, returning 0
at 0 fs, Instance /system_tb/dut/microblaze_0/microblaze_0/MicroBlaze_Core_I/area/using_icache/ICache_I1/using_fpga_fsl_2/cache_valid_bit_detect_I1/ : Warning: NUMERIC_STD.TO_INTEGER: metavalue detected, returning 0
at 0 fs, Instance /system_tb/dut/microblaze_0/microblaze_0/MicroBlaze_Core_I/area/using_icache/ICache_I1/Cache_Interface_I1/ : Warning: NUMERIC_STD.TO_INTEGER: metavalue detected, returning 0
at 0 fs, Instance /system_tb/dut/microblaze_0/microblaze_0/MicroBlaze_Core_I/area/using_icache/ICache_I1/Cache_Interface_I1/ : Warning: NUMERIC_STD.TO_INTEGER: metavalue detected, returning 0
at 0 fs, Instance /system_tb/dut/microblaze_0/microblaze_0/MicroBlaze_Core_I/area/using_icache/ICache_I1/Cache_Interface_I1/ : Warning: NUMERIC_STD.TO_INTEGER: metavalue detected, returning 0
at 0 fs, Instance /system_tb/dut/microblaze_0/microblaze_0/MicroBlaze_Core_I/area/using_icache/ICache_I1/Cache_Interface_I1/ : Warning: NUMERIC_STD.TO_INTEGER: metavalue detected, returning 0
at 0 fs, Instance /system_tb/dut/microblaze_0/microblaze_0/MicroBlaze_Core_I/area/using_icache/ICache_I1/Cache_Interface_I1/ : Warning: NUMERIC_STD.TO_INTEGER: metavalue detected, returning 0
at 0 fs, Instance /system_tb/dut/microblaze_0/microblaze_0/MicroBlaze_Core_I/area/using_icache/ICache_I1/Cache_Interface_I1/ : Warning: NUMERIC_STD.TO_INTEGER: metavalue detected, returning 0
at 0 fs, Instance /system_tb/dut/microblaze_0/microblaze_0/MicroBlaze_Core_I/area/using_dcache/using_writethrough/DCache_I1/ : Warning: NUMERIC_STD.TO_INTEGER: metavalue detected, returning 0
at 0 fs, Instance /system_tb/dut/microblaze_0/microblaze_0/MicroBlaze_Core_I/area/using_dcache/using_writethrough/DCache_I1/using_new_cacheinterface_for_axi/Cache_Interface_I1/ : Warning: NUMERIC_STD.TO_INTEGER: metavalue detected, returning 0
at 0 fs, Instance /system_tb/dut/microblaze_0/microblaze_0/MicroBlaze_Core_I/area/using_dcache/using_writethrough/DCache_I1/using_new_cacheinterface_for_axi/Cache_Interface_I1/ : Warning: NUMERIC_STD.TO_INTEGER: metavalue detected, returning 0
at 0 fs, Instance /system_tb/dut/microblaze_0/microblaze_0/MicroBlaze_Core_I/area/using_dcache/using_writethrough/DCache_I1/using_new_cacheinterface_for_axi/Cache_Interface_I1/ : Warning: NUMERIC_STD.TO_INTEGER: metavalue detected, returning 0
at 0 fs, Instance /system_tb/dut/microblaze_0/microblaze_0/MicroBlaze_Core_I/area/using_dcache/using_writethrough/DCache_I1/using_new_cacheinterface_for_axi/Cache_Interface_I1/ : Warning: NUMERIC_STD.TO_INTEGER: metavalue detected, returning 0
at 0 fs, Instance /system_tb/dut/microblaze_0/microblaze_0/MicroBlaze_Core_I/area/using_dcache/using_writethrough/DCache_I1/using_new_cacheinterface_for_axi/Cache_Interface_I1/ : Warning: NUMERIC_STD.TO_INTEGER: metavalue detected, returning 0
at 0 fs, Instance /system_tb/dut/microblaze_0/microblaze_0/MicroBlaze_Core_I/area/using_dcache/using_writethrough/DCache_I1/using_new_cacheinterface_for_axi/Cache_Interface_I1/ : Warning: NUMERIC_STD.TO_INTEGER: metavalue detected, returning 0
at 0 fs, Instance /system_tb/dut/microblaze_0/microblaze_0/MicroBlaze_Core_I/area/using_dcache/using_writethrough/DCache_I1/using_new_cacheinterface_for_axi/Cache_Interface_I1/ : Warning: NUMERIC_STD.TO_INTEGER: metavalue detected, returning 0
at 0 fs, Instance /system_tb/dut/microblaze_0/microblaze_0/MicroBlaze_Core_I/area/using_dcache/using_writethrough/DCache_I1/using_new_cacheinterface_for_axi/Cache_Interface_I1/ : Warning: NUMERIC_STD.TO_INTEGER: metavalue detected, returning 0
at 0 fs, Instance /system_tb/dut/microblaze_0/microblaze_0/MicroBlaze_Core_I/area/using_dcache/using_writethrough/DCache_I1/using_new_cacheinterface_for_axi/Cache_Interface_I1/ : Warning: NUMERIC_STD.TO_INTEGER: metavalue detected, returning 0
at 0 fs, Instance /system_tb/dut/USB_Uart/USB_Uart/UARTLITE_CORE_I/UARTLITE_RX_I/SRL_FIFO_I/I_SRL_FIFO_RBU_F/DYNSHREG_F_I/ : Warning: NUMERIC_STD.TO_INTEGER: metavalue detected, returning 0
at 0 fs, Instance /system_tb/dut/USB_Uart/USB_Uart/UARTLITE_CORE_I/UARTLITE_RX_I/SRL_FIFO_I/I_SRL_FIFO_RBU_F/DYNSHREG_F_I/ : Warning: NUMERIC_STD.TO_INTEGER: metavalue detected, returning 0
at 0 fs, Instance /system_tb/dut/USB_Uart/USB_Uart/UARTLITE_CORE_I/UARTLITE_TX_I/SRL_FIFO_I/I_SRL_FIFO_RBU_F/DYNSHREG_F_I/ : Warning: NUMERIC_STD.TO_INTEGER: metavalue detected, returning 0
at 0 fs, Instance /system_tb/dut/USB_Uart/USB_Uart/UARTLITE_CORE_I/UARTLITE_TX_I/SRL_FIFO_I/I_SRL_FIFO_RBU_F/DYNSHREG_F_I/ : Warning: NUMERIC_STD.TO_INTEGER: metavalue detected, returning 0
at 0 fs: Note: WARNING: Behavioral models for independent clock FIFO configurations do not model synchronization delays. The behavioral models are functionally correct, and will represent the behavior of the configured FIFO. See the FIFO Generator User Guide for more information. (/system_tb/dut/Ethernet_MAC/Ethernet_MAC/XEMAC_I/EMAC_I/RX/INST_RX_INTRFCE/I_RX_FIFO/legacy_coregen_depth/v6_s6_and_later/I_ASYNC_FIFO_BRAM/gconvfifo/inst_conv_fifo/).
at 0 fs: Note: WARNING: Behavioral models for independent clock FIFO configurations do not model synchronization delays. The behavioral models are functionally correct, and will represent the behavior of the configured FIFO. See the FIFO Generator User Guide for more information. (/system_tb/dut/Ethernet_MAC/Ethernet_MAC/XEMAC_I/EMAC_I/TX/INST_TX_INTRFCE/I_TX_FIFO/legacy_coregen_depth/v6_s6_and_later/I_ASYNC_FIFO_BRAM/gconvfifo/inst_conv_fifo/).
Finished circuit initialization process.
at 0 fs, Instance /system_tb/dut/microblaze_0/microblaze_0/MicroBlaze_Core_I/area/using_dcache/using_writethrough/DCache_I1/using_new_cacheinterface_for_axi/Cache_Interface_I1/ : Warning: NUMERIC_STD.TO_INTEGER: metavalue detected, returning 0
at 37497500 fs(13), Instance /system_tb/dut/Ethernet_MAC/Ethernet_MAC/XEMAC_I/TX_PING/dpram_blkmem/v6_s6_and_later/I_TRUE_DUAL_PORT_BLK_MEM_GEN/native_mem_module/mem_module/ : Warning: CONV_INTEGER: There is an 'U'|'X'|'W'|'Z'|'-' in an arithmetic operand, and it has been converted to 0.
at 37497500 fs(13), Instance /system_tb/dut/Ethernet_MAC/Ethernet_MAC/XEMAC_I/RX_PING/dpram_blkmem/v6_s6_and_later/I_TRUE_DUAL_PORT_BLK_MEM_GEN/native_mem_module/mem_module/ : Warning: CONV_INTEGER: There is an 'U'|'X'|'W'|'Z'|'-' in an arithmetic operand, and it has been converted to 0.
at 37497500 fs(13): Note: Block Memory Generator CORE Generator module is using a behavioral model FOR simulation which will not precisely model memory collision behavior. (/system_tb/dut/Ethernet_MAC/Ethernet_MAC/XEMAC_I/RX_PING/dpram_blkmem/v6_s6_and_later/I_TRUE_DUAL_PORT_BLK_MEM_GEN/native_mem_module/mem_module/).
at 37497500 fs(13), Instance /system_tb/dut/Ethernet_MAC/Ethernet_MAC/XEMAC_I/RX_PING/dpram_blkmem/v6_s6_and_later/I_TRUE_DUAL_PORT_BLK_MEM_GEN/native_mem_module/mem_module/ : Warning: CONV_INTEGER: There is an 'U'|'X'|'W'|'Z'|'-' in an arithmetic operand, and it has been converted to 0.
at 37597500 fs(2), Instance /system_tb/dut/USB_Uart/USB_Uart/UARTLITE_CORE_I/UARTLITE_RX_I/SRL_FIFO_I/I_SRL_FIFO_RBU_F/DYNSHREG_F_I/ : Warning: NUMERIC_STD.TO_INTEGER: metavalue detected, returning 0
at 37597500 fs(2), Instance /system_tb/dut/USB_Uart/USB_Uart/UARTLITE_CORE_I/UARTLITE_RX_I/SRL_FIFO_I/I_SRL_FIFO_RBU_F/DYNSHREG_F_I/ : Warning: NUMERIC_STD.TO_INTEGER: metavalue detected, returning 0
at 37597500 fs(2), Instance /system_tb/dut/USB_Uart/USB_Uart/UARTLITE_CORE_I/UARTLITE_TX_I/SRL_FIFO_I/I_SRL_FIFO_RBU_F/DYNSHREG_F_I/ : Warning: NUMERIC_STD.TO_INTEGER: metavalue detected, returning 0
at 37597500 fs(2), Instance /system_tb/dut/USB_Uart/USB_Uart/UARTLITE_CORE_I/UARTLITE_TX_I/SRL_FIFO_I/I_SRL_FIFO_RBU_F/DYNSHREG_F_I/ : Warning: NUMERIC_STD.TO_INTEGER: metavalue detected, returning 0
at 217485500 fs(10), Instance /system_tb/dut/Ethernet_MAC/Ethernet_MAC/XEMAC_I/RX_PING/dpram_blkmem/v6_s6_and_later/I_TRUE_DUAL_PORT_BLK_MEM_GEN/native_mem_module/mem_module/ : Warning: CONV_INTEGER: There is an 'U'|'X'|'W'|'Z'|'-' in an arithmetic operand, and it has been converted to 0.
at 217485500 fs(10), Instance /system_tb/dut/Ethernet_MAC/Ethernet_MAC/XEMAC_I/RX_PING/dpram_blkmem/v6_s6_and_later/I_TRUE_DUAL_PORT_BLK_MEM_GEN/native_mem_module/mem_module/ : Warning: CONV_INTEGER: There is an 'U'|'X'|'W'|'Z'|'-' in an arithmetic operand, and it has been converted to 0.
at 232484500 fs(10), Instance /system_tb/dut/Ethernet_MAC/Ethernet_MAC/XEMAC_I/RX_PING/dpram_blkmem/v6_s6_and_later/I_TRUE_DUAL_PORT_BLK_MEM_GEN/native_mem_module/mem_module/ : Warning: CONV_INTEGER: There is an 'U'|'X'|'W'|'Z'|'-' in an arithmetic operand, and it has been converted to 0.
at 232484500 fs(10), Instance /system_tb/dut/Ethernet_MAC/Ethernet_MAC/XEMAC_I/RX_PING/dpram_blkmem/v6_s6_and_later/I_TRUE_DUAL_PORT_BLK_MEM_GEN/native_mem_module/mem_module/ : Warning: CONV_INTEGER: There is an 'U'|'X'|'W'|'Z'|'-' in an arithmetic operand, and it has been converted to 0.
at 247483500 fs(10), Instance /system_tb/dut/Ethernet_MAC/Ethernet_MAC/XEMAC_I/RX_PING/dpram_blkmem/v6_s6_and_later/I_TRUE_DUAL_PORT_BLK_MEM_GEN/native_mem_module/mem_module/ : Warning: CONV_INTEGER: There is an 'U'|'X'|'W'|'Z'|'-' in an arithmetic operand, and it has been converted to 0.
at 247483500 fs(10), Instance /system_tb/dut/Ethernet_MAC/Ethernet_MAC/XEMAC_I/RX_PING/dpram_blkmem/v6_s6_and_later/I_TRUE_DUAL_PORT_BLK_MEM_GEN/native_mem_module/mem_module/ : Warning: CONV_INTEGER: There is an 'U'|'X'|'W'|'Z'|'-' in an arithmetic operand, and it has been converted to 0.
at 262482500 fs(10), Instance /system_tb/dut/Ethernet_MAC/Ethernet_MAC/XEMAC_I/RX_PING/dpram_blkmem/v6_s6_and_later/I_TRUE_DUAL_PORT_BLK_MEM_GEN/native_mem_module/mem_module/ : Warning: CONV_INTEGER: There is an 'U'|'X'|'W'|'Z'|'-' in an arithmetic operand, and it has been converted to 0.
at 262482500 fs(10), Instance /system_tb/dut/Ethernet_MAC/Ethernet_MAC/XEMAC_I/RX_PING/dpram_blkmem/v6_s6_and_later/I_TRUE_DUAL_PORT_BLK_MEM_GEN/native_mem_module/mem_module/ : Warning: CONV_INTEGER: There is an 'U'|'X'|'W'|'Z'|'-' in an arithmetic operand, and it has been converted to 0.
at 277481500 fs(10), Instance /system_tb/dut/Ethernet_MAC/Ethernet_MAC/XEMAC_I/TX_PING/dpram_blkmem/v6_s6_and_later/I_TRUE_DUAL_PORT_BLK_MEM_GEN/native_mem_module/mem_module/ : Warning: CONV_INTEGER: There is an 'U'|'X'|'W'|'Z'|'-' in an arithmetic operand, and it has been converted to 0.
at 277481500 fs(10), Instance /system_tb/dut/Ethernet_MAC/Ethernet_MAC/XEMAC_I/TX_PING/dpram_blkmem/v6_s6_and_later/I_TRUE_DUAL_PORT_BLK_MEM_GEN/native_mem_module/mem_module/ : Warning: CONV_INTEGER: There is an 'U'|'X'|'W'|'Z'|'-' in an arithmetic operand, and it has been converted to 0.
at 277481500 fs(10), Instance /system_tb/dut/Ethernet_MAC/Ethernet_MAC/XEMAC_I/RX_PING/dpram_blkmem/v6_s6_and_later/I_TRUE_DUAL_PORT_BLK_MEM_GEN/native_mem_module/mem_module/ : Warning: CONV_INTEGER: There is an 'U'|'X'|'W'|'Z'|'-' in an arithmetic operand, and it has been converted to 0.
at 277481500 fs(10), Instance /system_tb/dut/Ethernet_MAC/Ethernet_MAC/XEMAC_I/RX_PING/dpram_blkmem/v6_s6_and_later/I_TRUE_DUAL_PORT_BLK_MEM_GEN/native_mem_module/mem_module/ : Warning: CONV_INTEGER: There is an 'U'|'X'|'W'|'Z'|'-' in an arithmetic operand, and it has been converted to 0.
at 277481500 fs(10), Instance /system_tb/dut/Ethernet_MAC/Ethernet_MAC/XEMAC_I/tx_pong_gen/TX_PONG_I/dpram_blkmem/v6_s6_and_later/I_TRUE_DUAL_PORT_BLK_MEM_GEN/native_mem_module/mem_module/ : Warning: CONV_INTEGER: There is an 'U'|'X'|'W'|'Z'|'-' in an arithmetic operand, and it has been converted to 0.
at 277481500 fs(10), Instance /system_tb/dut/Ethernet_MAC/Ethernet_MAC/XEMAC_I/tx_pong_gen/TX_PONG_I/dpram_blkmem/v6_s6_and_later/I_TRUE_DUAL_PORT_BLK_MEM_GEN/native_mem_module/mem_module/ : Warning: CONV_INTEGER: There is an 'U'|'X'|'W'|'Z'|'-' in an arithmetic operand, and it has been converted to 0.
at 277481500 fs(10), Instance /system_tb/dut/Ethernet_MAC/Ethernet_MAC/XEMAC_I/rx_pong_gen/RX_PONG_I/dpram_blkmem/v6_s6_and_later/I_TRUE_DUAL_PORT_BLK_MEM_GEN/native_mem_module/mem_module/ : Warning: CONV_INTEGER: There is an 'U'|'X'|'W'|'Z'|'-' in an arithmetic operand, and it has been converted to 0.
at 277481500 fs(10), Instance /system_tb/dut/Ethernet_MAC/Ethernet_MAC/XEMAC_I/rx_pong_gen/RX_PONG_I/dpram_blkmem/v6_s6_and_later/I_TRUE_DUAL_PORT_BLK_MEM_GEN/native_mem_module/mem_module/ : Warning: CONV_INTEGER: There is an 'U'|'X'|'W'|'Z'|'-' in an arithmetic operand, and it has been converted to 0.
# run 1.00us
# run 1.00us
# run 1.00us
# run 1.00us
# run 1.00us
# run 1.00us
# run 1.00us
# run 10.00us
# run 10.00us
