Release 14.4 Xflow P.49d (nt64)
Copyright (c) 1995-2012 Xilinx, Inc.  All rights reserved.
xflow.exe -wd implementation -p xc6slx9csg324-2 -implement xflow.opt system.ngc 
 
PMSPEC -- Overriding Xilinx file
<C:/Xilinx/14.4/ISE_DS/EDK/spartan6/data/spartan6.acd> with local file
<C:/Xilinx/14.4/ISE_DS/ISE/spartan6/data/spartan6.acd>

Using Flow File:
F:/Git_projects/FPGA/MIMTLU_with_virtualTLU/implementation/fpga.flw 
Using Option File(s): 
 F:/Git_projects/FPGA/MIMTLU_with_virtualTLU/implementation/xflow.opt 

Creating Script File ... 

#----------------------------------------------#
# Starting program ngdbuild
# ngdbuild -p xc6slx9csg324-2 -nt timestamp -bm system.bmm
"F:/Git_projects/FPGA/MIMTLU_with_virtualTLU/implementation/system.ngc" -uc
system.ucf system.ngd 
#----------------------------------------------#
Release 14.4 - ngdbuild P.49d (nt64)
Copyright (c) 1995-2012 Xilinx, Inc.  All rights reserved.
PMSPEC -- Overriding Xilinx file
<C:/Xilinx/14.4/ISE_DS/EDK/spartan6/data/spartan6.acd> with local file
<C:/Xilinx/14.4/ISE_DS/ISE/spartan6/data/spartan6.acd>

Command Line: C:\Xilinx\14.4\ISE_DS\ISE\bin\nt64\unwrapped\ngdbuild.exe -p
xc6slx9csg324-2 -nt timestamp -bm system.bmm
F:/Git_projects/FPGA/MIMTLU_with_virtualTLU/implementation/system.ngc -uc
system.ucf system.ngd

Reading NGO file
"F:/Git_projects/FPGA/MIMTLU_with_virtualTLU/implementation/system.ngc" ...
Loading design module
"F:/Git_projects/FPGA/MIMTLU_with_virtualTLU/implementation/system_ethernet_mac_
wrapper.ngc"...
Loading design module
"F:/Git_projects/FPGA/MIMTLU_with_virtualTLU/implementation/system_dip_switches_
4bits_wrapper.ngc"...
Loading design module
"F:/Git_projects/FPGA/MIMTLU_with_virtualTLU/implementation/system_usb_uart_wrap
per.ngc"...
Loading design module
"F:/Git_projects/FPGA/MIMTLU_with_virtualTLU/implementation/system_clock_generat
or_0_wrapper.ngc"...
Loading design module
"F:/Git_projects/FPGA/MIMTLU_with_virtualTLU/implementation/system_mimtlu_0_wrap
per.ngc"...
Loading design module
"F:/Git_projects/FPGA/MIMTLU_with_virtualTLU/implementation/system_mcb3_lpddr_wr
apper.ngc"...
Loading design module
"F:/Git_projects/FPGA/MIMTLU_with_virtualTLU/implementation/system_proc_sys_rese
t_0_wrapper.ngc"...
Loading design module
"F:/Git_projects/FPGA/MIMTLU_with_virtualTLU/implementation/system_axi4lite_0_wr
apper.ngc"...
Loading design module
"F:/Git_projects/FPGA/MIMTLU_with_virtualTLU/implementation/system_microblaze_0_
intc_wrapper.ngc"...
Loading design module
"F:/Git_projects/FPGA/MIMTLU_with_virtualTLU/implementation/system_axi4_0_wrappe
r.ngc"...
Loading design module
"F:/Git_projects/FPGA/MIMTLU_with_virtualTLU/implementation/system_microblaze_0_
ilmb_wrapper.ngc"...
Loading design module
"F:/Git_projects/FPGA/MIMTLU_with_virtualTLU/implementation/system_microblaze_0_
i_bram_ctrl_wrapper.ngc"...
Loading design module
"F:/Git_projects/FPGA/MIMTLU_with_virtualTLU/implementation/system_microblaze_0_
dlmb_wrapper.ngc"...
Loading design module
"F:/Git_projects/FPGA/MIMTLU_with_virtualTLU/implementation/system_microblaze_0_
d_bram_ctrl_wrapper.ngc"...
Loading design module
"F:/Git_projects/FPGA/MIMTLU_with_virtualTLU/implementation/system_microblaze_0_
wrapper.ngc"...
Loading design module
"F:/Git_projects/FPGA/MIMTLU_with_virtualTLU/implementation/system_debug_module_
wrapper.ngc"...
Loading design module
"F:/Git_projects/FPGA/MIMTLU_with_virtualTLU/implementation/system_axi_timer_0_w
rapper.ngc"...
Loading design module
"F:/Git_projects/FPGA/MIMTLU_with_virtualTLU/implementation/system_leds_4bits_wr
apper.ngc"...
Loading design module
"F:/Git_projects/FPGA/MIMTLU_with_virtualTLU/implementation/system_microblaze_0_
bram_block_wrapper.ngc"...
Applying constraints in
"F:/Git_projects/FPGA/MIMTLU_with_virtualTLU/implementation/system_ethernet_mac_
wrapper.ncf" to module "Ethernet_MAC"...
WARNING:ConstraintSystem - The Offset constraint <OFFSET = IN 6.000 BEFORE 
   "PHY_rx_clk";>
   [F:/Git_projects/FPGA/MIMTLU_with_virtualTLU/implementation/system_ethernet_m
   ac_wrapper.ncf(4)], is specified without a duration.  This will result in a
   lack of hold time checks in timing reports.  If hold time checks are desired
   a duration value should be specified following the 'VALID' keyword.

Checking Constraint Associations...
Applying constraints in
"F:/Git_projects/FPGA/MIMTLU_with_virtualTLU/implementation/system_mcb3_lpddr_wr
apper.ncf" to module "MCB3_LPDDR"...
Checking Constraint Associations...
Applying constraints in
"F:/Git_projects/FPGA/MIMTLU_with_virtualTLU/implementation/system_axi4lite_0_wr
apper.ncf" to module "axi4lite_0"...
Checking Constraint Associations...
Applying constraints in
"F:/Git_projects/FPGA/MIMTLU_with_virtualTLU/implementation/system_microblaze_0_
intc_wrapper.ncf" to module "microblaze_0_intc"...
Checking Constraint Associations...
Applying constraints in
"F:/Git_projects/FPGA/MIMTLU_with_virtualTLU/implementation/system_axi4_0_wrappe
r.ncf" to module "axi4_0"...
Checking Constraint Associations...
Applying constraints in
"F:/Git_projects/FPGA/MIMTLU_with_virtualTLU/implementation/system_microblaze_0_
ilmb_wrapper.ncf" to module "microblaze_0_ilmb"...
Checking Constraint Associations...
Applying constraints in
"F:/Git_projects/FPGA/MIMTLU_with_virtualTLU/implementation/system_microblaze_0_
dlmb_wrapper.ncf" to module "microblaze_0_dlmb"...
Checking Constraint Associations...
Applying constraints in
"F:/Git_projects/FPGA/MIMTLU_with_virtualTLU/implementation/system_microblaze_0_
wrapper.ncf" to module "microblaze_0"...
Checking Constraint Associations...
Gathering constraint information from source properties...
Done.

Annotating constraints to design from ucf file "system.ucf" ...
Resolving constraint associations...
Checking Constraint Associations...
WARNING:ConstraintSystem:135 - Constraint <INST
   /system/EXPANDED/system/axi4_0/axi4_0\/si_converter_bank\/gen_conv_slot[0].cl
   ock_conv_inst\/interconnect_aresetn_resync<2>_inv1_INV_0 TNM =
   FFS:axi4_0_reset_resync>: No instances of type FFS were found under block
   "axi4_0/axi4_0/si_converter_bank/gen_conv_slot[0].clock_conv_inst/interconnec
   t_aresetn_resync<2>_inv1_INV_0" (type=INV).

WARNING:ConstraintSystem:135 - Constraint <INST
   /system/EXPANDED/system/axi4lite_0/axi4lite_0\/si_converter_bank\/gen_conv_sl
   ot[0].clock_conv_inst\/interconnect_aresetn_resync<2>_inv1_INV_0 TNM =
   FFS:axi4lite_0_reset_resync>: No instances of type FFS were found under block
   "axi4lite_0/axi4lite_0/si_converter_bank/gen_conv_slot[0].clock_conv_inst/int
   erconnect_aresetn_resync<2>_inv1_INV_0" (type=INV).

WARNING:ConstraintSystem:58 - Constraint <TIMEGRP axi4lite_0_reset_source = FFS
   PADS CPUS;>: CPUS "*" does not match any design objects.

WARNING:ConstraintSystem:58 - Constraint <TIMEGRP axi4_0_reset_source = FFS PADS
   CPUS;>: CPUS "*" does not match any design objects.

WARNING:ConstraintSystem:194 - The TNM 'axi4_0_reset_resync', does not directly
   or indirectly drive any flip-flops, latches and/or RAMs and is not actively
   used by any referencing constraint.

WARNING:ConstraintSystem:194 - The TNM 'axi4lite_0_reset_resync', does not
   directly or indirectly drive any flip-flops, latches and/or RAMs and is not
   actively used by any referencing constraint.

INFO:ConstraintSystem:178 - TNM 'sys_clk_pin', used in period specification
   'TS_sys_clk_pin', was traced into PLL_ADV instance
   clock_generator_0/PLL0_INST/Using_PLL_ADV.PLL_ADV_inst. The following new TNM
   groups and period specifications were generated at the PLL_ADV output(s): 
   CLKOUT1: <TIMESPEC TS_clk_400_0000MHz180PLL0_nobuf = PERIOD
   "clk_400_0000MHz180PLL0_nobuf" TS_sys_clk_pin * 4 PHASE 1.25 ns HIGH 50%>

INFO:ConstraintSystem:178 - TNM 'sys_clk_pin', used in period specification
   'TS_sys_clk_pin', was traced into PLL_ADV instance
   clock_generator_0/PLL0_INST/Using_PLL_ADV.PLL_ADV_inst. The following new TNM
   groups and period specifications were generated at the PLL_ADV output(s): 
   CLKOUT0: <TIMESPEC TS_clk_400_0000MHzPLL0_nobuf = PERIOD
   "clk_400_0000MHzPLL0_nobuf" TS_sys_clk_pin * 4 HIGH 50%>

INFO:ConstraintSystem:178 - TNM 'sys_clk_pin', used in period specification
   'TS_sys_clk_pin', was traced into PLL_ADV instance
   clock_generator_0/PLL0_INST/Using_PLL_ADV.PLL_ADV_inst. The following new TNM
   groups and period specifications were generated at the PLL_ADV output(s): 
   CLKOUT2: <TIMESPEC TS_clock_generator_0_clock_generator_0_SIG_PLL0_CLKOUT2 =
   PERIOD "clock_generator_0_clock_generator_0_SIG_PLL0_CLKOUT2" TS_sys_clk_pin
   HIGH 50%>

WARNING:ConstraintSystem - The Offset constraint <OFFSET = IN 6000.000000000 pS
   BEFORE Ethernet_MAC/PHY_rx_clk;>, is specified without a duration.  This will
   result in a lack of hold time checks in timing reports.  If hold time checks
   are desired a duration value should be specified following the 'VALID'
   keyword.

WARNING:NgdBuild:1012 - The constraint <CONFIG VCCAUX = "2.5"> is overridden on
   the design object system by the constraint <CONFIG VCCAUX = "3.3" ;>
   [system.ucf(42)].
Done...

Processing BMM file "system.bmm" ...

Checking expanded design ...
WARNING:NgdBuild:443 - SFF primitive
   'Ethernet_MAC/Ethernet_MAC/XEMAC_I/EMAC_I/COLLISION_SYNC_2' has unconnected
   output pin
WARNING:NgdBuild:452 - logical net 'N22' has no driver
WARNING:NgdBuild:452 - logical net 'N23' has no driver
WARNING:NgdBuild:452 - logical net 'N24' has no driver
WARNING:NgdBuild:452 - logical net 'N25' has no driver
WARNING:NgdBuild:452 - logical net 'N26' has no driver
WARNING:NgdBuild:452 - logical net 'N27' has no driver
WARNING:NgdBuild:452 - logical net 'N28' has no driver
WARNING:NgdBuild:452 - logical net 'N29' has no driver
WARNING:NgdBuild:452 - logical net 'N30' has no driver
WARNING:NgdBuild:452 - logical net 'N31' has no driver
WARNING:NgdBuild:452 - logical net 'N32' has no driver
WARNING:NgdBuild:452 - logical net 'N33' has no driver
WARNING:NgdBuild:452 - logical net 'N34' has no driver
WARNING:NgdBuild:452 - logical net 'N35' has no driver
WARNING:NgdBuild:452 - logical net 'N36' has no driver
WARNING:NgdBuild:452 - logical net 'N37' has no driver
WARNING:NgdBuild:452 - logical net 'N38' has no driver
WARNING:NgdBuild:452 - logical net 'N39' has no driver
WARNING:NgdBuild:452 - logical net 'N40' has no driver
WARNING:NgdBuild:478 - clock net clock_generator_0/CLKOUT3 with clock driver
   clock_generator_0/clock_generator_0/PLL0_CLKOUT3_BUFG_INST drives no clock
   pins

Partition Implementation Status
-------------------------------

  No Partitions were found in this design.

-------------------------------

NGDBUILD Design Results Summary:
  Number of errors:     0
  Number of warnings:  30

Writing NGD file "system.ngd" ...
Total REAL time to NGDBUILD completion: 1 min  1 sec
Total CPU time to NGDBUILD completion:  1 min  0 sec

Writing NGDBUILD log file "system.bld"...

NGDBUILD done.



#----------------------------------------------#
# Starting program map
# map -o system_map.ncd -w -pr b -ol high -timing -detail system.ngd system.pcf 
#----------------------------------------------#
Release 14.4 - Map P.49d (nt64)
Copyright (c) 1995-2012 Xilinx, Inc.  All rights reserved.
PMSPEC -- Overriding Xilinx file
<C:/Xilinx/14.4/ISE_DS/EDK/data/Xdh_PrimTypeLib.xda> with local file
<C:/Xilinx/14.4/ISE_DS/ISE/data/Xdh_PrimTypeLib.xda>
Using target part "6slx9csg324-2".
Mapping design into LUTs...
WARNING:MapLib:701 - Signal Ethernet_MAC_COL connected to top level port
   Ethernet_MAC_COL has been removed.
Writing file system_map.ngm...
Running directed packing...
Running delay-based LUT packing...
Updating timing models...
WARNING:Timing:3223 - Timing constraint PATH "TS_TIG_MCB3_LPDDR_CALIB_DONE_SYNCH_path" TIG ignored during timing analysis.
INFO:Map:215 - The Interim Design Summary has been generated in the MAP Report
   (.mrp).
Running timing-driven placement...
Total REAL time at the beginning of Placer: 22 secs 
Total CPU  time at the beginning of Placer: 21 secs 

Phase 1.1  Initial Placement Analysis
Phase 1.1  Initial Placement Analysis (Checksum:6a3a2da3) REAL time: 24 secs 

Phase 2.7  Design Feasibility Check
INFO:Place:834 - Only a subset of IOs are locked. Out of 76 IOs, 74 are locked
   and 2 are not locked. If you would like to print the names of these IOs,
   please set the environment variable XIL_PAR_DESIGN_CHECK_VERBOSE to 1. 
Phase 2.7  Design Feasibility Check (Checksum:6a3a2da3) REAL time: 25 secs 

Phase 3.31  Local Placement Optimization
Phase 3.31  Local Placement Optimization (Checksum:852c2f63) REAL time: 25 secs 

Phase 4.2  Initial Placement for Architecture Specific Features
...
Phase 4.2  Initial Placement for Architecture Specific Features
(Checksum:fdbcb598) REAL time: 36 secs 

Phase 5.36  Local Placement Optimization
Phase 5.36  Local Placement Optimization (Checksum:fdbcb598) REAL time: 36 secs 

Phase 6.30  Global Clock Region Assignment
Phase 6.30  Global Clock Region Assignment (Checksum:fdbcb598) REAL time: 36 secs 

Phase 7.3  Local Placement Optimization
...
Phase 7.3  Local Placement Optimization (Checksum:2752e0da) REAL time: 36 secs 

Phase 8.5  Local Placement Optimization
Phase 8.5  Local Placement Optimization (Checksum:c6669450) REAL time: 36 secs 

Phase 9.8  Global Placement
......................
...................................................
..................................................................................................................................................................
.................................................................................................................................................
..................................................................
Phase 9.8  Global Placement (Checksum:f269935e) REAL time: 2 mins 

Phase 10.5  Local Placement Optimization
Phase 10.5  Local Placement Optimization (Checksum:f269935e) REAL time: 2 mins 

Phase 11.18  Placement Optimization
Phase 11.18  Placement Optimization (Checksum:f9acfc1) REAL time: 2 mins 15 secs 

Phase 12.5  Local Placement Optimization
Phase 12.5  Local Placement Optimization (Checksum:f9acfc1) REAL time: 2 mins 16 secs 

Phase 13.34  Placement Validation
Phase 13.34  Placement Validation (Checksum:fa714f05) REAL time: 2 mins 16 secs 

Total REAL time to Placer completion: 2 mins 16 secs 
Total CPU  time to Placer completion: 2 mins 13 secs 
Running post-placement packing...
Writing output files...

Design Summary:
Number of errors:      0
Number of warnings:    6
Slice Logic Utilization:
  Number of Slice Registers:                 3,468 out of  11,440   30%
    Number used as Flip Flops:               3,465
    Number used as Latches:                      0
    Number used as Latch-thrus:                  0
    Number used as AND/OR logics:                3
  Number of Slice LUTs:                      4,259 out of   5,720   74%
    Number used as logic:                    3,984 out of   5,720   69%
      Number using O6 output only:           2,924
      Number using O5 output only:             136
      Number using O5 and O6:                  924
      Number used as ROM:                        0
    Number used as Memory:                     204 out of   1,440   14%
      Number used as Dual Port RAM:             72
        Number using O6 output only:             0
        Number using O5 output only:             1
        Number using O5 and O6:                 71
      Number used as Single Port RAM:            4
        Number using O6 output only:             4
        Number using O5 output only:             0
        Number using O5 and O6:                  0
      Number used as Shift Register:           128
        Number using O6 output only:            38
        Number using O5 output only:             1
        Number using O5 and O6:                 89
    Number used exclusively as route-thrus:     71
      Number with same-slice register load:     60
      Number with same-slice carry load:         9
      Number with other load:                    2

Slice Logic Distribution:
  Number of occupied Slices:                 1,411 out of   1,430   98%
  Number of MUXCYs used:                       776 out of   2,860   27%
  Number of LUT Flip Flop pairs used:        4,640
    Number with an unused Flip Flop:         1,498 out of   4,640   32%
    Number with an unused LUT:                 381 out of   4,640    8%
    Number of fully used LUT-FF pairs:       2,761 out of   4,640   59%
    Number of unique control sets:             309
    Number of slice register sites lost
      to control set restrictions:           1,267 out of  11,440   11%

  A LUT Flip Flop pair for this architecture represents one LUT paired with
  one Flip Flop within a slice.  A control set is a unique combination of
  clock, reset, set, and enable signals for a registered element.
  The Slice Logic Distribution report is not meaningful if the design is
  over-mapped for a non-slice resource or if Placement fails.

IO Utilization:
  Number of bonded IOBs:                        76 out of     200   38%
    Number of LOCed IOBs:                       74 out of      76   97%
    IOB Flip Flops:                             20

Specific Feature Utilization:
  Number of RAMB16BWERs:                        26 out of      32   81%
  Number of RAMB8BWERs:                          0 out of      64    0%
  Number of BUFIO2/BUFIO2_2CLKs:                 1 out of      32    3%
    Number used as BUFIO2s:                      1
    Number used as BUFIO2_2CLKs:                 0
  Number of BUFIO2FB/BUFIO2FB_2CLKs:             0 out of      32    0%
  Number of BUFG/BUFGMUXs:                       3 out of      16   18%
    Number used as BUFGs:                        2
    Number used as BUFGMUX:                      1
  Number of DCM/DCM_CLKGENs:                     0 out of       4    0%
  Number of ILOGIC2/ISERDES2s:                  12 out of     200    6%
    Number used as ILOGIC2s:                    12
    Number used as ISERDES2s:                    0
  Number of IODELAY2/IODRP2/IODRP2_MCBs:        23 out of     200   11%
    Number used as IODELAY2s:                    0
    Number used as IODRP2s:                      1
    Number used as IODRP2_MCBs:                 22
  Number of OLOGIC2/OSERDES2s:                  50 out of     200   25%
    Number used as OLOGIC2s:                     7
    Number used as OSERDES2s:                   43
  Number of BSCANs:                              1 out of       4   25%
  Number of BUFHs:                               0 out of     128    0%
  Number of BUFPLLs:                             0 out of       8    0%
  Number of BUFPLL_MCBs:                         1 out of       4   25%
  Number of DSP48A1s:                            3 out of      16   18%
  Number of ICAPs:                               0 out of       1    0%
  Number of MCBs:                                1 out of       2   50%
  Number of PCILOGICSEs:                         0 out of       2    0%
  Number of PLL_ADVs:                            1 out of       2   50%
  Number of PMVs:                                0 out of       1    0%
  Number of STARTUPs:                            0 out of       1    0%
  Number of SUSPEND_SYNCs:                       0 out of       1    0%

Average Fanout of Non-Clock Nets:                3.83

Peak Memory Usage:  513 MB
Total REAL time to MAP completion:  2 mins 22 secs 
Total CPU time to MAP completion:   2 mins 19 secs 

Mapping completed.
See MAP report file "system_map.mrp" for details.



#----------------------------------------------#
# Starting program par
# par -w -ol high system_map.ncd system.ncd system.pcf 
#----------------------------------------------#
Release 14.4 - par P.49d (nt64)
Copyright (c) 1995-2012 Xilinx, Inc.  All rights reserved.
PMSPEC -- Overriding Xilinx file <C:/Xilinx/14.4/ISE_DS/EDK/data/parBmgr.acd> with local file
<C:/Xilinx/14.4/ISE_DS/ISE/data/parBmgr.acd>



Constraints file: system.pcf.
Loading device for application Rf_Device from file '6slx9.nph' in environment
C:\Xilinx\14.4\ISE_DS\ISE\;C:\Xilinx\14.4\ISE_DS\EDK.
   "system" is an NCD, version 3.2, device xc6slx9, package csg324, speed -2
WARNING:ConstraintSystem - The Offset constraint <OFFSET = IN 6 ns BEFORE COMP "Ethernet_MAC_RX_CLK";>
   [system.pcf(14037)], is specified without a duration.  This will result in a lack of hold time checks in timing
   reports.  If hold time checks are desired a duration value should be specified following the 'VALID' keyword.


Initializing temperature to 85.000 Celsius. (default - Range: 0.000 to 85.000 Celsius)
Initializing voltage to 1.140 Volts. (default - Range: 1.140 to 1.260 Volts)


Device speed data version:  "PRODUCTION 1.23 2012-12-04".



Device Utilization Summary:

Slice Logic Utilization:
  Number of Slice Registers:                 3,468 out of  11,440   30%
    Number used as Flip Flops:               3,465
    Number used as Latches:                      0
    Number used as Latch-thrus:                  0
    Number used as AND/OR logics:                3
  Number of Slice LUTs:                      4,259 out of   5,720   74%
    Number used as logic:                    3,984 out of   5,720   69%
      Number using O6 output only:           2,924
      Number using O5 output only:             136
      Number using O5 and O6:                  924
      Number used as ROM:                        0
    Number used as Memory:                     204 out of   1,440   14%
      Number used as Dual Port RAM:             72
        Number using O6 output only:             0
        Number using O5 output only:             1
        Number using O5 and O6:                 71
      Number used as Single Port RAM:            4
        Number using O6 output only:             4
        Number using O5 output only:             0
        Number using O5 and O6:                  0
      Number used as Shift Register:           128
        Number using O6 output only:            38
        Number using O5 output only:             1
        Number using O5 and O6:                 89
    Number used exclusively as route-thrus:     71
      Number with same-slice register load:     60
      Number with same-slice carry load:         9
      Number with other load:                    2

Slice Logic Distribution:
  Number of occupied Slices:                 1,411 out of   1,430   98%
  Number of MUXCYs used:                       776 out of   2,860   27%
  Number of LUT Flip Flop pairs used:        4,640
    Number with an unused Flip Flop:         1,498 out of   4,640   32%
    Number with an unused LUT:                 381 out of   4,640    8%
    Number of fully used LUT-FF pairs:       2,761 out of   4,640   59%
    Number of slice register sites lost
      to control set restrictions:               0 out of  11,440    0%

  A LUT Flip Flop pair for this architecture represents one LUT paired with
  one Flip Flop within a slice.  A control set is a unique combination of
  clock, reset, set, and enable signals for a registered element.
  The Slice Logic Distribution report is not meaningful if the design is
  over-mapped for a non-slice resource or if Placement fails.

IO Utilization:
  Number of bonded IOBs:                        76 out of     200   38%
    Number of LOCed IOBs:                       74 out of      76   97%
    IOB Flip Flops:                             20

Specific Feature Utilization:
  Number of RAMB16BWERs:                        26 out of      32   81%
  Number of RAMB8BWERs:                          0 out of      64    0%
  Number of BUFIO2/BUFIO2_2CLKs:                 1 out of      32    3%
    Number used as BUFIO2s:                      1
    Number used as BUFIO2_2CLKs:                 0
  Number of BUFIO2FB/BUFIO2FB_2CLKs:             0 out of      32    0%
  Number of BUFG/BUFGMUXs:                       3 out of      16   18%
    Number used as BUFGs:                        2
    Number used as BUFGMUX:                      1
  Number of DCM/DCM_CLKGENs:                     0 out of       4    0%
  Number of ILOGIC2/ISERDES2s:                  12 out of     200    6%
    Number used as ILOGIC2s:                    12
    Number used as ISERDES2s:                    0
  Number of IODELAY2/IODRP2/IODRP2_MCBs:        23 out of     200   11%
    Number used as IODELAY2s:                    0
    Number used as IODRP2s:                      1
    Number used as IODRP2_MCBs:                 22
  Number of OLOGIC2/OSERDES2s:                  50 out of     200   25%
    Number used as OLOGIC2s:                     7
    Number used as OSERDES2s:                   43
  Number of BSCANs:                              1 out of       4   25%
  Number of BUFHs:                               0 out of     128    0%
  Number of BUFPLLs:                             0 out of       8    0%
  Number of BUFPLL_MCBs:                         1 out of       4   25%
  Number of DSP48A1s:                            3 out of      16   18%
  Number of ICAPs:                               0 out of       1    0%
  Number of MCBs:                                1 out of       2   50%
  Number of PCILOGICSEs:                         0 out of       2    0%
  Number of PLL_ADVs:                            1 out of       2   50%
  Number of PMVs:                                0 out of       1    0%
  Number of STARTUPs:                            0 out of       1    0%
  Number of SUSPEND_SYNCs:                       0 out of       1    0%


Overall effort level (-ol):   High 
Router effort level (-rl):    High 

WARNING:Timing:3223 - Timing constraint PATH "TS_TIG_MCB3_LPDDR_CALIB_DONE_SYNCH_path" TIG; ignored during timing analysis.
INFO:Timing:3386 - Intersecting Constraints found and resolved.  For more information, see the TSI report.  Please consult the Xilinx
   Command Line Tools User Guide for information on generating a TSI report.
Starting initial Timing Analysis.  REAL time: 12 secs 
Finished initial Timing Analysis.  REAL time: 12 secs 

WARNING:Par:288 - The signal microblaze_0_d_bram_ctrl_2_microblaze_0_bram_block_BRAM_Addr<30> has no load.  PAR will not attempt to route
   this signal.
WARNING:Par:288 - The signal microblaze_0_d_bram_ctrl_2_microblaze_0_bram_block_BRAM_Addr<31> has no load.  PAR will not attempt to route
   this signal.
WARNING:Par:288 - The signal
   Ethernet_MAC/Ethernet_MAC/XEMAC_I/EMAC_I/RX/INST_RX_INTRFCE/I_RX_FIFO/LEGACY_COREGEN_DEPTH.V6_S6_AND_LATER.I_ASYNC_FIFO_BRAM/U0/xst_fifo_
   generator/gconvfifo.rf/grf.rf/gntv_or_sync_fifo.mem/gdm.dm/Mram_RAM_RAMD_D1_O has no load.  PAR will not attempt to route this signal.
WARNING:Par:288 - The signal
   Ethernet_MAC/Ethernet_MAC/XEMAC_I/EMAC_I/TX/INST_TX_INTRFCE/I_TX_FIFO/LEGACY_COREGEN_DEPTH.V6_S6_AND_LATER.I_ASYNC_FIFO_BRAM/U0/xst_fifo_
   generator/gconvfifo.rf/grf.rf/gntv_or_sync_fifo.mem/gdm.dm/Mram_RAM_RAMD_D1_O has no load.  PAR will not attempt to route this signal.
Starting Router


Phase  1  : 29308 unrouted;      REAL time: 13 secs 

Phase  2  : 24625 unrouted;      REAL time: 14 secs 

Phase  3  : 11410 unrouted;      REAL time: 23 secs 

Phase  4  : 11418 unrouted; (Setup:0, Hold:7281, Component Switching Limit:0)     REAL time: 25 secs 

Updating file: system.ncd with current fully routed design.

Phase  5  : 0 unrouted; (Setup:0, Hold:7251, Component Switching Limit:0)     REAL time: 44 secs 

Phase  6  : 0 unrouted; (Setup:0, Hold:7251, Component Switching Limit:0)     REAL time: 44 secs 

Phase  7  : 0 unrouted; (Setup:0, Hold:7251, Component Switching Limit:0)     REAL time: 44 secs 

Phase  8  : 0 unrouted; (Setup:0, Hold:7251, Component Switching Limit:0)     REAL time: 44 secs 

Phase  9  : 0 unrouted; (Setup:0, Hold:0, Component Switching Limit:0)     REAL time: 45 secs 

Phase 10  : 0 unrouted; (Setup:0, Hold:0, Component Switching Limit:0)     REAL time: 46 secs 
Total REAL time to Router completion: 46 secs 
Total CPU time to Router completion: 47 secs 

Partition Implementation Status
-------------------------------

  No Partitions were found in this design.

-------------------------------

Generating "PAR" statistics.

**************************
Generating Clock Report
**************************

+---------------------+--------------+------+------+------------+-------------+
|        Clock Net    |   Resource   |Locked|Fanout|Net Skew(ns)|Max Delay(ns)|
+---------------------+--------------+------+------+------------+-------------+
|  clk_66_6667MHzPLL0 |  BUFGMUX_X2Y3| No   | 1305 |  0.760     |  2.151      |
+---------------------+--------------+------+------+------------+-------------+
|microblaze_0_debug_D |              |      |      |            |             |
|              bg_Clk |  BUFGMUX_X2Y2| No   |   61 |  0.116     |  1.508      |
+---------------------+--------------+------+------+------------+-------------+
|mimtlu_0/mimtlu_0/US |              |      |      |            |             |
|ER_LOGIC_I/MIMTLU_en |              |      |      |            |             |
|           t/clk_out | BUFGMUX_X3Y13| No   |    1 |  0.000     |  1.463      |
+---------------------+--------------+------+------+------------+-------------+
|microblaze_0_debug_D |              |      |      |            |             |
|           bg_Update |         Local|      |   20 |  7.280     |  9.013      |
+---------------------+--------------+------+------+------------+-------------+
|Ethernet_MAC/Etherne |              |      |      |            |             |
|  t_MAC/phy_tx_clk_i |         Local|      |   19 |  1.822     |  2.751      |
+---------------------+--------------+------+------+------------+-------------+
|Ethernet_MAC_RX_CLK_ |              |      |      |            |             |
|                IBUF |         Local|      |   17 |  1.130     |  4.334      |
+---------------------+--------------+------+------+------------+-------------+
|MCB3_LPDDR/sysclk_2x |              |      |      |            |             |
|           _bufpll_o |         Local|      |   31 |  0.704     |  1.620      |
+---------------------+--------------+------+------+------------+-------------+
|MCB3_LPDDR/sysclk_2x |              |      |      |            |             |
|       _180_bufpll_o |         Local|      |   37 |  0.723     |  1.639      |
+---------------------+--------------+------+------+------------+-------------+
|MCB3_LPDDR/MCB3_LPDD |              |      |      |            |             |
|R/mcb_ui_top_0/mcb_r |              |      |      |            |             |
|aw_wrapper_inst/ioi_ |              |      |      |            |             |
|             drp_clk |         Local|      |   22 |  0.000     |  0.002      |
+---------------------+--------------+------+------+------------+-------------+
|MCB3_LPDDR/MCB3_LPDD |              |      |      |            |             |
|R/mcb_ui_top_0/mcb_r |              |      |      |            |             |
|aw_wrapper_inst/idel |              |      |      |            |             |
|        ay_dqs_ioi_s |         Local|      |    1 |  0.000     |  0.002      |
+---------------------+--------------+------+------+------------+-------------+
|MCB3_LPDDR/MCB3_LPDD |              |      |      |            |             |
|R/mcb_ui_top_0/mcb_r |              |      |      |            |             |
|aw_wrapper_inst/idel |              |      |      |            |             |
|        ay_dqs_ioi_m |         Local|      |    1 |  0.000     |  0.002      |
+---------------------+--------------+------+------+------------+-------------+
|MCB3_LPDDR/MCB3_LPDD |              |      |      |            |             |
|R/mcb_ui_top_0/mcb_r |              |      |      |            |             |
|aw_wrapper_inst/idel |              |      |      |            |             |
|       ay_udqs_ioi_s |         Local|      |    1 |  0.000     |  0.002      |
+---------------------+--------------+------+------+------------+-------------+
|MCB3_LPDDR/MCB3_LPDD |              |      |      |            |             |
|R/mcb_ui_top_0/mcb_r |              |      |      |            |             |
|aw_wrapper_inst/idel |              |      |      |            |             |
|       ay_udqs_ioi_m |         Local|      |    1 |  0.000     |  0.002      |
+---------------------+--------------+------+------+------------+-------------+
|  USB_Uart_Interrupt |         Local|      |    1 |  0.000     |  1.175      |
+---------------------+--------------+------+------+------------+-------------+
|Ethernet_MAC_IP2INTC |              |      |      |            |             |
|               _Irpt |         Local|      |    1 |  0.000     |  0.517      |
+---------------------+--------------+------+------+------------+-------------+

* Net Skew is the difference between the minimum and maximum routing
only delays for the net. Note this is different from Clock Skew which
is reported in TRCE timing report. Clock Skew is the difference between
the minimum and maximum path delays which includes logic delays.

* The fanout is the number of component pins not the individual BEL loads,
for example SLICE loads not FF loads.

Timing Score: 0 (Setup: 0, Hold: 0, Component Switching Limit: 0)

Number of Timing Constraints that were not applied: 4

Asterisk (*) preceding a constraint indicates it was not met.
   This may be due to a setup or hold violation.

----------------------------------------------------------------------------------------------------------
  Constraint                                |    Check    | Worst Case |  Best Case | Timing |   Timing   
                                            |             |    Slack   | Achievable | Errors |    Score   
----------------------------------------------------------------------------------------------------------
  TS_clock_generator_0_clock_generator_0_SI | SETUP       |     0.555ns|     9.445ns|       0|           0
  G_PLL0_CLKOUT2 = PERIOD TIMEGRP         " | HOLD        |     0.302ns|            |       0|           0
  clock_generator_0_clock_generator_0_SIG_P |             |            |            |        |            
  LL0_CLKOUT2" TS_sys_clk_pin         HIGH  |             |            |            |        |            
  50%                                       |             |            |            |        |            
----------------------------------------------------------------------------------------------------------
  TS_clk_400_0000MHzPLL0_nobuf = PERIOD TIM | MINPERIOD   |     0.901ns|     1.599ns|       0|           0
  EGRP "clk_400_0000MHzPLL0_nobuf"          |             |            |            |        |            
  TS_sys_clk_pin * 4 HIGH 50%               |             |            |            |        |            
----------------------------------------------------------------------------------------------------------
  TS_clk_400_0000MHz180PLL0_nobuf = PERIOD  | MINPERIOD   |     0.901ns|     1.599ns|       0|           0
  TIMEGRP         "clk_400_0000MHz180PLL0_n |             |            |            |        |            
  obuf" TS_sys_clk_pin * 4 PHASE 1.25 ns HI |             |            |            |        |            
  GH         50%                            |             |            |            |        |            
----------------------------------------------------------------------------------------------------------
  TS_sys_clk_pin = PERIOD TIMEGRP "sys_clk_ | MINLOWPULSE |     6.666ns|     3.334ns|       0|           0
  pin" 100 MHz HIGH 50%                     |             |            |            |        |            
----------------------------------------------------------------------------------------------------------
  NET "Ethernet_MAC/Ethernet_MAC/phy_tx_clk | NETSKEW     |     4.132ns|     1.868ns|       0|           0
  _i" MAXSKEW = 6 ns                        |             |            |            |        |            
----------------------------------------------------------------------------------------------------------
  NET "Ethernet_MAC_RX_CLK_IBUF" MAXSKEW =  | NETSKEW     |     4.693ns|     1.307ns|       0|           0
  6 ns                                      |             |            |            |        |            
----------------------------------------------------------------------------------------------------------
  TSTXOUT_Ethernet_MAC = MAXDELAY FROM TIME | MAXDELAY    |     5.889ns|     4.111ns|       0|           0
  GRP "TXCLK_GRP_Ethernet_MAC" TO         T |             |            |            |        |            
  IMEGRP "PADS" 10 ns                       |             |            |            |        |            
----------------------------------------------------------------------------------------------------------
  OFFSET = IN 6 ns BEFORE COMP "Ethernet_MA | SETUP       |     6.575ns|    -0.575ns|       0|           0
  C_RX_CLK"                                 |             |            |            |        |            
----------------------------------------------------------------------------------------------------------
  NET "Ethernet_MAC/Ethernet_MAC/phy_tx_clk | SETUP       |     9.211ns|    13.682ns|       0|           0
  _i" PERIOD = 40 ns HIGH 14 ns             | HOLD        |     0.453ns|            |       0|           0
----------------------------------------------------------------------------------------------------------
  NET "Ethernet_MAC_RX_CLK_IBUF" PERIOD = 4 | SETUP       |    10.584ns|     9.760ns|       0|           0
  0 ns HIGH 14 ns                           | HOLD        |     0.413ns|            |       0|           0
----------------------------------------------------------------------------------------------------------
  PATH "TS_axi4_0_reset_resync_path" TIG    | MAXDELAY    |         N/A|     6.589ns|     N/A|           0
----------------------------------------------------------------------------------------------------------
  PATH "TS_sync_microblaze_0_intc_path" TIG | SETUP       |         N/A|     9.309ns|     N/A|           0
----------------------------------------------------------------------------------------------------------
  PATH "TS_intr_sync_p1_microblaze_0_intc_p | SETUP       |         N/A|    -0.495ns|     N/A|           0
  ath" TIG                                  |             |            |            |        |            
----------------------------------------------------------------------------------------------------------
  PATH "TS_axi4lite_0_reset_resync_path" TI | MAXDELAY    |         N/A|     6.576ns|     N/A|           0
  G                                         |             |            |            |        |            
----------------------------------------------------------------------------------------------------------
  PATH "TS_TIG_MCB3_LPDDR_CALIB_DONE_SYNCH_ | N/A         |         N/A|         N/A|     N/A|         N/A
  path" TIG                                 |             |            |            |        |            
----------------------------------------------------------------------------------------------------------
  PATH "TS_TIG_MCB3_LPDDR_SYS_RST_SYNCH_pat | SETUP       |         N/A|     1.591ns|     N/A|           0
  h" TIG                                    |             |            |            |        |            
----------------------------------------------------------------------------------------------------------
  PATH "TS_TIG_microblaze_0_ilmb_POR_FF_I_p | SETUP       |         N/A|     3.111ns|     N/A|           0
  ath" TIG                                  |             |            |            |        |            
----------------------------------------------------------------------------------------------------------
  PATH "TS_AXI_TX_FP_Ethernet_MAC_path" TIG | SETUP       |         N/A|     8.858ns|     N/A|           0
----------------------------------------------------------------------------------------------------------
  PATH "TS_TX_AXI_FP_Ethernet_MAC_path" TIG | SETUP       |         N/A|     4.596ns|     N/A|           0
----------------------------------------------------------------------------------------------------------
  PATH "TS_AXI_RX_FP_Ethernet_MAC_path" TIG | SETUP       |         N/A|     9.532ns|     N/A|           0
----------------------------------------------------------------------------------------------------------
  PATH "TS_RX_AXI_FP_Ethernet_MAC_path" TIG | SETUP       |         N/A|     2.697ns|     N/A|           0
----------------------------------------------------------------------------------------------------------
  PATH "TS_TIG_microblaze_0_dlmb_POR_FF_I_p | SETUP       |         N/A|     2.351ns|     N/A|           0
  ath" TIG                                  |             |            |            |        |            
----------------------------------------------------------------------------------------------------------
  PATH "TS_TIG_microblaze_0_Interrupt_path" | SETUP       |         N/A|     2.091ns|     N/A|           0
   TIG                                      |             |            |            |        |            
----------------------------------------------------------------------------------------------------------
  PATH "TS_TIG_microblaze_0_Reset_path" TIG | SETUP       |         N/A|     4.553ns|     N/A|           0
----------------------------------------------------------------------------------------------------------


Derived Constraint Report
Review Timing Report for more details on the following derived constraints.
To create a Timing Report, run "trce -v 12 -fastpaths -o design_timing_report design.ncd design.pcf"
or "Run Timing Analysis" from Timing Analyzer (timingan).
Derived Constraints for TS_sys_clk_pin
+-------------------------------+-------------+-------------+-------------+-------------+-------------+-------------+-------------+
|                               |   Period    |       Actual Period       |      Timing Errors        |      Paths Analyzed       |
|           Constraint          | Requirement |-------------+-------------|-------------+-------------|-------------+-------------|
|                               |             |   Direct    | Derivative  |   Direct    | Derivative  |   Direct    | Derivative  |
+-------------------------------+-------------+-------------+-------------+-------------+-------------+-------------+-------------+
|TS_sys_clk_pin                 |     10.000ns|      3.334ns|      9.445ns|            0|            0|            0|       326731|
| TS_clk_400_0000MHz180PLL0_nobu|      2.500ns|      1.599ns|          N/A|            0|            0|            0|            0|
| f                             |             |             |             |             |             |             |             |
| TS_clk_400_0000MHzPLL0_nobuf  |      2.500ns|      1.599ns|          N/A|            0|            0|            0|            0|
| TS_clock_generator_0_clock_gen|     10.000ns|      9.445ns|          N/A|            0|            0|       326731|            0|
| erator_0_SIG_PLL0_CLKOUT2     |             |             |             |             |             |             |             |
+-------------------------------+-------------+-------------+-------------+-------------+-------------+-------------+-------------+

All constraints were met.
INFO:Timing:2761 - N/A entries in the Constraints List may indicate that the 
   constraint is not analyzed due to the following: No paths covered by this 
   constraint; Other constraints intersect with this constraint; or This 
   constraint was disabled by a Path Tracing Control. Please run the Timespec 
   Interaction Report (TSI) via command line (trce tsi) or Timing Analyzer GUI.


Generating Pad Report.

All signals are completely routed.

WARNING:Par:283 - There are 4 loadless signals in this design. This design will cause Bitgen to issue DRC warnings.

Total REAL time to PAR completion: 54 secs 
Total CPU time to PAR completion: 49 secs 

Peak Memory Usage:  460 MB

Placer: Placement generated during map.
Routing: Completed - No errors found.
Timing: Completed - No errors found.

Number of error messages: 0
Number of warning messages: 8
Number of info messages: 1

Writing design to file system.ncd



PAR done!



#----------------------------------------------#
# Starting program post_par_trce
# trce -e 3 -xml system.twx system.ncd system.pcf 
#----------------------------------------------#
Release 14.4 - Trace  (nt64)
Copyright (c) 1995-2012 Xilinx, Inc.  All rights reserved.


PMSPEC -- Overriding Xilinx file
<C:/Xilinx/14.4/ISE_DS/EDK/spartan6/data/spartan6.acd> with local file
<C:/Xilinx/14.4/ISE_DS/ISE/spartan6/data/spartan6.acd>
Loading device for application Rf_Device from file '6slx9.nph' in environment
C:\Xilinx\14.4\ISE_DS\ISE\;C:\Xilinx\14.4\ISE_DS\EDK.
   "system" is an NCD, version 3.2, device xc6slx9, package csg324, speed -2
WARNING:ConstraintSystem - The Offset constraint <OFFSET = IN 6 ns BEFORE COMP
   "Ethernet_MAC_RX_CLK";> [system.pcf(14037)], is specified without a duration.
    This will result in a lack of hold time checks in timing reports.  If hold
   time checks are desired a duration value should be specified following the
   'VALID' keyword.

WARNING:Timing:3223 - Timing constraint PATH
   "TS_TIG_MCB3_LPDDR_CALIB_DONE_SYNCH_path" TIG; ignored during timing
   analysis.
INFO:Timing:3386 - Intersecting Constraints found and resolved.  For more
   information, see the TSI report.  Please consult the Xilinx Command Line
   Tools User Guide for information on generating a TSI report.
--------------------------------------------------------------------------------
Release 14.4 Trace  (nt64)
Copyright (c) 1995-2012 Xilinx, Inc.  All rights reserved.

C:\Xilinx\14.4\ISE_DS\ISE\bin\nt64\unwrapped\trce.exe -e 3 -xml system.twx
system.ncd system.pcf


Design file:              system.ncd
Physical constraint file: system.pcf
Device,speed:             xc6slx9,-2 (PRODUCTION 1.23 2012-12-04)
Report level:             error report
--------------------------------------------------------------------------------

INFO:Timing:3412 - To improve timing, see the Timing Closure User Guide (UG612).
INFO:Timing:2752 - To get complete path coverage, use the unconstrained paths option. All paths that are not constrained will be reported in
   the unconstrained paths section(s) of the report.
INFO:Timing:3339 - The clock-to-out numbers in this timing report are based on a 50 Ohm transmission line loading model.  For the details of
   this model, and for more information on accounting for different loading conditions, please see the device datasheet.


Timing summary:
---------------

Timing errors: 0  Score: 0 (Setup/Max: 0, Hold: 0)

Constraints cover 327277 paths, 2 nets, and 24391 connections

Design statistics:
   Minimum period:  13.682ns (Maximum frequency:  73.089MHz)
   Maximum path delay from/to any node:   4.111ns
   Maximum net skew:   1.868ns


Analysis completed Thu May 02 10:36:24 2013
--------------------------------------------------------------------------------

Generating Report ...

Number of warnings: 2
Number of info messages: 4
Total time: 14 secs 


