Release 14.4 - xst P.49d (nt64)
Copyright (c) 1995-2012 Xilinx, Inc.  All rights reserved.
--> Parameter TMPDIR set to xst/projnav.tmp


Total REAL time to Xst completion: 0.00 secs
Total CPU time to Xst completion: 0.10 secs
 
--> Parameter xsthdpdir set to xst


Total REAL time to Xst completion: 0.00 secs
Total CPU time to Xst completion: 0.10 secs
 
--> Reading design: mimtlu.prj

TABLE OF CONTENTS
  1) Synthesis Options Summary
  2) HDL Parsing
  3) HDL Elaboration
  4) HDL Synthesis
       4.1) HDL Synthesis Report
  5) Advanced HDL Synthesis
       5.1) Advanced HDL Synthesis Report
  6) Low Level Synthesis
  7) Partition Report
  8) Design Summary
       8.1) Primitive and Black Box Usage
       8.2) Device utilization summary
       8.3) Partition Resource Summary
       8.4) Timing Report
            8.4.1) Clock Information
            8.4.2) Asynchronous Control Signals Information
            8.4.3) Timing Summary
            8.4.4) Timing Details
            8.4.5) Cross Clock Domains Report


=========================================================================
*                      Synthesis Options Summary                        *
=========================================================================
---- Source Parameters
Input File Name                    : "mimtlu.prj"
Ignore Synthesis Constraint File   : NO

---- Target Parameters
Output File Name                   : "mimtlu"
Output Format                      : NGC
Target Device                      : xc6slx9-2-csg324

---- Source Options
Top Module Name                    : mimtlu
Automatic FSM Extraction           : YES
FSM Encoding Algorithm             : Auto
Safe Implementation                : No
FSM Style                          : LUT
RAM Extraction                     : Yes
RAM Style                          : Auto
ROM Extraction                     : Yes
Shift Register Extraction          : YES
ROM Style                          : Auto
Resource Sharing                   : YES
Asynchronous To Synchronous        : NO
Shift Register Minimum Size        : 2
Use DSP Block                      : Auto
Automatic Register Balancing       : No

---- Target Options
LUT Combining                      : Auto
Reduce Control Sets                : Auto
Add IO Buffers                     : YES
Global Maximum Fanout              : 100000
Add Generic Clock Buffer(BUFG)     : 16
Register Duplication               : YES
Optimize Instantiated Primitives   : NO
Use Clock Enable                   : Auto
Use Synchronous Set                : Auto
Use Synchronous Reset              : Auto
Pack IO Registers into IOBs        : Auto
Equivalent register Removal        : YES

---- General Options
Optimization Goal                  : Speed
Optimization Effort                : 1
Power Reduction                    : NO
Keep Hierarchy                     : No
Netlist Hierarchy                  : As_Optimized
RTL Output                         : Yes
Global Optimization                : AllClockNets
Read Cores                         : YES
Write Timing Constraints           : NO
Cross Clock Analysis               : NO
Hierarchy Separator                : /
Bus Delimiter                      : <>
Case Specifier                     : Maintain
Slice Utilization Ratio            : 100
BRAM Utilization Ratio             : 100
DSP48 Utilization Ratio            : 100
Auto BRAM Packing                  : NO
Slice Utilization Ratio Delta      : 5

=========================================================================


=========================================================================
*                          HDL Parsing                                  *
=========================================================================
Parsing VHDL file "C:/Xilinx/14.4/ISE_DS/EDK/hw/XilinxProcessorIPLib/pcores/proc_common_v3_00_a/hdl/vhdl/proc_common_pkg.vhd" into library proc_common_v3_00_a
Parsing package <proc_common_pkg>.
Parsing package body <proc_common_pkg>.
Parsing VHDL file "C:/Xilinx/14.4/ISE_DS/EDK/hw/XilinxProcessorIPLib/pcores/proc_common_v3_00_a/hdl/vhdl/family_support.vhd" into library proc_common_v3_00_a
Parsing package <family_support>.
Parsing package body <family_support>.
Parsing VHDL file "C:/Xilinx/14.4/ISE_DS/EDK/hw/XilinxProcessorIPLib/pcores/proc_common_v3_00_a/hdl/vhdl/pselect_f.vhd" into library proc_common_v3_00_a
Parsing entity <pselect_f>.
Parsing architecture <imp> of entity <pselect_f>.
Parsing VHDL file "C:/Xilinx/14.4/ISE_DS/EDK/hw/XilinxProcessorIPLib/pcores/proc_common_v3_00_a/hdl/vhdl/ipif_pkg.vhd" into library proc_common_v3_00_a
Parsing package <ipif_pkg>.
Parsing package body <ipif_pkg>.
Parsing VHDL file "M:\Git_projects\FPGA\MIMTLU_StandAlone\pcores\mimtlu_v1_00_a\hdl\vhdl\MIMTLU_core.vhd" into library work
Parsing entity <MIMTLU_core>.
Parsing architecture <Behavioral> of entity <mimtlu_core>.
Parsing VHDL file "M:\Git_projects\FPGA\MIMTLU_StandAlone\pcores\mimtlu_v1_00_a\hdl\vhdl\dummy_diffpair.vhd" into library mimtlu_v1_00_a
Parsing entity <dummy_diffpair>.
Parsing architecture <Behavioral> of entity <dummy_diffpair>.
Parsing VHDL file "M:\Git_projects\FPGA\MIMTLU_StandAlone\pcores\mimtlu_v1_00_a\devl\projnav\clk_divider.vhd" into library work
Parsing entity <clk_divider>.
Parsing architecture <Behavioral> of entity <clk_divider>.
Parsing VHDL file "C:/Xilinx/14.4/ISE_DS/EDK/hw/XilinxProcessorIPLib/pcores/proc_common_v3_00_a/hdl/vhdl/counter_f.vhd" into library proc_common_v3_00_a
Parsing entity <counter_f>.
Parsing architecture <imp> of entity <counter_f>.
Parsing VHDL file "C:/Xilinx/14.4/ISE_DS/EDK/hw/XilinxProcessorIPLib/pcores/axi_lite_ipif_v1_01_a/hdl/vhdl/address_decoder.vhd" into library axi_lite_ipif_v1_01_a
Parsing entity <address_decoder>.
Parsing architecture <IMP> of entity <address_decoder>.
Parsing VHDL file "M:\Git_projects\FPGA\MIMTLU_StandAlone\pcores\mimtlu_v1_00_a\hdl\vhdl\TOP.vhd" into library mimtlu_v1_00_a
Parsing entity <top>.
Parsing architecture <Behavioral> of entity <top>.
Parsing VHDL file "C:/Xilinx/14.4/ISE_DS/EDK/hw/XilinxProcessorIPLib/pcores/axi_lite_ipif_v1_01_a/hdl/vhdl/slave_attachment.vhd" into library axi_lite_ipif_v1_01_a
Parsing entity <slave_attachment>.
Parsing architecture <imp> of entity <slave_attachment>.
Parsing VHDL file "M:\Git_projects\FPGA\MIMTLU_StandAlone\pcores\mimtlu_v1_00_a\hdl\vhdl\user_logic.vhd" into library mimtlu_v1_00_a
Parsing entity <user_logic>.
Parsing architecture <IMP> of entity <user_logic>.
Parsing VHDL file "C:/Xilinx/14.4/ISE_DS/EDK/hw/XilinxProcessorIPLib/pcores/axi_lite_ipif_v1_01_a/hdl/vhdl/axi_lite_ipif.vhd" into library axi_lite_ipif_v1_01_a
Parsing entity <axi_lite_ipif>.
Parsing architecture <imp> of entity <axi_lite_ipif>.
Parsing VHDL file "M:\Git_projects\FPGA\MIMTLU_StandAlone\pcores\mimtlu_v1_00_a\hdl\vhdl\mimtlu.vhd" into library mimtlu_v1_00_a
Parsing entity <mimtlu>.
Parsing architecture <IMP> of entity <mimtlu>.

=========================================================================
*                            HDL Elaboration                            *
=========================================================================

Elaborating entity <mimtlu> (architecture <IMP>) with generics from library <mimtlu_v1_00_a>.

Elaborating entity <axi_lite_ipif> (architecture <imp>) with generics from library <axi_lite_ipif_v1_01_a>.

Elaborating entity <slave_attachment> (architecture <imp>) with generics from library <axi_lite_ipif_v1_01_a>.

Elaborating entity <address_decoder> (architecture <IMP>) with generics from library <axi_lite_ipif_v1_01_a>.

Elaborating entity <pselect_f> (architecture <imp>) with generics from library <proc_common_v3_00_a>.

Elaborating entity <pselect_f> (architecture <imp>) with generics from library <proc_common_v3_00_a>.

Elaborating entity <pselect_f> (architecture <imp>) with generics from library <proc_common_v3_00_a>.

Elaborating entity <pselect_f> (architecture <imp>) with generics from library <proc_common_v3_00_a>.
INFO:HDLCompiler:679 - "C:/Xilinx/14.4/ISE_DS/EDK/hw/XilinxProcessorIPLib/pcores/axi_lite_ipif_v1_01_a/hdl/vhdl/slave_attachment.vhd" Line 417. Case statement is complete. others clause is never selected

Elaborating entity <user_logic> (architecture <IMP>) with generics from library <mimtlu_v1_00_a>.

Elaborating entity <top> (architecture <Behavioral>) from library <mimtlu_v1_00_a>.

Elaborating entity <dummy_diffpair> (architecture <Behavioral>) from library <mimtlu_v1_00_a>.

Elaborating entity <MIMTLU_core> (architecture <Behavioral>) with generics from library <work>.
WARNING:HDLCompiler:92 - "M:\Git_projects\FPGA\MIMTLU_StandAlone\pcores\mimtlu_v1_00_a\hdl\vhdl\MIMTLU_core.vhd" Line 152: wait_time should be on the sensitivity list of the process

Elaborating entity <clk_divider> (architecture <Behavioral>) from library <work>.
WARNING:HDLCompiler:1127 - "M:\Git_projects\FPGA\MIMTLU_StandAlone\pcores\mimtlu_v1_00_a\hdl\vhdl\user_logic.vhd" Line 220: Assignment to slv_reg2 ignored, since the identifier is never used

=========================================================================
*                           HDL Synthesis                               *
=========================================================================

Synthesizing Unit <mimtlu>.
    Related source file is "M:\Git_projects\FPGA\MIMTLU_StandAlone\pcores\mimtlu_v1_00_a\hdl\vhdl\mimtlu.vhd".
WARNING:Xst:37 - Detected unknown constraint/property "sigis". This constraint/property is not supported by the current software release and will be ignored.
WARNING:Xst:37 - Detected unknown constraint/property "sigis". This constraint/property is not supported by the current software release and will be ignored.
        C_S_AXI_DATA_WIDTH = 32
        C_S_AXI_ADDR_WIDTH = 32
        C_S_AXI_MIN_SIZE = "00000000000000000000000111111111"
        C_USE_WSTRB = 0
        C_DPHASE_TIMEOUT = 8
        C_BASEADDR = "11111111111111111111111111111111"
        C_HIGHADDR = "00000000000000000000000000000000"
        C_FAMILY = "virtex6"
        C_NUM_REG = 1
        C_NUM_MEM = 1
        C_SLV_AWIDTH = 32
        C_SLV_DWIDTH = 32
    Set property "MAX_FANOUT = 10000" for signal <S_AXI_ACLK>.
WARNING:Xst:37 - Detected unknown constraint/property "sigis". This constraint/property is not supported by the current software release and will be ignored.
    Set property "MAX_FANOUT = 10000" for signal <S_AXI_ARESETN>.
WARNING:Xst:37 - Detected unknown constraint/property "sigis". This constraint/property is not supported by the current software release and will be ignored.
INFO:Xst:3210 - "M:\Git_projects\FPGA\MIMTLU_StandAlone\pcores\mimtlu_v1_00_a\hdl\vhdl\mimtlu.vhd" line 259: Output port <Bus2IP_Addr> of the instance <AXI_LITE_IPIF_I> is unconnected or connected to loadless signal.
INFO:Xst:3210 - "M:\Git_projects\FPGA\MIMTLU_StandAlone\pcores\mimtlu_v1_00_a\hdl\vhdl\mimtlu.vhd" line 259: Output port <Bus2IP_CS> of the instance <AXI_LITE_IPIF_I> is unconnected or connected to loadless signal.
INFO:Xst:3210 - "M:\Git_projects\FPGA\MIMTLU_StandAlone\pcores\mimtlu_v1_00_a\hdl\vhdl\mimtlu.vhd" line 259: Output port <Bus2IP_RNW> of the instance <AXI_LITE_IPIF_I> is unconnected or connected to loadless signal.
    Summary:
	no macro.
Unit <mimtlu> synthesized.

Synthesizing Unit <axi_lite_ipif>.
    Related source file is "C:/Xilinx/14.4/ISE_DS/EDK/hw/XilinxProcessorIPLib/pcores/axi_lite_ipif_v1_01_a/hdl/vhdl/axi_lite_ipif.vhd".
        C_S_AXI_DATA_WIDTH = 32
        C_S_AXI_ADDR_WIDTH = 32
        C_S_AXI_MIN_SIZE = "00000000000000000000000111111111"
        C_USE_WSTRB = 0
        C_DPHASE_TIMEOUT = 8
        C_ARD_ADDR_RANGE_ARRAY = ("0000000000000000000000000000000011111111111111111111111111111111","0000000000000000000000000000000000000000000000000000000000000000")
        C_ARD_NUM_CE_ARRAY = (4)
        C_FAMILY = "virtex6"
    Summary:
	no macro.
Unit <axi_lite_ipif> synthesized.

Synthesizing Unit <slave_attachment>.
    Related source file is "C:/Xilinx/14.4/ISE_DS/EDK/hw/XilinxProcessorIPLib/pcores/axi_lite_ipif_v1_01_a/hdl/vhdl/slave_attachment.vhd".
        C_ARD_ADDR_RANGE_ARRAY = ("0000000000000000000000000000000011111111111111111111111111111111","0000000000000000000000000000000000000000000000000000000000000000")
        C_ARD_NUM_CE_ARRAY = (4)
        C_IPIF_ABUS_WIDTH = 32
        C_IPIF_DBUS_WIDTH = 32
        C_S_AXI_MIN_SIZE = "00000000000000000000000111111111"
        C_USE_WSTRB = 0
        C_DPHASE_TIMEOUT = 8
        C_FAMILY = "virtex6"
WARNING:Xst:647 - Input <S_AXI_AWADDR<31:9>> is never used. This port will be preserved and left unconnected if it belongs to a top-level block or it belongs to a sub-block and the hierarchy of this sub-block is preserved.
WARNING:Xst:647 - Input <S_AXI_WSTRB> is never used. This port will be preserved and left unconnected if it belongs to a top-level block or it belongs to a sub-block and the hierarchy of this sub-block is preserved.
WARNING:Xst:647 - Input <S_AXI_ARADDR<31:9>> is never used. This port will be preserved and left unconnected if it belongs to a top-level block or it belongs to a sub-block and the hierarchy of this sub-block is preserved.
INFO:Xst:3210 - "C:/Xilinx/14.4/ISE_DS/EDK/hw/XilinxProcessorIPLib/pcores/axi_lite_ipif_v1_01_a/hdl/vhdl/slave_attachment.vhd" line 341: Output port <CS_for_gaps> of the instance <I_DECODER> is unconnected or connected to loadless signal.
    Found 2-bit register for signal <state>.
    Found 2-bit register for signal <s_axi_rresp_i>.
    Found 32-bit register for signal <s_axi_rdata_i>.
    Found 1-bit register for signal <s_axi_rvalid_i>.
    Found 2-bit register for signal <s_axi_bresp_i>.
    Found 1-bit register for signal <s_axi_bvalid_i>.
    Found 4-bit register for signal <INCLUDE_DPHASE_TIMER.dpto_cnt>.
    Found 1-bit register for signal <rst>.
    Found finite state machine <FSM_0> for signal <state>.
    -----------------------------------------------------------------------
    | States             | 4                                              |
    | Transitions        | 10                                             |
    | Inputs             | 6                                              |
    | Outputs            | 4                                              |
    | Clock              | S_AXI_ACLK (rising_edge)                       |
    | Reset              | rst (positive)                                 |
    | Reset type         | synchronous                                    |
    | Reset State        | sm_idle                                        |
    | Power Up State     | sm_idle                                        |
    | Encoding           | auto                                           |
    | Implementation     | LUT                                            |
    -----------------------------------------------------------------------
    Found 4-bit adder for signal <INCLUDE_DPHASE_TIMER.dpto_cnt[3]_GND_12_o_add_31_OUT> created at line 507.
    Summary:
	inferred   1 Adder/Subtractor(s).
	inferred  43 D-type flip-flop(s).
	inferred   2 Multiplexer(s).
	inferred   1 Finite State Machine(s).
Unit <slave_attachment> synthesized.

Synthesizing Unit <address_decoder>.
    Related source file is "C:/Xilinx/14.4/ISE_DS/EDK/hw/XilinxProcessorIPLib/pcores/axi_lite_ipif_v1_01_a/hdl/vhdl/address_decoder.vhd".
        C_BUS_AWIDTH = 9
        C_S_AXI_MIN_SIZE = "00000000000000000000000111111111"
        C_ARD_ADDR_RANGE_ARRAY = ("0000000000000000000000000000000011111111111111111111111111111111","0000000000000000000000000000000000000000000000000000000000000000")
        C_ARD_NUM_CE_ARRAY = (4)
        C_FAMILY = "nofamily"
WARNING:Xst:647 - Input <Address_In_Erly<0:4>> is never used. This port will be preserved and left unconnected if it belongs to a top-level block or it belongs to a sub-block and the hierarchy of this sub-block is preserved.
WARNING:Xst:647 - Input <Bus_RNW> is never used. This port will be preserved and left unconnected if it belongs to a top-level block or it belongs to a sub-block and the hierarchy of this sub-block is preserved.
    Found 1-bit register for signal <Bus_RNW_reg>.
    Found 1-bit register for signal <ce_out_i<0>>.
    Found 1-bit register for signal <ce_out_i<1>>.
    Found 1-bit register for signal <ce_out_i<2>>.
    Found 1-bit register for signal <ce_out_i<3>>.
    Found 1-bit register for signal <cs_out_i>.
    Summary:
	inferred   6 D-type flip-flop(s).
Unit <address_decoder> synthesized.

Synthesizing Unit <pselect_f_1>.
    Related source file is "C:/Xilinx/14.4/ISE_DS/EDK/hw/XilinxProcessorIPLib/pcores/proc_common_v3_00_a/hdl/vhdl/pselect_f.vhd".
        C_AB = 2
        C_AW = 2
        C_BAR = "00"
        C_FAMILY = "nofamily"
    Summary:
	inferred   1 Multiplexer(s).
Unit <pselect_f_1> synthesized.

Synthesizing Unit <pselect_f_2>.
    Related source file is "C:/Xilinx/14.4/ISE_DS/EDK/hw/XilinxProcessorIPLib/pcores/proc_common_v3_00_a/hdl/vhdl/pselect_f.vhd".
        C_AB = 2
        C_AW = 2
        C_BAR = "01"
        C_FAMILY = "nofamily"
    Summary:
	inferred   1 Multiplexer(s).
Unit <pselect_f_2> synthesized.

Synthesizing Unit <pselect_f_3>.
    Related source file is "C:/Xilinx/14.4/ISE_DS/EDK/hw/XilinxProcessorIPLib/pcores/proc_common_v3_00_a/hdl/vhdl/pselect_f.vhd".
        C_AB = 2
        C_AW = 2
        C_BAR = "10"
        C_FAMILY = "nofamily"
    Summary:
	inferred   1 Multiplexer(s).
Unit <pselect_f_3> synthesized.

Synthesizing Unit <pselect_f_4>.
    Related source file is "C:/Xilinx/14.4/ISE_DS/EDK/hw/XilinxProcessorIPLib/pcores/proc_common_v3_00_a/hdl/vhdl/pselect_f.vhd".
        C_AB = 2
        C_AW = 2
        C_BAR = "11"
        C_FAMILY = "nofamily"
    Summary:
	inferred   1 Multiplexer(s).
Unit <pselect_f_4> synthesized.

Synthesizing Unit <user_logic>.
    Related source file is "M:\Git_projects\FPGA\MIMTLU_StandAlone\pcores\mimtlu_v1_00_a\hdl\vhdl\user_logic.vhd".
WARNING:Xst:37 - Detected unknown constraint/property "sigis". This constraint/property is not supported by the current software release and will be ignored.
WARNING:Xst:37 - Detected unknown constraint/property "sigis". This constraint/property is not supported by the current software release and will be ignored.
        C_NUM_REG = 4
        C_SLV_DWIDTH = 32
WARNING:Xst:37 - Detected unknown constraint/property "sigis". This constraint/property is not supported by the current software release and will be ignored.
WARNING:Xst:37 - Detected unknown constraint/property "sigis". This constraint/property is not supported by the current software release and will be ignored.
    Found 32-bit register for signal <slv_reg1>.
    Summary:
	inferred  32 D-type flip-flop(s).
	inferred  34 Multiplexer(s).
Unit <user_logic> synthesized.

Synthesizing Unit <top>.
    Related source file is "M:\Git_projects\FPGA\MIMTLU_StandAlone\pcores\mimtlu_v1_00_a\hdl\vhdl\TOP.vhd".
    Summary:
	no macro.
Unit <top> synthesized.

Synthesizing Unit <dummy_diffpair>.
    Related source file is "M:\Git_projects\FPGA\MIMTLU_StandAlone\pcores\mimtlu_v1_00_a\hdl\vhdl\dummy_diffpair.vhd".
    Summary:
	no macro.
Unit <dummy_diffpair> synthesized.

Synthesizing Unit <MIMTLU_core>.
    Related source file is "M:\Git_projects\FPGA\MIMTLU_StandAlone\pcores\mimtlu_v1_00_a\hdl\vhdl\MIMTLU_core.vhd".
        Nbits = 15
WARNING:Xst:647 - Input <busy_cnt<31:31>> is never used. This port will be preserved and left unconnected if it belongs to a top-level block or it belongs to a sub-block and the hierarchy of this sub-block is preserved.
    Found 31-bit register for signal <count>.
    Found 5-bit register for signal <ts_cnt>.
    Found 2-bit register for signal <state_reg>.
    Found 1-bit register for signal <busy_dut_reg>.
    Found 16-bit register for signal <timestamp_reg>.
    Found 1-bit register for signal <data_itr_reg>.
    Found finite state machine <FSM_1> for signal <state_reg>.
    -----------------------------------------------------------------------
    | States             | 4                                              |
    | Transitions        | 7                                              |
    | Inputs             | 3                                              |
    | Outputs            | 4                                              |
    | Clock              | clk (rising_edge)                              |
    | Reset              | reset (positive)                               |
    | Reset type         | asynchronous                                   |
    | Reset State        | idle                                           |
    | Power Up State     | idle                                           |
    | Encoding           | auto                                           |
    | Implementation     | LUT                                            |
    -----------------------------------------------------------------------
    Found 5-bit adder for signal <ts_cnt[4]_GND_22_o_add_2_OUT> created at line 96.
    Found 31-bit adder for signal <count[30]_GND_22_o_add_8_OUT> created at line 107.
    Found 31-bit comparator equal for signal <wait_time[30]_count[30]_equal_8_o> created at line 104
    Summary:
	inferred   2 Adder/Subtractor(s).
	inferred  54 D-type flip-flop(s).
	inferred   1 Comparator(s).
	inferred  21 Multiplexer(s).
	inferred   1 Finite State Machine(s).
Unit <MIMTLU_core> synthesized.

Synthesizing Unit <clk_divider>.
    Related source file is "M:\Git_projects\FPGA\MIMTLU_StandAlone\pcores\mimtlu_v1_00_a\devl\projnav\clk_divider.vhd".
    Found 3-bit register for signal <counter>.
    Found 1-bit register for signal <temporal>.
    Found 3-bit adder for signal <counter[2]_GND_23_o_add_1_OUT> created at line 56.
    Summary:
	inferred   1 Adder/Subtractor(s).
	inferred   4 D-type flip-flop(s).
	inferred   1 Multiplexer(s).
Unit <clk_divider> synthesized.

=========================================================================
HDL Synthesis Report

Macro Statistics
# Adders/Subtractors                                   : 4
 3-bit adder                                           : 1
 31-bit adder                                          : 1
 4-bit adder                                           : 1
 5-bit adder                                           : 1
# Registers                                            : 21
 1-bit register                                        : 12
 16-bit register                                       : 1
 2-bit register                                        : 2
 3-bit register                                        : 1
 31-bit register                                       : 1
 32-bit register                                       : 2
 4-bit register                                        : 1
 5-bit register                                        : 1
# Comparators                                          : 1
 31-bit comparator equal                               : 1
# Multiplexers                                         : 62
 1-bit 2-to-1 multiplexer                              : 55
 16-bit 2-to-1 multiplexer                             : 1
 3-bit 2-to-1 multiplexer                              : 1
 31-bit 2-to-1 multiplexer                             : 1
 32-bit 2-to-1 multiplexer                             : 3
 5-bit 2-to-1 multiplexer                              : 1
# FSMs                                                 : 2

=========================================================================

=========================================================================
*                       Advanced HDL Synthesis                          *
=========================================================================

WARNING:Xst:1293 - FF/Latch <s_axi_bresp_i_0> has a constant value of 0 in block <I_SLAVE_ATTACHMENT>. This FF/Latch will be trimmed during the optimization process.
WARNING:Xst:1293 - FF/Latch <s_axi_bresp_i_1> has a constant value of 0 in block <I_SLAVE_ATTACHMENT>. This FF/Latch will be trimmed during the optimization process.
WARNING:Xst:1293 - FF/Latch <s_axi_rresp_i_0> has a constant value of 0 in block <I_SLAVE_ATTACHMENT>. This FF/Latch will be trimmed during the optimization process.
WARNING:Xst:1293 - FF/Latch <s_axi_rresp_i_1> has a constant value of 0 in block <I_SLAVE_ATTACHMENT>. This FF/Latch will be trimmed during the optimization process.

Synthesizing (advanced) Unit <MIMTLU_core>.
The following registers are absorbed into counter <count>: 1 register on signal <count>.
The following registers are absorbed into counter <ts_cnt>: 1 register on signal <ts_cnt>.
Unit <MIMTLU_core> synthesized (advanced).

Synthesizing (advanced) Unit <clk_divider>.
The following registers are absorbed into counter <counter>: 1 register on signal <counter>.
Unit <clk_divider> synthesized (advanced).

Synthesizing (advanced) Unit <slave_attachment>.
The following registers are absorbed into counter <INCLUDE_DPHASE_TIMER.dpto_cnt>: 1 register on signal <INCLUDE_DPHASE_TIMER.dpto_cnt>.
Unit <slave_attachment> synthesized (advanced).

=========================================================================
Advanced HDL Synthesis Report

Macro Statistics
# Counters                                             : 4
 3-bit up counter                                      : 1
 31-bit up counter                                     : 1
 4-bit up counter                                      : 1
 5-bit up counter                                      : 1
# Registers                                            : 96
 Flip-Flops                                            : 96
# Comparators                                          : 1
 31-bit comparator equal                               : 1
# Multiplexers                                         : 55
 1-bit 2-to-1 multiplexer                              : 51
 16-bit 2-to-1 multiplexer                             : 1
 32-bit 2-to-1 multiplexer                             : 3
# FSMs                                                 : 2

=========================================================================

=========================================================================
*                         Low Level Synthesis                           *
=========================================================================
WARNING:Xst:1293 - FF/Latch <s_axi_rresp_i_0> has a constant value of 0 in block <slave_attachment>. This FF/Latch will be trimmed during the optimization process.
WARNING:Xst:1896 - Due to other FF/Latch trimming, FF/Latch <s_axi_bresp_i_0> has a constant value of 0 in block <slave_attachment>. This FF/Latch will be trimmed during the optimization process.
Analyzing FSM <MFsm> for best encoding.
Optimizing FSM <AXI_LITE_IPIF_I/I_SLAVE_ATTACHMENT/FSM_0> on signal <state[1:2]> with user encoding.
----------------------
 State    | Encoding
----------------------
 sm_idle  | 00
 sm_read  | 01
 sm_write | 10
 sm_resp  | 11
----------------------
Analyzing FSM <MFsm> for best encoding.
Optimizing FSM <USER_LOGIC_I/MIMTLU_ent/TLU_READ/FSM_1> on signal <state_reg[1:2]> with gray encoding.
-----------------------
 State     | Encoding
-----------------------
 idle      | 00
 triggered | 01
 reading   | 11
 isbusy    | 10
-----------------------
INFO:Xst:1901 - Instance MIMTLU_ent/BUFGCE_inst in unit user_logic of type BUFGCE has been replaced by BUFGMUX

Optimizing unit <mimtlu> ...

Optimizing unit <slave_attachment> ...

Optimizing unit <address_decoder> ...

Optimizing unit <user_logic> ...

Optimizing unit <MIMTLU_core> ...
WARNING:Xst:1293 - FF/Latch <AXI_LITE_IPIF_I/I_SLAVE_ATTACHMENT/s_axi_rdata_i_16> has a constant value of 0 in block <mimtlu>. This FF/Latch will be trimmed during the optimization process.
WARNING:Xst:1896 - Due to other FF/Latch trimming, FF/Latch <AXI_LITE_IPIF_I/I_SLAVE_ATTACHMENT/s_axi_rdata_i_17> has a constant value of 0 in block <mimtlu>. This FF/Latch will be trimmed during the optimization process.
WARNING:Xst:1896 - Due to other FF/Latch trimming, FF/Latch <AXI_LITE_IPIF_I/I_SLAVE_ATTACHMENT/s_axi_rdata_i_18> has a constant value of 0 in block <mimtlu>. This FF/Latch will be trimmed during the optimization process.
WARNING:Xst:1896 - Due to other FF/Latch trimming, FF/Latch <AXI_LITE_IPIF_I/I_SLAVE_ATTACHMENT/s_axi_rdata_i_19> has a constant value of 0 in block <mimtlu>. This FF/Latch will be trimmed during the optimization process.
WARNING:Xst:1896 - Due to other FF/Latch trimming, FF/Latch <AXI_LITE_IPIF_I/I_SLAVE_ATTACHMENT/s_axi_rdata_i_20> has a constant value of 0 in block <mimtlu>. This FF/Latch will be trimmed during the optimization process.
WARNING:Xst:1896 - Due to other FF/Latch trimming, FF/Latch <AXI_LITE_IPIF_I/I_SLAVE_ATTACHMENT/s_axi_rdata_i_21> has a constant value of 0 in block <mimtlu>. This FF/Latch will be trimmed during the optimization process.
WARNING:Xst:1896 - Due to other FF/Latch trimming, FF/Latch <AXI_LITE_IPIF_I/I_SLAVE_ATTACHMENT/s_axi_rdata_i_22> has a constant value of 0 in block <mimtlu>. This FF/Latch will be trimmed during the optimization process.
WARNING:Xst:1896 - Due to other FF/Latch trimming, FF/Latch <AXI_LITE_IPIF_I/I_SLAVE_ATTACHMENT/s_axi_rdata_i_23> has a constant value of 0 in block <mimtlu>. This FF/Latch will be trimmed during the optimization process.
WARNING:Xst:1896 - Due to other FF/Latch trimming, FF/Latch <AXI_LITE_IPIF_I/I_SLAVE_ATTACHMENT/s_axi_rdata_i_24> has a constant value of 0 in block <mimtlu>. This FF/Latch will be trimmed during the optimization process.
WARNING:Xst:1896 - Due to other FF/Latch trimming, FF/Latch <AXI_LITE_IPIF_I/I_SLAVE_ATTACHMENT/s_axi_rdata_i_25> has a constant value of 0 in block <mimtlu>. This FF/Latch will be trimmed during the optimization process.
WARNING:Xst:1896 - Due to other FF/Latch trimming, FF/Latch <AXI_LITE_IPIF_I/I_SLAVE_ATTACHMENT/s_axi_rdata_i_26> has a constant value of 0 in block <mimtlu>. This FF/Latch will be trimmed during the optimization process.
WARNING:Xst:1896 - Due to other FF/Latch trimming, FF/Latch <AXI_LITE_IPIF_I/I_SLAVE_ATTACHMENT/s_axi_rdata_i_27> has a constant value of 0 in block <mimtlu>. This FF/Latch will be trimmed during the optimization process.
WARNING:Xst:1896 - Due to other FF/Latch trimming, FF/Latch <AXI_LITE_IPIF_I/I_SLAVE_ATTACHMENT/s_axi_rdata_i_28> has a constant value of 0 in block <mimtlu>. This FF/Latch will be trimmed during the optimization process.
WARNING:Xst:1896 - Due to other FF/Latch trimming, FF/Latch <AXI_LITE_IPIF_I/I_SLAVE_ATTACHMENT/s_axi_rdata_i_29> has a constant value of 0 in block <mimtlu>. This FF/Latch will be trimmed during the optimization process.
WARNING:Xst:1896 - Due to other FF/Latch trimming, FF/Latch <AXI_LITE_IPIF_I/I_SLAVE_ATTACHMENT/s_axi_rdata_i_30> has a constant value of 0 in block <mimtlu>. This FF/Latch will be trimmed during the optimization process.
WARNING:Xst:1896 - Due to other FF/Latch trimming, FF/Latch <AXI_LITE_IPIF_I/I_SLAVE_ATTACHMENT/s_axi_rdata_i_31> has a constant value of 0 in block <mimtlu>. This FF/Latch will be trimmed during the optimization process.
WARNING:Xst:1896 - Due to other FF/Latch trimming, FF/Latch <AXI_LITE_IPIF_I/I_SLAVE_ATTACHMENT/s_axi_rresp_i_1> has a constant value of 0 in block <mimtlu>. This FF/Latch will be trimmed during the optimization process.
WARNING:Xst:1896 - Due to other FF/Latch trimming, FF/Latch <AXI_LITE_IPIF_I/I_SLAVE_ATTACHMENT/s_axi_bresp_i_1> has a constant value of 0 in block <mimtlu>. This FF/Latch will be trimmed during the optimization process.
WARNING:Xst:2677 - Node <AXI_LITE_IPIF_I/I_SLAVE_ATTACHMENT/I_DECODER/cs_out_i_0> of sequential type is unconnected in block <mimtlu>.
WARNING:Xst:2677 - Node <USER_LOGIC_I/slv_reg1_31> of sequential type is unconnected in block <mimtlu>.
WARNING:Xst:1293 - FF/Latch <USER_LOGIC_I/MIMTLU_ent/TLU_READ/ts_cnt_4> has a constant value of 0 in block <mimtlu>. This FF/Latch will be trimmed during the optimization process.

Mapping all equations...
Building and optimizing final netlist ...
Found area constraint ratio of 100 (+ 5) on block mimtlu, actual ratio is 3.

Final Macro Processing ...

=========================================================================
Final Register Report

Macro Statistics
# Registers                                            : 120
 Flip-Flops                                            : 120

=========================================================================

=========================================================================
*                           Partition Report                            *
=========================================================================

Partition Implementation Status
-------------------------------

  No Partitions were found in this design.

-------------------------------

=========================================================================
*                            Design Summary                             *
=========================================================================

Top Level Output File Name         : mimtlu.ngc

Primitive and Black Box Usage:
------------------------------
# BELS                             : 196
#      GND                         : 1
#      INV                         : 5
#      LUT2                        : 10
#      LUT3                        : 10
#      LUT4                        : 38
#      LUT5                        : 6
#      LUT6                        : 52
#      MUXCY                       : 42
#      VCC                         : 1
#      XORCY                       : 31
# FlipFlops/Latches                : 120
#      FD                          : 2
#      FDC                         : 6
#      FDCE                        : 35
#      FDE                         : 18
#      FDR                         : 8
#      FDRE                        : 51
# Clock Buffers                    : 4
#      BUFG                        : 1
#      BUFGMUX                     : 1
#      BUFGP                       : 2
# IO Buffers                       : 93
#      IBUF                        : 42
#      IBUFDS                      : 2
#      OBUF                        : 49

Device utilization summary:
---------------------------

Selected Device : 6slx9csg324-2 


Slice Logic Utilization: 
 Number of Slice Registers:             119  out of  11440     1%  
 Number of Slice LUTs:                  121  out of   5720     2%  
    Number used as Logic:               121  out of   5720     2%  

Slice Logic Distribution: 
 Number of LUT Flip Flop pairs used:    146
   Number with an unused Flip Flop:      27  out of    146    18%  
   Number with an unused LUT:            25  out of    146    17%  
   Number of fully used LUT-FF pairs:    94  out of    146    64%  
   Number of unique control sets:        12

IO Utilization: 
 Number of IOs:                         162
 Number of bonded IOBs:                  97  out of    200    48%  
    IOB Flip Flops/Latches:               1

Specific Feature Utilization:
 Number of BUFG/BUFGCTRLs:                4  out of     16    25%  

---------------------------
Partition Resource Summary:
---------------------------

  No Partitions were found in this design.

---------------------------


=========================================================================
Timing Report

NOTE: THESE TIMING NUMBERS ARE ONLY A SYNTHESIS ESTIMATE.
      FOR ACCURATE TIMING INFORMATION PLEASE REFER TO THE TRACE REPORT
      GENERATED AFTER PLACE-and-ROUTE.

Clock Information:
------------------
----------------------------------------+------------------------+-------+
Clock Signal                            | Clock buffer(FF name)  | Load  |
----------------------------------------+------------------------+-------+
S_AXI_ACLK                              | BUFGP                  | 61    |
CLOCK_Y3                                | BUFGP                  | 4     |
USER_LOGIC_I/MIMTLU_ent/CLK_DIV/temporal| BUFG                   | 55    |
----------------------------------------+------------------------+-------+

Asynchronous Control Signals Information:
----------------------------------------
No asynchronous control signals found in this design

Timing Summary:
---------------
Speed Grade: -2

   Minimum period: 5.122ns (Maximum Frequency: 195.255MHz)
   Minimum input arrival time before clock: 4.978ns
   Maximum output required time after clock: 6.235ns
   Maximum combinational path delay: 6.188ns

Timing Details:
---------------
All values displayed in nanoseconds (ns)

=========================================================================
Timing constraint: Default period analysis for Clock 'S_AXI_ACLK'
  Clock period: 4.299ns (frequency: 232.595MHz)
  Total number of paths / destination ports: 385 / 108
-------------------------------------------------------------------------
Delay:               4.299ns (Levels of Logic = 1)
  Source:            AXI_LITE_IPIF_I/I_SLAVE_ATTACHMENT/I_DECODER/Bus_RNW_reg (FF)
  Destination:       USER_LOGIC_I/slv_reg1_30 (FF)
  Source Clock:      S_AXI_ACLK rising
  Destination Clock: S_AXI_ACLK rising

  Data Path: AXI_LITE_IPIF_I/I_SLAVE_ATTACHMENT/I_DECODER/Bus_RNW_reg to USER_LOGIC_I/slv_reg1_30
                                Gate     Net
    Cell:in->out      fanout   Delay   Delay  Logical Name (Net Name)
    ----------------------------------------  ------------
     FD:C->Q              20   0.525   1.716  AXI_LITE_IPIF_I/I_SLAVE_ATTACHMENT/I_DECODER/Bus_RNW_reg (AXI_LITE_IPIF_I/I_SLAVE_ATTACHMENT/I_DECODER/Bus_RNW_reg)
     LUT5:I0->O           31   0.254   1.502  USER_LOGIC_I/_n0068<3>1 (USER_LOGIC_I/_n0068)
     FDRE:CE                   0.302          USER_LOGIC_I/slv_reg1_0
    ----------------------------------------
    Total                      4.299ns (1.081ns logic, 3.218ns route)
                                       (25.1% logic, 74.9% route)

=========================================================================
Timing constraint: Default period analysis for Clock 'CLOCK_Y3'
  Clock period: 1.866ns (frequency: 535.906MHz)
  Total number of paths / destination ports: 12 / 4
-------------------------------------------------------------------------
Delay:               1.866ns (Levels of Logic = 1)
  Source:            USER_LOGIC_I/MIMTLU_ent/CLK_DIV/counter_0 (FF)
  Destination:       USER_LOGIC_I/MIMTLU_ent/CLK_DIV/counter_0 (FF)
  Source Clock:      CLOCK_Y3 rising
  Destination Clock: CLOCK_Y3 rising

  Data Path: USER_LOGIC_I/MIMTLU_ent/CLK_DIV/counter_0 to USER_LOGIC_I/MIMTLU_ent/CLK_DIV/counter_0
                                Gate     Net
    Cell:in->out      fanout   Delay   Delay  Logical Name (Net Name)
    ----------------------------------------  ------------
     FDC:C->Q              4   0.525   1.032  USER_LOGIC_I/MIMTLU_ent/CLK_DIV/counter_0 (USER_LOGIC_I/MIMTLU_ent/CLK_DIV/counter_0)
     LUT3:I0->O            1   0.235   0.000  USER_LOGIC_I/MIMTLU_ent/CLK_DIV/Mcount_counter_xor<0>11 (USER_LOGIC_I/MIMTLU_ent/CLK_DIV/Mcount_counter)
     FDC:D                     0.074          USER_LOGIC_I/MIMTLU_ent/CLK_DIV/counter_0
    ----------------------------------------
    Total                      1.866ns (0.834ns logic, 1.032ns route)
                                       (44.7% logic, 55.3% route)

=========================================================================
Timing constraint: Default period analysis for Clock 'USER_LOGIC_I/MIMTLU_ent/CLK_DIV/temporal'
  Clock period: 5.122ns (frequency: 195.255MHz)
  Total number of paths / destination ports: 18156 / 105
-------------------------------------------------------------------------
Delay:               5.122ns (Levels of Logic = 44)
  Source:            USER_LOGIC_I/MIMTLU_ent/TLU_READ/count_2 (FF)
  Destination:       USER_LOGIC_I/MIMTLU_ent/TLU_READ/count_30 (FF)
  Source Clock:      USER_LOGIC_I/MIMTLU_ent/CLK_DIV/temporal rising
  Destination Clock: USER_LOGIC_I/MIMTLU_ent/CLK_DIV/temporal rising

  Data Path: USER_LOGIC_I/MIMTLU_ent/TLU_READ/count_2 to USER_LOGIC_I/MIMTLU_ent/TLU_READ/count_30
                                Gate     Net
    Cell:in->out      fanout   Delay   Delay  Logical Name (Net Name)
    ----------------------------------------  ------------
     FDCE:C->Q             2   0.525   0.954  USER_LOGIC_I/MIMTLU_ent/TLU_READ/count_2 (USER_LOGIC_I/MIMTLU_ent/TLU_READ/count_2)
     LUT6:I3->O            1   0.235   0.000  USER_LOGIC_I/MIMTLU_ent/TLU_READ/Mcompar_wait_time[30]_count[30]_equal_8_o_lut<0> (USER_LOGIC_I/MIMTLU_ent/TLU_READ/Mcompar_wait_time[30]_count[30]_equal_8_o_lut<0>)
     MUXCY:S->O            1   0.215   0.000  USER_LOGIC_I/MIMTLU_ent/TLU_READ/Mcompar_wait_time[30]_count[30]_equal_8_o_cy<0> (USER_LOGIC_I/MIMTLU_ent/TLU_READ/Mcompar_wait_time[30]_count[30]_equal_8_o_cy<0>)
     MUXCY:CI->O           1   0.023   0.000  USER_LOGIC_I/MIMTLU_ent/TLU_READ/Mcompar_wait_time[30]_count[30]_equal_8_o_cy<1> (USER_LOGIC_I/MIMTLU_ent/TLU_READ/Mcompar_wait_time[30]_count[30]_equal_8_o_cy<1>)
     MUXCY:CI->O           1   0.023   0.000  USER_LOGIC_I/MIMTLU_ent/TLU_READ/Mcompar_wait_time[30]_count[30]_equal_8_o_cy<2> (USER_LOGIC_I/MIMTLU_ent/TLU_READ/Mcompar_wait_time[30]_count[30]_equal_8_o_cy<2>)
     MUXCY:CI->O           1   0.023   0.000  USER_LOGIC_I/MIMTLU_ent/TLU_READ/Mcompar_wait_time[30]_count[30]_equal_8_o_cy<3> (USER_LOGIC_I/MIMTLU_ent/TLU_READ/Mcompar_wait_time[30]_count[30]_equal_8_o_cy<3>)
     MUXCY:CI->O           1   0.023   0.000  USER_LOGIC_I/MIMTLU_ent/TLU_READ/Mcompar_wait_time[30]_count[30]_equal_8_o_cy<4> (USER_LOGIC_I/MIMTLU_ent/TLU_READ/Mcompar_wait_time[30]_count[30]_equal_8_o_cy<4>)
     MUXCY:CI->O           1   0.023   0.000  USER_LOGIC_I/MIMTLU_ent/TLU_READ/Mcompar_wait_time[30]_count[30]_equal_8_o_cy<5> (USER_LOGIC_I/MIMTLU_ent/TLU_READ/Mcompar_wait_time[30]_count[30]_equal_8_o_cy<5>)
     MUXCY:CI->O           1   0.023   0.000  USER_LOGIC_I/MIMTLU_ent/TLU_READ/Mcompar_wait_time[30]_count[30]_equal_8_o_cy<6> (USER_LOGIC_I/MIMTLU_ent/TLU_READ/Mcompar_wait_time[30]_count[30]_equal_8_o_cy<6>)
     MUXCY:CI->O           1   0.023   0.000  USER_LOGIC_I/MIMTLU_ent/TLU_READ/Mcompar_wait_time[30]_count[30]_equal_8_o_cy<7> (USER_LOGIC_I/MIMTLU_ent/TLU_READ/Mcompar_wait_time[30]_count[30]_equal_8_o_cy<7>)
     MUXCY:CI->O           1   0.023   0.000  USER_LOGIC_I/MIMTLU_ent/TLU_READ/Mcompar_wait_time[30]_count[30]_equal_8_o_cy<8> (USER_LOGIC_I/MIMTLU_ent/TLU_READ/Mcompar_wait_time[30]_count[30]_equal_8_o_cy<8>)
     MUXCY:CI->O           1   0.023   0.000  USER_LOGIC_I/MIMTLU_ent/TLU_READ/Mcompar_wait_time[30]_count[30]_equal_8_o_cy<9> (USER_LOGIC_I/MIMTLU_ent/TLU_READ/Mcompar_wait_time[30]_count[30]_equal_8_o_cy<9>)
     MUXCY:CI->O          33   0.023   1.537  USER_LOGIC_I/MIMTLU_ent/TLU_READ/Mcompar_wait_time[30]_count[30]_equal_8_o_cy<10> (USER_LOGIC_I/MIMTLU_ent/TLU_READ/wait_time[30]_count[30]_equal_8_o)
     LUT4:I3->O            1   0.254   0.000  USER_LOGIC_I/MIMTLU_ent/TLU_READ/Mcount_count_lut<0> (USER_LOGIC_I/MIMTLU_ent/TLU_READ/Mcount_count_lut<0>)
     MUXCY:S->O            1   0.215   0.000  USER_LOGIC_I/MIMTLU_ent/TLU_READ/Mcount_count_cy<0> (USER_LOGIC_I/MIMTLU_ent/TLU_READ/Mcount_count_cy<0>)
     MUXCY:CI->O           1   0.023   0.000  USER_LOGIC_I/MIMTLU_ent/TLU_READ/Mcount_count_cy<1> (USER_LOGIC_I/MIMTLU_ent/TLU_READ/Mcount_count_cy<1>)
     MUXCY:CI->O           1   0.023   0.000  USER_LOGIC_I/MIMTLU_ent/TLU_READ/Mcount_count_cy<2> (USER_LOGIC_I/MIMTLU_ent/TLU_READ/Mcount_count_cy<2>)
     MUXCY:CI->O           1   0.023   0.000  USER_LOGIC_I/MIMTLU_ent/TLU_READ/Mcount_count_cy<3> (USER_LOGIC_I/MIMTLU_ent/TLU_READ/Mcount_count_cy<3>)
     MUXCY:CI->O           1   0.023   0.000  USER_LOGIC_I/MIMTLU_ent/TLU_READ/Mcount_count_cy<4> (USER_LOGIC_I/MIMTLU_ent/TLU_READ/Mcount_count_cy<4>)
     MUXCY:CI->O           1   0.023   0.000  USER_LOGIC_I/MIMTLU_ent/TLU_READ/Mcount_count_cy<5> (USER_LOGIC_I/MIMTLU_ent/TLU_READ/Mcount_count_cy<5>)
     MUXCY:CI->O           1   0.023   0.000  USER_LOGIC_I/MIMTLU_ent/TLU_READ/Mcount_count_cy<6> (USER_LOGIC_I/MIMTLU_ent/TLU_READ/Mcount_count_cy<6>)
     MUXCY:CI->O           1   0.023   0.000  USER_LOGIC_I/MIMTLU_ent/TLU_READ/Mcount_count_cy<7> (USER_LOGIC_I/MIMTLU_ent/TLU_READ/Mcount_count_cy<7>)
     MUXCY:CI->O           1   0.023   0.000  USER_LOGIC_I/MIMTLU_ent/TLU_READ/Mcount_count_cy<8> (USER_LOGIC_I/MIMTLU_ent/TLU_READ/Mcount_count_cy<8>)
     MUXCY:CI->O           1   0.023   0.000  USER_LOGIC_I/MIMTLU_ent/TLU_READ/Mcount_count_cy<9> (USER_LOGIC_I/MIMTLU_ent/TLU_READ/Mcount_count_cy<9>)
     MUXCY:CI->O           1   0.023   0.000  USER_LOGIC_I/MIMTLU_ent/TLU_READ/Mcount_count_cy<10> (USER_LOGIC_I/MIMTLU_ent/TLU_READ/Mcount_count_cy<10>)
     MUXCY:CI->O           1   0.023   0.000  USER_LOGIC_I/MIMTLU_ent/TLU_READ/Mcount_count_cy<11> (USER_LOGIC_I/MIMTLU_ent/TLU_READ/Mcount_count_cy<11>)
     MUXCY:CI->O           1   0.023   0.000  USER_LOGIC_I/MIMTLU_ent/TLU_READ/Mcount_count_cy<12> (USER_LOGIC_I/MIMTLU_ent/TLU_READ/Mcount_count_cy<12>)
     MUXCY:CI->O           1   0.023   0.000  USER_LOGIC_I/MIMTLU_ent/TLU_READ/Mcount_count_cy<13> (USER_LOGIC_I/MIMTLU_ent/TLU_READ/Mcount_count_cy<13>)
     MUXCY:CI->O           1   0.023   0.000  USER_LOGIC_I/MIMTLU_ent/TLU_READ/Mcount_count_cy<14> (USER_LOGIC_I/MIMTLU_ent/TLU_READ/Mcount_count_cy<14>)
     MUXCY:CI->O           1   0.023   0.000  USER_LOGIC_I/MIMTLU_ent/TLU_READ/Mcount_count_cy<15> (USER_LOGIC_I/MIMTLU_ent/TLU_READ/Mcount_count_cy<15>)
     MUXCY:CI->O           1   0.023   0.000  USER_LOGIC_I/MIMTLU_ent/TLU_READ/Mcount_count_cy<16> (USER_LOGIC_I/MIMTLU_ent/TLU_READ/Mcount_count_cy<16>)
     MUXCY:CI->O           1   0.023   0.000  USER_LOGIC_I/MIMTLU_ent/TLU_READ/Mcount_count_cy<17> (USER_LOGIC_I/MIMTLU_ent/TLU_READ/Mcount_count_cy<17>)
     MUXCY:CI->O           1   0.023   0.000  USER_LOGIC_I/MIMTLU_ent/TLU_READ/Mcount_count_cy<18> (USER_LOGIC_I/MIMTLU_ent/TLU_READ/Mcount_count_cy<18>)
     MUXCY:CI->O           1   0.023   0.000  USER_LOGIC_I/MIMTLU_ent/TLU_READ/Mcount_count_cy<19> (USER_LOGIC_I/MIMTLU_ent/TLU_READ/Mcount_count_cy<19>)
     MUXCY:CI->O           1   0.023   0.000  USER_LOGIC_I/MIMTLU_ent/TLU_READ/Mcount_count_cy<20> (USER_LOGIC_I/MIMTLU_ent/TLU_READ/Mcount_count_cy<20>)
     MUXCY:CI->O           1   0.023   0.000  USER_LOGIC_I/MIMTLU_ent/TLU_READ/Mcount_count_cy<21> (USER_LOGIC_I/MIMTLU_ent/TLU_READ/Mcount_count_cy<21>)
     MUXCY:CI->O           1   0.023   0.000  USER_LOGIC_I/MIMTLU_ent/TLU_READ/Mcount_count_cy<22> (USER_LOGIC_I/MIMTLU_ent/TLU_READ/Mcount_count_cy<22>)
     MUXCY:CI->O           1   0.023   0.000  USER_LOGIC_I/MIMTLU_ent/TLU_READ/Mcount_count_cy<23> (USER_LOGIC_I/MIMTLU_ent/TLU_READ/Mcount_count_cy<23>)
     MUXCY:CI->O           1   0.023   0.000  USER_LOGIC_I/MIMTLU_ent/TLU_READ/Mcount_count_cy<24> (USER_LOGIC_I/MIMTLU_ent/TLU_READ/Mcount_count_cy<24>)
     MUXCY:CI->O           1   0.023   0.000  USER_LOGIC_I/MIMTLU_ent/TLU_READ/Mcount_count_cy<25> (USER_LOGIC_I/MIMTLU_ent/TLU_READ/Mcount_count_cy<25>)
     MUXCY:CI->O           1   0.023   0.000  USER_LOGIC_I/MIMTLU_ent/TLU_READ/Mcount_count_cy<26> (USER_LOGIC_I/MIMTLU_ent/TLU_READ/Mcount_count_cy<26>)
     MUXCY:CI->O           1   0.023   0.000  USER_LOGIC_I/MIMTLU_ent/TLU_READ/Mcount_count_cy<27> (USER_LOGIC_I/MIMTLU_ent/TLU_READ/Mcount_count_cy<27>)
     MUXCY:CI->O           1   0.023   0.000  USER_LOGIC_I/MIMTLU_ent/TLU_READ/Mcount_count_cy<28> (USER_LOGIC_I/MIMTLU_ent/TLU_READ/Mcount_count_cy<28>)
     MUXCY:CI->O           0   0.023   0.000  USER_LOGIC_I/MIMTLU_ent/TLU_READ/Mcount_count_cy<29> (USER_LOGIC_I/MIMTLU_ent/TLU_READ/Mcount_count_cy<29>)
     XORCY:CI->O           1   0.206   0.000  USER_LOGIC_I/MIMTLU_ent/TLU_READ/Mcount_count_xor<30> (USER_LOGIC_I/MIMTLU_ent/TLU_READ/Mcount_count30)
     FDCE:D                    0.074          USER_LOGIC_I/MIMTLU_ent/TLU_READ/count_30
    ----------------------------------------
    Total                      5.122ns (2.631ns logic, 2.491ns route)
                                       (51.4% logic, 48.6% route)

=========================================================================
Timing constraint: Default OFFSET IN BEFORE for Clock 'S_AXI_ACLK'
  Total number of paths / destination ports: 124 / 80
-------------------------------------------------------------------------
Offset:              4.724ns (Levels of Logic = 4)
  Source:            S_AXI_BREADY (PAD)
  Destination:       AXI_LITE_IPIF_I/I_SLAVE_ATTACHMENT/state_FSM_FFd1 (FF)
  Destination Clock: S_AXI_ACLK rising

  Data Path: S_AXI_BREADY to AXI_LITE_IPIF_I/I_SLAVE_ATTACHMENT/state_FSM_FFd1
                                Gate     Net
    Cell:in->out      fanout   Delay   Delay  Logical Name (Net Name)
    ----------------------------------------  ------------
     IBUF:I->O             3   1.328   1.196  S_AXI_BREADY_IBUF (S_AXI_BREADY_IBUF)
     LUT5:I0->O            1   0.254   0.682  AXI_LITE_IPIF_I/I_SLAVE_ATTACHMENT/state_FSM_FFd1-In1 (AXI_LITE_IPIF_I/I_SLAVE_ATTACHMENT/state_FSM_FFd1-In1)
     LUT6:I5->O            1   0.254   0.682  AXI_LITE_IPIF_I/I_SLAVE_ATTACHMENT/state_FSM_FFd1-In2 (AXI_LITE_IPIF_I/I_SLAVE_ATTACHMENT/state_FSM_FFd1-In2)
     LUT4:I3->O            1   0.254   0.000  AXI_LITE_IPIF_I/I_SLAVE_ATTACHMENT/state_FSM_FFd1-In3 (AXI_LITE_IPIF_I/I_SLAVE_ATTACHMENT/state_FSM_FFd1-In)
     FDR:D                     0.074          AXI_LITE_IPIF_I/I_SLAVE_ATTACHMENT/state_FSM_FFd1
    ----------------------------------------
    Total                      4.724ns (2.164ns logic, 2.560ns route)
                                       (45.8% logic, 54.2% route)

=========================================================================
Timing constraint: Default OFFSET IN BEFORE for Clock 'CLOCK_Y3'
  Total number of paths / destination ports: 8 / 4
-------------------------------------------------------------------------
Offset:              3.490ns (Levels of Logic = 1)
  Source:            RESET_P (PAD)
  Destination:       USER_LOGIC_I/MIMTLU_ent/CLK_DIV/counter_2 (FF)
  Destination Clock: CLOCK_Y3 rising

  Data Path: RESET_P to USER_LOGIC_I/MIMTLU_ent/CLK_DIV/counter_2
                                Gate     Net
    Cell:in->out      fanout   Delay   Delay  Logical Name (Net Name)
    ----------------------------------------  ------------
     IBUFDS:I->O          43   1.328   1.703  USER_LOGIC_I/MIMTLU_ent/IBUFDS_RESET (USER_LOGIC_I/MIMTLU_ent/reset)
     FDC:CLR                   0.459          USER_LOGIC_I/MIMTLU_ent/CLK_DIV/counter_0
    ----------------------------------------
    Total                      3.490ns (1.787ns logic, 1.703ns route)
                                       (51.2% logic, 48.8% route)

=========================================================================
Timing constraint: Default OFFSET IN BEFORE for Clock 'USER_LOGIC_I/MIMTLU_ent/CLK_DIV/temporal'
  Total number of paths / destination ports: 145 / 73
-------------------------------------------------------------------------
Offset:              4.978ns (Levels of Logic = 2)
  Source:            RESET_P (PAD)
  Destination:       USER_LOGIC_I/MIMTLU_ent/TLU_READ/timestamp_reg_15 (FF)
  Destination Clock: USER_LOGIC_I/MIMTLU_ent/CLK_DIV/temporal rising

  Data Path: RESET_P to USER_LOGIC_I/MIMTLU_ent/TLU_READ/timestamp_reg_15
                                Gate     Net
    Cell:in->out      fanout   Delay   Delay  Logical Name (Net Name)
    ----------------------------------------  ------------
     IBUFDS:I->O          43   1.328   1.932  USER_LOGIC_I/MIMTLU_ent/IBUFDS_RESET (USER_LOGIC_I/MIMTLU_ent/reset)
     LUT3:I0->O           16   0.235   1.181  USER_LOGIC_I/MIMTLU_ent/TLU_READ/_n0162_inv1 (USER_LOGIC_I/MIMTLU_ent/TLU_READ/_n0162_inv)
     FDE:CE                    0.302          USER_LOGIC_I/MIMTLU_ent/TLU_READ/timestamp_reg_0
    ----------------------------------------
    Total                      4.978ns (1.865ns logic, 3.113ns route)
                                       (37.5% logic, 62.5% route)

=========================================================================
Timing constraint: Default OFFSET OUT AFTER for Clock 'S_AXI_ACLK'
  Total number of paths / destination ports: 36 / 21
-------------------------------------------------------------------------
Offset:              6.235ns (Levels of Logic = 2)
  Source:            AXI_LITE_IPIF_I/I_SLAVE_ATTACHMENT/I_DECODER/Bus_RNW_reg (FF)
  Destination:       S_AXI_WREADY (PAD)
  Source Clock:      S_AXI_ACLK rising

  Data Path: AXI_LITE_IPIF_I/I_SLAVE_ATTACHMENT/I_DECODER/Bus_RNW_reg to S_AXI_WREADY
                                Gate     Net
    Cell:in->out      fanout   Delay   Delay  Logical Name (Net Name)
    ----------------------------------------  ------------
     FD:C->Q              20   0.525   1.741  AXI_LITE_IPIF_I/I_SLAVE_ATTACHMENT/I_DECODER/Bus_RNW_reg (AXI_LITE_IPIF_I/I_SLAVE_ATTACHMENT/I_DECODER/Bus_RNW_reg)
     LUT6:I0->O            4   0.254   0.803  AXI_LITE_IPIF_I/I_SLAVE_ATTACHMENT/wr_done1 (S_AXI_AWREADY_OBUF)
     OBUF:I->O                 2.912          S_AXI_WREADY_OBUF (S_AXI_WREADY)
    ----------------------------------------
    Total                      6.235ns (3.691ns logic, 2.544ns route)
                                       (59.2% logic, 40.8% route)

=========================================================================
Timing constraint: Default OFFSET OUT AFTER for Clock 'USER_LOGIC_I/MIMTLU_ent/CLK_DIV/temporal'
  Total number of paths / destination ports: 14 / 6
-------------------------------------------------------------------------
Offset:              6.224ns (Levels of Logic = 2)
  Source:            USER_LOGIC_I/MIMTLU_ent/TLU_READ/state_reg_FSM_FFd1 (FF)
  Destination:       BUSY_P (PAD)
  Source Clock:      USER_LOGIC_I/MIMTLU_ent/CLK_DIV/temporal rising

  Data Path: USER_LOGIC_I/MIMTLU_ent/TLU_READ/state_reg_FSM_FFd1 to BUSY_P
                                Gate     Net
    Cell:in->out      fanout   Delay   Delay  Logical Name (Net Name)
    ----------------------------------------  ------------
     FDC:C->Q             43   0.525   1.812  USER_LOGIC_I/MIMTLU_ent/TLU_READ/state_reg_FSM_FFd1 (USER_LOGIC_I/MIMTLU_ent/TLU_READ/state_reg_FSM_FFd1)
     LUT3:I1->O            2   0.250   0.725  USER_LOGIC_I/MIMTLU_ent/TLU_READ/busy1 (BUSY_COPY_OBUF)
     OBUF:I->O                 2.912          BUSY_P_OBUF (BUSY_P)
    ----------------------------------------
    Total                      6.224ns (3.687ns logic, 2.537ns route)
                                       (59.2% logic, 40.8% route)

=========================================================================
Timing constraint: Default path analysis
  Total number of paths / destination ports: 6 / 4
-------------------------------------------------------------------------
Delay:               6.188ns (Levels of Logic = 3)
  Source:            TRIGGER_P (PAD)
  Destination:       TRIGGER_DUT (PAD)

  Data Path: TRIGGER_P to TRIGGER_DUT
                                Gate     Net
    Cell:in->out      fanout   Delay   Delay  Logical Name (Net Name)
    ----------------------------------------  ------------
     IBUFDS:I->O           4   1.328   1.032  USER_LOGIC_I/MIMTLU_ent/IBUFDS_TRIGGER (USER_LOGIC_I/MIMTLU_ent/trigger)
     LUT3:I0->O            1   0.235   0.681  USER_LOGIC_I/MIMTLU_ent/TLU_READ/Mmux_trigger_dut11 (TRIGGER_DUT_OBUF)
     OBUF:I->O                 2.912          TRIGGER_DUT_OBUF (TRIGGER_DUT)
    ----------------------------------------
    Total                      6.188ns (4.475ns logic, 1.713ns route)
                                       (72.3% logic, 27.7% route)

=========================================================================

Cross Clock Domains Report:
--------------------------

Clock to Setup on destination clock CLOCK_Y3
---------------+---------+---------+---------+---------+
               | Src:Rise| Src:Fall| Src:Rise| Src:Fall|
Source Clock   |Dest:Rise|Dest:Rise|Dest:Fall|Dest:Fall|
---------------+---------+---------+---------+---------+
CLOCK_Y3       |    1.866|         |         |         |
---------------+---------+---------+---------+---------+

Clock to Setup on destination clock S_AXI_ACLK
----------------------------------------+---------+---------+---------+---------+
                                        | Src:Rise| Src:Fall| Src:Rise| Src:Fall|
Source Clock                            |Dest:Rise|Dest:Rise|Dest:Fall|Dest:Fall|
----------------------------------------+---------+---------+---------+---------+
S_AXI_ACLK                              |    4.299|         |         |         |
USER_LOGIC_I/MIMTLU_ent/CLK_DIV/temporal|    2.034|         |         |         |
----------------------------------------+---------+---------+---------+---------+

Clock to Setup on destination clock USER_LOGIC_I/MIMTLU_ent/CLK_DIV/temporal
----------------------------------------+---------+---------+---------+---------+
                                        | Src:Rise| Src:Fall| Src:Rise| Src:Fall|
Source Clock                            |Dest:Rise|Dest:Rise|Dest:Fall|Dest:Fall|
----------------------------------------+---------+---------+---------+---------+
S_AXI_ACLK                              |    5.324|         |         |         |
USER_LOGIC_I/MIMTLU_ent/CLK_DIV/temporal|    5.122|         |         |         |
----------------------------------------+---------+---------+---------+---------+

=========================================================================


Total REAL time to Xst completion: 7.00 secs
Total CPU time to Xst completion: 7.17 secs
 
--> 

Total memory usage is 276936 kilobytes

Number of errors   :    0 (   0 filtered)
Number of warnings :   43 (   0 filtered)
Number of infos    :    5 (   0 filtered)

