ISim log file
Running: C:\Users\mbenoit\Documents\FPGA_Projects\MIMTLU\pcores\mimtlu_v1_00_a\devl\projnav\tb_isim_beh.exe -intstyle ise -gui -tclbatch isim.cmd -wdb C:/Users/mbenoit/Documents/FPGA_Projects/MIMTLU/pcores/mimtlu_v1_00_a/devl/projnav/tb_isim_beh.wdb 
ISim P.49d (signature 0x7708f090)
This is a Full version of ISim.
Time resolution is 1 ps
# onerror resume
# wave add /
# run 1000 ns
Simulator is doing circuit initialization process.
Finished circuit initialization process.
# run 1.00us
# run 1.00us
# run 1.00us
# run 1.00us
# run 1.00us
# run 1.00us
# run 1.00us
# run 1.00us
# run 1.00us
# run 1.00us
# run 100.00us
# run 100.00us
# run 100.00us
# run 100.00us
# run 100.00us
# run 100.00us
# run 100.00us
# run 100.00us
# run 100.00us
# run 100.00us
# run 100.00us
# run 100.00us
# run 100.00us
# run 100.00us
# run 100.00us
# run 100.00us
# run 100.00us
# run 100.00us
# restart
# run 100.00us
Simulator is doing circuit initialization process.
Finished circuit initialization process.
# run 100.00us
# run 100.00us
# run 100.00us
# run 100.00us
# run 100.00us
