
Release 14.4 - Simulation Model Generator Xilinx EDK 14.4 Build EDK_P.49d
 (nt64)
Copyright (c) 1995-2012 Xilinx, Inc.  All rights reserved.

Command Line: simgen -p xc6slx9csg324-2 -lang vhdl -intstyle default -pe
microblaze_0 bootloops/microblaze_0.elf -msg __xps/ise/xmsgprops.lst -s isim -tb
-X C:/Users/mbenoit/Documents/FPGA_Projects/MIMTLU/ -m behavioral system.mhs 

MHS file              : \...\Documents\FPGA_Projects\MIMTLU\system.mhs
Language (-lang)      : VHDL 
Flow (-flow)      : ISE 
Simulation Model (-m) : Behavioral
Simulator (-s)        : ISE Simulator (ISIM)
Part (-p) [ family ]  : xc6slx9csg324-2 [ spartan6 ]
External memory simulation (-external_mem_sim) : FALSE 

Output directory (-od): C:\Users\mbenoit\Documents\FPGA_Projects\MIMTLU\


Simulation Model Generator started ...

Reading MHS file ...

Reading MPD definitions ...

Overriding IP level properties ...
INFO:EDK:4130 - IPNAME: axi_intc, INSTANCE:microblaze_0_intc - tcl is overriding
   PARAMETER C_NUM_INTR_INPUTS value to 4 -
   C:\Xilinx\14.4\ISE_DS\EDK\hw\XilinxProcessorIPLib\pcores\axi_intc_v1_03_a\dat
   a\axi_intc_v2_1_0.mpd line 85 
INFO:EDK:4130 - IPNAME: microblaze, INSTANCE:microblaze_0 - tcl is overriding
   PARAMETER C_ENDIANNESS value to 1 -
   C:\Xilinx\14.4\ISE_DS\EDK\hw\XilinxProcessorIPLib\pcores\microblaze_v8_40_b\d
   ata\microblaze_v2_1_0.mpd line 196 
INFO:EDK:4130 - IPNAME: microblaze, INSTANCE:microblaze_0 - tcl is overriding
   PARAMETER C_ICACHE_USE_FSL value to 0 -
   C:\Xilinx\14.4\ISE_DS\EDK\hw\XilinxProcessorIPLib\pcores\microblaze_v8_40_b\d
   ata\microblaze_v2_1_0.mpd line 337 
INFO:EDK:4130 - IPNAME: microblaze, INSTANCE:microblaze_0 - tcl is overriding
   PARAMETER C_DCACHE_USE_FSL value to 0 -
   C:\Xilinx\14.4\ISE_DS\EDK\hw\XilinxProcessorIPLib\pcores\microblaze_v8_40_b\d
   ata\microblaze_v2_1_0.mpd line 367 
INFO:EDK:4130 - IPNAME: axi_interconnect, INSTANCE:axi4lite_0 - tcl is
   overriding PARAMETER C_BASEFAMILY value to spartan6 -
   C:\Xilinx\14.4\ISE_DS\EDK\hw\XilinxProcessorIPLib\pcores\axi_interconnect_v1_
   06_a\data\axi_interconnect_v2_1_0.mpd line 81 
INFO:EDK:4130 - IPNAME: axi_interconnect, INSTANCE:axi4_0 - tcl is overriding
   PARAMETER C_BASEFAMILY value to spartan6 -
   C:\Xilinx\14.4\ISE_DS\EDK\hw\XilinxProcessorIPLib\pcores\axi_interconnect_v1_
   06_a\data\axi_interconnect_v2_1_0.mpd line 81 
INFO:EDK:4130 - IPNAME: axi_s6_ddrx, INSTANCE:MCB3_LPDDR - tcl is overriding
   PARAMETER C_SYS_RST_PRESENT value to 1 -
   C:\Xilinx\14.4\ISE_DS\EDK\hw\XilinxProcessorIPLib\pcores\axi_s6_ddrx_v1_06_a\
   data\axi_s6_ddrx_v2_1_0.mpd line 239 

Computing clock values...
INFO:EDK:1432 - Frequency for Top-Level Input Clock 'mimtlu_0_CLOCK_Y2_pin' is
   not specified. Clock DRCs will not be performed for IPs connected to that
   clock port, unless they are connected through the clock generator IP. 

INFO:EDK:1432 - Frequency for Top-Level Input Clock 'mimtlu_0_USER_CLOCK_pin' is
   not specified. Clock DRCs will not be performed for IPs connected to that
   clock port, unless they are connected through the clock generator IP. 

INFO:EDK:1432 - Frequency for Top-Level Input Clock 'mimtlu_0_CLOCK_Y3_pin' is
   not specified. Clock DRCs will not be performed for IPs connected to that
   clock port, unless they are connected through the clock generator IP. 

INFO:EDK:740 - Cannot determine the input clock associated with port :
   microblaze_0_i_bram_ctrl:BRAM_Clk_A. Clock DRCs will not be performed on this
   core and cores connected to it. 
INFO:EDK:740 - Cannot determine the input clock associated with port :
   microblaze_0_d_bram_ctrl:BRAM_Clk_A. Clock DRCs will not be performed on this
   core and cores connected to it. 

Performing IP level DRCs on properties...

Running DRC Tcl procedures for OPTION IPLEVEL_DRC_PROC...
Address Map for Processor microblaze_0
  (0000000000-0x00001fff) microblaze_0_d_bram_ctrl	microblaze_0_dlmb
  (0000000000-0x00001fff) microblaze_0_i_bram_ctrl	microblaze_0_ilmb
  (0x40000000-0x4000ffff) LEDs_4Bits	axi4lite_0
  (0x40020000-0x4002ffff) DIP_Switches_4Bits	axi4lite_0
  (0x40600000-0x4060ffff) USB_Uart	axi4lite_0
  (0x40e00000-0x40e0ffff) Ethernet_MAC	axi4lite_0
  (0x41200000-0x4120ffff) microblaze_0_intc	axi4lite_0
  (0x41400000-0x4140ffff) debug_module	axi4lite_0
  (0x41c00000-0x41c0ffff) axi_timer_0	axi4lite_0
  (0x75000000-0x7500ffff) mimtlu_0	axi4lite_0
  (0xa4000000-0xa7ffffff) MCB3_LPDDR	axi4_0
INFO:EDK:4087 - IPNAME: axi_ethernetlite, INSTANCE: Ethernet_MAC - This design
   requires design constraints to guarantee performance.
   Please refer to the data sheet for details.  
   The AXI clock frequency must be greater than or equal to 50 MHz for 100 Mbs
   Ethernet operation and greater than or equal to 5.0 MHz for 10 Mbs Ethernet
   operation. - C:\Users\mbenoit\Documents\FPGA_Projects\MIMTLU\system.mhs line
   286
INFO:EDK:4130 - IPNAME: lmb_v10, INSTANCE:microblaze_0_ilmb - tool is overriding
   PARAMETER C_LMB_NUM_SLAVES value to 1 -
   C:\Xilinx\14.4\ISE_DS\EDK\hw\XilinxProcessorIPLib\pcores\lmb_v10_v2_00_b\data
   \lmb_v10_v2_1_0.mpd line 82 
INFO:EDK:4130 - IPNAME: lmb_v10, INSTANCE:microblaze_0_dlmb - tool is overriding
   PARAMETER C_LMB_NUM_SLAVES value to 1 -
   C:\Xilinx\14.4\ISE_DS\EDK\hw\XilinxProcessorIPLib\pcores\lmb_v10_v2_00_b\data
   \lmb_v10_v2_1_0.mpd line 82 
INFO:EDK:4130 - IPNAME: bram_block, INSTANCE:microblaze_0_bram_block - tool is
   overriding PARAMETER C_MEMSIZE value to 0x2000 -
   C:\Xilinx\14.4\ISE_DS\EDK\hw\XilinxProcessorIPLib\pcores\bram_block_v1_00_a\d
   ata\bram_block_v2_1_0.mpd line 78 

Checking platform address map ...

Checking platform configuration ...
IPNAME: lmb_v10, INSTANCE: microblaze_0_ilmb - 1 master(s) : 1 slave(s) 
IPNAME: lmb_v10, INSTANCE: microblaze_0_dlmb - 1 master(s) : 1 slave(s) 
IPNAME: axi_interconnect, INSTANCE: axi4lite_0 - 1 master(s) : 8 slave(s) 
IPNAME: axi_interconnect, INSTANCE: axi4_0 - 2 master(s) : 1 slave(s) 

Checking port drivers...
WARNING:EDK:4180 - PORT: Interrupt_address_in, CONNECTOR:
   microblaze_0_interrupt_Interrupt_address_in - No driver found. Port will be
   driven to GND -
   C:\Xilinx\14.4\ISE_DS\EDK\hw\XilinxProcessorIPLib\pcores\axi_intc_v1_03_a\dat
   a\axi_intc_v2_1_0.mpd line 130 
WARNING:EDK:4181 - PORT: mimtlu_0_CLOCK_Y2_pin, CONNECTOR: mimtlu_0_CLOCK_Y2 -
   floating connection -
   C:\Users\mbenoit\Documents\FPGA_Projects\MIMTLU\system.mhs line 47 
WARNING:EDK:4181 - PORT: Processor_ack_out, CONNECTOR:
   microblaze_0_interrupt_Processor_ack_out - floating connection -
   C:\Xilinx\14.4\ISE_DS\EDK\hw\XilinxProcessorIPLib\pcores\axi_intc_v1_03_a\dat
   a\axi_intc_v2_1_0.mpd line 131 

Performing Clock DRCs...

Performing Reset DRCs...

Overriding system level properties...
INFO:EDK:4130 - IPNAME: axi_intc, INSTANCE:microblaze_0_intc - tcl is overriding
   PARAMETER C_KIND_OF_INTR value to 0b11111111111111111111111111110110 -
   C:\Xilinx\14.4\ISE_DS\EDK\hw\XilinxProcessorIPLib\pcores\axi_intc_v1_03_a\dat
   a\axi_intc_v2_1_0.mpd line 86 
INFO:EDK:4130 - IPNAME: axi_intc, INSTANCE:microblaze_0_intc - tcl is overriding
   PARAMETER C_KIND_OF_EDGE value to 0b11111111111111111111111111111111 -
   C:\Xilinx\14.4\ISE_DS\EDK\hw\XilinxProcessorIPLib\pcores\axi_intc_v1_03_a\dat
   a\axi_intc_v2_1_0.mpd line 87 
INFO:EDK:4130 - IPNAME: axi_intc, INSTANCE:microblaze_0_intc - tcl is overriding
   PARAMETER C_KIND_OF_LVL value to 0b11111111111111111111111111111111 -
   C:\Xilinx\14.4\ISE_DS\EDK\hw\XilinxProcessorIPLib\pcores\axi_intc_v1_03_a\dat
   a\axi_intc_v2_1_0.mpd line 88 
INFO:EDK:4130 - IPNAME: lmb_bram_if_cntlr, INSTANCE:microblaze_0_i_bram_ctrl -
   tcl is overriding PARAMETER C_MASK value to 0x44000000 -
   C:\Xilinx\14.4\ISE_DS\EDK\hw\XilinxProcessorIPLib\pcores\lmb_bram_if_cntlr_v3
   _10_c\data\lmb_bram_if_cntlr_v2_1_0.mpd line 92 
INFO:EDK:4130 - IPNAME: lmb_bram_if_cntlr, INSTANCE:microblaze_0_d_bram_ctrl -
   tcl is overriding PARAMETER C_MASK value to 0x44000000 -
   C:\Xilinx\14.4\ISE_DS\EDK\hw\XilinxProcessorIPLib\pcores\lmb_bram_if_cntlr_v3
   _10_c\data\lmb_bram_if_cntlr_v2_1_0.mpd line 92 
INFO:EDK:4130 - IPNAME: microblaze, INSTANCE:microblaze_0 - tcl is overriding
   PARAMETER C_D_AXI value to 1 -
   C:\Xilinx\14.4\ISE_DS\EDK\hw\XilinxProcessorIPLib\pcores\microblaze_v8_40_b\d
   ata\microblaze_v2_1_0.mpd line 230 
INFO:EDK:4130 - IPNAME: microblaze, INSTANCE:microblaze_0 - tcl is overriding
   PARAMETER C_ADDR_TAG_BITS value to 12 -
   C:\Xilinx\14.4\ISE_DS\EDK\hw\XilinxProcessorIPLib\pcores\microblaze_v8_40_b\d
   ata\microblaze_v2_1_0.mpd line 335 
INFO:EDK:4130 - IPNAME: microblaze, INSTANCE:microblaze_0 - tcl is overriding
   PARAMETER C_DCACHE_ADDR_TAG value to 12 -
   C:\Xilinx\14.4\ISE_DS\EDK\hw\XilinxProcessorIPLib\pcores\microblaze_v8_40_b\d
   ata\microblaze_v2_1_0.mpd line 365 
INFO:EDK:4130 - IPNAME: microblaze, INSTANCE:microblaze_0 - tcl is overriding
   PARAMETER C_USE_INTERRUPT value to 1 -
   C:\Xilinx\14.4\ISE_DS\EDK\hw\XilinxProcessorIPLib\pcores\microblaze_v8_40_b\d
   ata\microblaze_v2_1_0.mpd line 399 
INFO:EDK:4130 - IPNAME: microblaze, INSTANCE:microblaze_0 - tcl is overriding
   PARAMETER C_USE_EXT_BRK value to 1 -
   C:\Xilinx\14.4\ISE_DS\EDK\hw\XilinxProcessorIPLib\pcores\microblaze_v8_40_b\d
   ata\microblaze_v2_1_0.mpd line 400 
INFO:EDK:4130 - IPNAME: microblaze, INSTANCE:microblaze_0 - tcl is overriding
   PARAMETER C_USE_EXT_NM_BRK value to 1 -
   C:\Xilinx\14.4\ISE_DS\EDK\hw\XilinxProcessorIPLib\pcores\microblaze_v8_40_b\d
   ata\microblaze_v2_1_0.mpd line 401 

INFO: Setting C_RANGE_CHECK = ON for axi_interconnect axi4lite_0.
INFO:EDK:4130 - IPNAME: axi_interconnect, INSTANCE:axi4lite_0 - tcl is
   overriding PARAMETER C_RANGE_CHECK value to 1 -
   C:\Xilinx\14.4\ISE_DS\EDK\hw\XilinxProcessorIPLib\pcores\axi_interconnect_v1_
   06_a\data\axi_interconnect_v2_1_0.mpd line 149 

INFO: Setting C_RANGE_CHECK = OFF for axi_interconnect axi4_0; no DECERR
checking will be performed.
INFO:EDK:4130 - IPNAME: axi_interconnect, INSTANCE:axi4_0 - tcl is overriding
   PARAMETER C_RANGE_CHECK value to 0 -
   C:\Xilinx\14.4\ISE_DS\EDK\hw\XilinxProcessorIPLib\pcores\axi_interconnect_v1_
   06_a\data\axi_interconnect_v2_1_0.mpd line 149 
INFO:EDK:4130 - IPNAME: axi_s6_ddrx, INSTANCE:MCB3_LPDDR - tcl is overriding
   PARAMETER C_MEMCLK_PERIOD value to 5000 -
   C:\Xilinx\14.4\ISE_DS\EDK\hw\XilinxProcessorIPLib\pcores\axi_s6_ddrx_v1_06_a\
   data\axi_s6_ddrx_v2_1_0.mpd line 121 
INFO:EDK:4130 - IPNAME: axi_s6_ddrx, INSTANCE:MCB3_LPDDR - tcl is overriding
   PARAMETER C_S1_AXI_REG_EN0 value to 0x0000F -
   C:\Xilinx\14.4\ISE_DS\EDK\hw\XilinxProcessorIPLib\pcores\axi_s6_ddrx_v1_06_a\
   data\axi_s6_ddrx_v2_1_0.mpd line 176 
INFO:EDK:4130 - IPNAME: axi_s6_ddrx, INSTANCE:MCB3_LPDDR - tcl is overriding
   PARAMETER C_S2_AXI_REG_EN0 value to 0x0000F -
   C:\Xilinx\14.4\ISE_DS\EDK\hw\XilinxProcessorIPLib\pcores\axi_s6_ddrx_v1_06_a\
   data\axi_s6_ddrx_v2_1_0.mpd line 190 
INFO:EDK:4130 - IPNAME: axi_s6_ddrx, INSTANCE:MCB3_LPDDR - tcl is overriding
   PARAMETER C_S3_AXI_REG_EN0 value to 0x0000F -
   C:\Xilinx\14.4\ISE_DS\EDK\hw\XilinxProcessorIPLib\pcores\axi_s6_ddrx_v1_06_a\
   data\axi_s6_ddrx_v2_1_0.mpd line 204 
INFO:EDK:4130 - IPNAME: axi_s6_ddrx, INSTANCE:MCB3_LPDDR - tcl is overriding
   PARAMETER C_S4_AXI_REG_EN0 value to 0x0000F -
   C:\Xilinx\14.4\ISE_DS\EDK\hw\XilinxProcessorIPLib\pcores\axi_s6_ddrx_v1_06_a\
   data\axi_s6_ddrx_v2_1_0.mpd line 218 
INFO:EDK:4130 - IPNAME: axi_s6_ddrx, INSTANCE:MCB3_LPDDR - tcl is overriding
   PARAMETER C_S5_AXI_REG_EN0 value to 0x0000F -
   C:\Xilinx\14.4\ISE_DS\EDK\hw\XilinxProcessorIPLib\pcores\axi_s6_ddrx_v1_06_a\
   data\axi_s6_ddrx_v2_1_0.mpd line 232 

Running system level update procedures...

Running UPDATE Tcl procedures for OPTION SYSLEVEL_UPDATE_PROC...
Invoking MIG ...
MIG returned 0

Running system level DRCs...

Performing System level DRCs on properties...

Running DRC Tcl procedures for OPTION SYSLEVEL_DRC_PROC...
INTC INFO:: Processor_clk not connected.. IRQ to Microblaze is generated on AXI
clock.
Port present in Ethernet_MAC

Running UPDATE Tcl procedures for OPTION SIMGEN_SYSLEVEL_UPDATE_PROC...

Elaborating instances ...
IPNAME:bram_block INSTANCE:microblaze_0_bram_block -
C:\Users\mbenoit\Documents\FPGA_Projects\MIMTLU\system.mhs line 112 -
elaborating IP
IPNAME:clock_generator INSTANCE:clock_generator_0 -
C:\Users\mbenoit\Documents\FPGA_Projects\MIMTLU\system.mhs line 164 -
elaborating IP
ClkGen elaborate status: PASSED
----------------------------------------
----------------------------------------

Generating simulation files ...

Writing HDL for elaborated instances ...

Inserting wrapper level ...

Constructing platform-level signal connectivity ...

Writing HDL ...

Writing BMM ...

Writing memory initialization files ...

Generating Memory Initialization Files ...

Overriding IP level properties ...
INFO:EDK:4130 - IPNAME: axi_intc, INSTANCE:microblaze_0_intc - tcl is overriding
   PARAMETER C_NUM_INTR_INPUTS value to 4 -
   C:\Xilinx\14.4\ISE_DS\EDK\hw\XilinxProcessorIPLib\pcores\axi_intc_v1_03_a\dat
   a\axi_intc_v2_1_0.mpd line 85 
INFO:EDK:4130 - IPNAME: microblaze, INSTANCE:microblaze_0 - tcl is overriding
   PARAMETER C_ENDIANNESS value to 1 -
   C:\Xilinx\14.4\ISE_DS\EDK\hw\XilinxProcessorIPLib\pcores\microblaze_v8_40_b\d
   ata\microblaze_v2_1_0.mpd line 196 
INFO:EDK:4130 - IPNAME: microblaze, INSTANCE:microblaze_0 - tcl is overriding
   PARAMETER C_ICACHE_USE_FSL value to 0 -
   C:\Xilinx\14.4\ISE_DS\EDK\hw\XilinxProcessorIPLib\pcores\microblaze_v8_40_b\d
   ata\microblaze_v2_1_0.mpd line 337 
INFO:EDK:4130 - IPNAME: microblaze, INSTANCE:microblaze_0 - tcl is overriding
   PARAMETER C_DCACHE_USE_FSL value to 0 -
   C:\Xilinx\14.4\ISE_DS\EDK\hw\XilinxProcessorIPLib\pcores\microblaze_v8_40_b\d
   ata\microblaze_v2_1_0.mpd line 367 
INFO:EDK:4130 - IPNAME: axi_interconnect, INSTANCE:axi4lite_0 - tcl is
   overriding PARAMETER C_BASEFAMILY value to spartan6 -
   C:\Xilinx\14.4\ISE_DS\EDK\hw\XilinxProcessorIPLib\pcores\axi_interconnect_v1_
   06_a\data\axi_interconnect_v2_1_0.mpd line 81 
INFO:EDK:4130 - IPNAME: axi_interconnect, INSTANCE:axi4_0 - tcl is overriding
   PARAMETER C_BASEFAMILY value to spartan6 -
   C:\Xilinx\14.4\ISE_DS\EDK\hw\XilinxProcessorIPLib\pcores\axi_interconnect_v1_
   06_a\data\axi_interconnect_v2_1_0.mpd line 81 
INFO:EDK:4130 - IPNAME: axi_s6_ddrx, INSTANCE:MCB3_LPDDR - tcl is overriding
   PARAMETER C_SYS_RST_PRESENT value to 1 -
   C:\Xilinx\14.4\ISE_DS\EDK\hw\XilinxProcessorIPLib\pcores\axi_s6_ddrx_v1_06_a\
   data\axi_s6_ddrx_v2_1_0.mpd line 239 

Computing clock values...
INFO:EDK:1432 - Frequency for Top-Level Input Clock 'mimtlu_0_CLOCK_Y2_pin' is
   not specified. Clock DRCs will not be performed for IPs connected to that
   clock port, unless they are connected through the clock generator IP. 

INFO:EDK:1432 - Frequency for Top-Level Input Clock 'mimtlu_0_USER_CLOCK_pin' is
   not specified. Clock DRCs will not be performed for IPs connected to that
   clock port, unless they are connected through the clock generator IP. 

INFO:EDK:1432 - Frequency for Top-Level Input Clock 'mimtlu_0_CLOCK_Y3_pin' is
   not specified. Clock DRCs will not be performed for IPs connected to that
   clock port, unless they are connected through the clock generator IP. 

INFO:EDK:740 - Cannot determine the input clock associated with port :
   microblaze_0_i_bram_ctrl:BRAM_Clk_A. Clock DRCs will not be performed on this
   core and cores connected to it. 
INFO:EDK:740 - Cannot determine the input clock associated with port :
   microblaze_0_d_bram_ctrl:BRAM_Clk_A. Clock DRCs will not be performed on this
   core and cores connected to it. 
Address Map for Processor microblaze_0
  (0000000000-0x00001fff) microblaze_0_d_bram_ctrl	microblaze_0_dlmb
  (0000000000-0x00001fff) microblaze_0_i_bram_ctrl	microblaze_0_ilmb
  (0x40000000-0x4000ffff) LEDs_4Bits	axi4lite_0
  (0x40020000-0x4002ffff) DIP_Switches_4Bits	axi4lite_0
  (0x40600000-0x4060ffff) USB_Uart	axi4lite_0
  (0x40e00000-0x40e0ffff) Ethernet_MAC	axi4lite_0
  (0x41200000-0x4120ffff) microblaze_0_intc	axi4lite_0
  (0x41400000-0x4140ffff) debug_module	axi4lite_0
  (0x41c00000-0x41c0ffff) axi_timer_0	axi4lite_0
  (0x75000000-0x7500ffff) mimtlu_0	axi4lite_0
  (0xa4000000-0xa7ffffff) MCB3_LPDDR	axi4_0
INFO:EDK:4087 - IPNAME: axi_ethernetlite, INSTANCE: Ethernet_MAC - This design
   requires design constraints to guarantee performance.
   Please refer to the data sheet for details.  
   The AXI clock frequency must be greater than or equal to 50 MHz for 100 Mbs
   Ethernet operation and greater than or equal to 5.0 MHz for 10 Mbs Ethernet
   operation. - C:\Users\mbenoit\Documents\FPGA_Projects\MIMTLU\system.mhs line
   286
INFO:EDK:4130 - IPNAME: lmb_v10, INSTANCE:microblaze_0_ilmb - tool is overriding
   PARAMETER C_LMB_NUM_SLAVES value to 1 -
   C:\Xilinx\14.4\ISE_DS\EDK\hw\XilinxProcessorIPLib\pcores\lmb_v10_v2_00_b\data
   \lmb_v10_v2_1_0.mpd line 82 
INFO:EDK:4130 - IPNAME: lmb_v10, INSTANCE:microblaze_0_dlmb - tool is overriding
   PARAMETER C_LMB_NUM_SLAVES value to 1 -
   C:\Xilinx\14.4\ISE_DS\EDK\hw\XilinxProcessorIPLib\pcores\lmb_v10_v2_00_b\data
   \lmb_v10_v2_1_0.mpd line 82 
INFO:EDK:4130 - IPNAME: bram_block, INSTANCE:microblaze_0_bram_block - tool is
   overriding PARAMETER C_MEMSIZE value to 0x2000 -
   C:\Xilinx\14.4\ISE_DS\EDK\hw\XilinxProcessorIPLib\pcores\bram_block_v1_00_a\d
   ata\bram_block_v2_1_0.mpd line 78 

Checking platform address map ...
Running Data2Mem with the following command:
data2mem -bm "system_sim.bmm"  -bd
"C:\Users\mbenoit\Documents\FPGA_Projects\MIMTLU\bootloops\microblaze_0.elf" tag
microblaze_0  -bx
C:\Users\mbenoit\Documents\FPGA_Projects\MIMTLU\simulation\behavioral -u   -p
xc6slx9csg324-2 

Generating simulator compile script ...

Generating simulator helper scripts ...
Simulation Model Generator done!

